<?xml version="1.0" encoding="UTF-8"?>
<!-- Generated by org.testng.reporters.JUnitReportReporter -->
<testsuite hostname="DESKTOP-D19U8M5" name="tests.PM_VirtualExtension_Test" tests="14" failures="0" timestamp="21 Jan 2020 06:44:10 GMT" time="623.250" errors="2">
  <testcase name="test_createUser_with_virtualExtension" time="49.722" classname="tests.PM_VirtualExtension_Test"/>
  <testcase name="test_editUser_Assign_New_VirtualExtension" time="54.073" classname="tests.PM_VirtualExtension_Test"/>
  <testcase name="test_editUserAssign_Existing_VirtualExtension" time="47.355" classname="tests.PM_VirtualExtension_Test"/>
  <testcase name="test_delete_multiple_virtual_extension" time="36.378" classname="tests.PM_VirtualExtension_Test"/>
  <testcase name="test_create_virtual_extension" time="36.151" classname="tests.PM_VirtualExtension_Test"/>
  <testcase name="test_createUserAssign_Existing_VirtualExtension" time="42.479" classname="tests.PM_VirtualExtension_Test"/>
  <testcase name="test_editToSetFirst_LastNames_virtualExt" time="42.591" classname="tests.PM_VirtualExtension_Test"/>
  <testcase name="test_edit_virtual_extension_CSP" time="40.577" classname="tests.PM_VirtualExtension_Test">
    <error type="org.openqa.selenium.NoSuchElementException" message="Cannot locate option with index: 1
For documentation on this error, please visit: https://www.seleniumhq.org/exceptions/no_such_element.html
Build info: version: &#039;3.141.59&#039;, revision: &#039;e82be7d358&#039;, time: &#039;2018-11-14T08:17:03&#039;
System info: host: &#039;DESKTOP-D19U8M5&#039;, ip: &#039;10.211.163.181&#039;, os.name: &#039;Windows 10&#039;, os.arch: &#039;amd64&#039;, os.version: &#039;10.0&#039;, java.version: &#039;1.8.0_181&#039;
Driver info: driver.version: unknown">
      <![CDATA[org.openqa.selenium.NoSuchElementException: Cannot locate option with index: 1
For documentation on this error, please visit: https://www.seleniumhq.org/exceptions/no_such_element.html
Build info: version: '3.141.59', revision: 'e82be7d358', time: '2018-11-14T08:17:03'
System info: host: 'DESKTOP-D19U8M5', ip: '10.211.163.181', os.name: 'Windows 10', os.arch: 'amd64', os.version: '10.0', java.version: '1.8.0_181'
Driver info: driver.version: unknown
	at org.openqa.selenium.support.ui.Select.setSelectedByIndex(Select.java:297)
	at org.openqa.selenium.support.ui.Select.selectByIndex(Select.java:172)
	at utilities.SelectDropDownValue.selectByIndex(SelectDropDownValue.java:12)
	at tests.PM_VirtualExtension_Test.test_edit_virtual_extension_CSP(PM_VirtualExtension_Test.java:262)
	at sun.reflect.NativeMethodAccessorImpl.invoke0(Native Method)
	at sun.reflect.NativeMethodAccessorImpl.invoke(NativeMethodAccessorImpl.java:62)
	at sun.reflect.DelegatingMethodAccessorImpl.invoke(DelegatingMethodAccessorImpl.java:43)
	at java.lang.reflect.Method.invoke(Method.java:498)
	at org.testng.internal.MethodInvocationHelper.invokeMethod(MethodInvocationHelper.java:100)
	at org.testng.internal.Invoker.invokeMethod(Invoker.java:646)
	at org.testng.internal.Invoker.invokeTestMethod(Invoker.java:811)
	at org.testng.internal.Invoker.invokeTestMethods(Invoker.java:1129)
	at org.testng.internal.TestMethodWorker.invokeTestMethods(TestMethodWorker.java:129)
	at org.testng.internal.TestMethodWorker.run(TestMethodWorker.java:112)
	at org.testng.TestRunner.privateRun(TestRunner.java:746)
	at org.testng.TestRunner.run(TestRunner.java:600)
	at org.testng.SuiteRunner.runTest(SuiteRunner.java:366)
	at org.testng.SuiteRunner.runSequentially(SuiteRunner.java:361)
	at org.testng.SuiteRunner.privateRun(SuiteRunner.java:319)
	at org.testng.SuiteRunner.run(SuiteRunner.java:268)
	at org.testng.SuiteRunnerWorker.runSuite(SuiteRunnerWorker.java:52)
	at org.testng.SuiteRunnerWorker.run(SuiteRunnerWorker.java:86)
	at org.testng.TestNG.runSuitesSequentially(TestNG.java:1264)
	at org.testng.TestNG.runSuitesLocally(TestNG.java:1189)
	at org.testng.TestNG.runSuites(TestNG.java:1104)
	at org.testng.TestNG.run(TestNG.java:1076)
	at org.testng.remote.AbstractRemoteTestNG.run(AbstractRemoteTestNG.java:126)
	at org.testng.remote.RemoteTestNG.initAndRun(RemoteTestNG.java:152)
	at org.testng.remote.RemoteTestNG.main(RemoteTestNG.java:57)
]]>
    </error>
  </testcase> <!-- test_edit_virtual_extension_CSP -->
  <testcase name="test_delete_virtual_extension" time="42.784" classname="tests.PM_VirtualExtension_Test"/>
  <testcase name="test_editToConfigureHotLineNumber_Virtual" time="3.320" classname="tests.PM_VirtualExtension_Test">
    <error type="org.testng.TestNGException" message="
Data Provider public java.lang.Object[] tests.PM_VirtualExtension_Test.getHotLineData() must return either Object[][] or Iterator&lt;Object&gt;[], not class [Ljava.lang.Object;">
      <![CDATA[org.testng.TestNGException: 
Data Provider public java.lang.Object[] tests.PM_VirtualExtension_Test.getHotLineData() must return either Object[][] or Iterator<Object>[], not class [Ljava.lang.Object;
	at org.testng.internal.MethodInvocationHelper.invokeDataProvider(MethodInvocationHelper.java:115)
	at org.testng.internal.Parameters.handleParameters(Parameters.java:429)
	at org.testng.internal.Invoker.handleParameters(Invoker.java:1240)
	at org.testng.internal.Invoker.createParameters(Invoker.java:980)
	at org.testng.internal.Invoker.invokeTestMethods(Invoker.java:1070)
	at org.testng.internal.TestMethodWorker.invokeTestMethods(TestMethodWorker.java:129)
	at org.testng.internal.TestMethodWorker.run(TestMethodWorker.java:112)
	at org.testng.TestRunner.privateRun(TestRunner.java:746)
	at org.testng.TestRunner.run(TestRunner.java:600)
	at org.testng.SuiteRunner.runTest(SuiteRunner.java:366)
	at org.testng.SuiteRunner.runSequentially(SuiteRunner.java:361)
	at org.testng.SuiteRunner.privateRun(SuiteRunner.java:319)
	at org.testng.SuiteRunner.run(SuiteRunner.java:268)
	at org.testng.SuiteRunnerWorker.runSuite(SuiteRunnerWorker.java:52)
	at org.testng.SuiteRunnerWorker.run(SuiteRunnerWorker.java:86)
	at org.testng.TestNG.runSuitesSequentially(TestNG.java:1264)
	at org.testng.TestNG.runSuitesLocally(TestNG.java:1189)
	at org.testng.TestNG.runSuites(TestNG.java:1104)
	at org.testng.TestNG.run(TestNG.java:1076)
	at org.testng.remote.AbstractRemoteTestNG.run(AbstractRemoteTestNG.java:126)
	at org.testng.remote.RemoteTestNG.initAndRun(RemoteTestNG.java:152)
	at org.testng.remote.RemoteTestNG.main(RemoteTestNG.java:57)
]]>
    </error>
  </testcase> <!-- test_editToConfigureHotLineNumber_Virtual -->
  <testcase name="test_create_virtual_extension_usingTemplate" time="47.291" classname="tests.PM_VirtualExtension_Test"/>
  <testcase name="test_editUserToRemove_VirtualExtension" time="72.176" classname="tests.PM_VirtualExtension_Test"/>
  <testcase name="test_createUserWith_Extesnsion_Using_VirtualTemplate" time="62.267" classname="tests.PM_VirtualExtension_Test"/>
  <testcase name="test_configureParallel_ringing_to_VirtualExt" time="46.086" classname="tests.PM_VirtualExtension_Test"/>
</testsuite> <!-- tests.PM_VirtualExtension_Test -->
