<?xml version="1.0" encoding="UTF-8"?>
<!-- Generated by org.testng.reporters.JUnitXMLReporter -->
<testsuite hostname="IN-7SMH5H2" ignored="0" name="Command line test" tests="1" failures="0" timestamp="05 Aug 2019 13:59:56 GMT" time="0.129" errors="0">
  <testcase name="@BeforeClass beforeClass" time="0.0" classname="base.ConfigClass">
    <failure type="org.testng.TestNGException" message="
Parameter &amp;apos;browser&amp;apos; is required by BeforeClass on method beforeClass but has not been marked @Optional or defined
">
      <![CDATA[org.testng.TestNGException: 
Parameter 'browser' is required by BeforeClass on method beforeClass but has not been marked @Optional or defined

... Removed 32 stack frames]]>
    </failure>
  </testcase> <!-- @BeforeClass beforeClass -->
  <testcase name="@BeforeMethod beforeMethod" time="0.0" classname="base.ConfigClass">
    <skipped/>
  </testcase> <!-- @BeforeMethod beforeMethod -->
  <testcase name="@AfterMethod afterMethod" time="0.0" classname="base.ConfigClass">
    <skipped/>
  </testcase> <!-- @AfterMethod afterMethod -->
  <testcase name="@AfterClass afterClass" time="0.0" classname="base.ConfigClass">
    <skipped/>
  </testcase> <!-- @AfterClass afterClass -->
  <testcase name="myTest" time="0.0" classname="tests.FirstTest">
    <skipped/>
  </testcase> <!-- myTest -->
</testsuite> <!-- Command line test -->
