<?xml version="1.0" encoding="UTF-8"?>
<!-- Generated by org.testng.reporters.JUnitXMLReporter -->
<testsuite hostname="IN-7SMH5H2" ignored="21" name="Default test(failed)" tests="3" failures="3" timestamp="17 Oct 2019 05:27:04 GMT" time="571.394" errors="0">
  <testcase name="test_edit_micollab_Role_from_entry_to_basic" time="156.519" classname="tests.PM_Micollab_Test">
    <failure type="java.lang.AssertionError" message="expected [Basic User] but found [UCC (V4.0) Entry]">
      <![CDATA[java.lang.AssertionError: expected [Basic User] but found [UCC (V4.0) Entry]
at tests.PM_Micollab_Test.test_edit_micollab_Role_from_entry_to_basic(PM_Micollab_Test.java:3393)
... Removed 31 stack frames]]>
    </failure>
  </testcase> <!-- test_edit_micollab_Role_from_entry_to_basic -->
  <testcase name="test_edit_micollab_Role_from_premium_to_basic" time="123.115" classname="tests.PM_Micollab_Test">
    <failure type="org.openqa.selenium.NoSuchElementException" message="no such element: Unable to locate element: {&amp;quot;method&amp;quot;:&amp;quot;xpath&amp;quot;,&amp;quot;selector&amp;quot;:&amp;quot;//select[@name=&amp;apos;ucaService.featureProfileID&amp;apos;]/option[@selected=&amp;apos;selected&amp;apos;]&amp;quot;}
  (Session info: chrome=77.0.3865.90)
For documentation on this error, please visit: https://www.seleniumhq.org/exceptions/no_such_element.html
Build info: version: &amp;apos;3.141.59&amp;apos;, revision: &amp;apos;e82be7d358&amp;apos;, time: &amp;apos;2018-11-14T08:17:03&amp;apos;
System info: host: &amp;apos;IN-7SMH5H2&amp;apos;, ip: &amp;apos;172.25.109.193&amp;apos;, os.name: &amp;apos;Windows 10&amp;apos;, os.arch: &amp;apos;amd64&amp;apos;, os.version: &amp;apos;10.0&amp;apos;, java.version: &amp;apos;1.8.0_181&amp;apos;
Driver info: org.openqa.selenium.chrome.ChromeDriver
Capabilities {acceptInsecureCerts: false, browserName: chrome, browserVersion: 77.0.3865.90, chrome: {chromedriverVersion: 77.0.3865.40 (f484704e052e0..., userDataDir: C:\Users\mallikar\AppData\L...}, goog:chromeOptions: {debuggerAddress: localhost:4512}, javascriptEnabled: true, networkConnectionEnabled: false, pageLoadStrategy: normal, platform: XP, platformName: XP, proxy: Proxy(), setWindowRect: true, strictFileInteractability: false, timeouts: {implicit: 0, pageLoad: 300000, script: 30000}, unhandledPromptBehavior: dismiss and notify}
Session ID: c0f3c3acdcb64d9352714ae0624b9f2f
*** Element info: {Using=xpath, value=//select[@name=&amp;apos;ucaService.featureProfileID&amp;apos;]/option[@selected=&amp;apos;selected&amp;apos;]}">
      <![CDATA[org.openqa.selenium.NoSuchElementException: no such element: Unable to locate element: {"method":"xpath","selector":"//select[@name='ucaService.featureProfileID']/option[@selected='selected']"}
  (Session info: chrome=77.0.3865.90)
For documentation on this error, please visit: https://www.seleniumhq.org/exceptions/no_such_element.html
Build info: version: '3.141.59', revision: 'e82be7d358', time: '2018-11-14T08:17:03'
System info: host: 'IN-7SMH5H2', ip: '172.25.109.193', os.name: 'Windows 10', os.arch: 'amd64', os.version: '10.0', java.version: '1.8.0_181'
Driver info: org.openqa.selenium.chrome.ChromeDriver
Capabilities {acceptInsecureCerts: false, browserName: chrome, browserVersion: 77.0.3865.90, chrome: {chromedriverVersion: 77.0.3865.40 (f484704e052e0..., userDataDir: C:\Users\mallikar\AppData\L...}, goog:chromeOptions: {debuggerAddress: localhost:4512}, javascriptEnabled: true, networkConnectionEnabled: false, pageLoadStrategy: normal, platform: XP, platformName: XP, proxy: Proxy(), setWindowRect: true, strictFileInteractability: false, timeouts: {implicit: 0, pageLoad: 300000, script: 30000}, unhandledPromptBehavior: dismiss and notify}
Session ID: c0f3c3acdcb64d9352714ae0624b9f2f
*** Element info: {Using=xpath, value=//select[@name='ucaService.featureProfileID']/option[@selected='selected']}
at org.openqa.selenium.remote.http.W3CHttpResponseCodec.createException(W3CHttpResponseCodec.java:187)
at org.openqa.selenium.remote.http.W3CHttpResponseCodec.decode(W3CHttpResponseCodec.java:122)
at org.openqa.selenium.remote.http.W3CHttpResponseCodec.decode(W3CHttpResponseCodec.java:49)
at org.openqa.selenium.remote.HttpCommandExecutor.execute(HttpCommandExecutor.java:158)
at org.openqa.selenium.remote.service.DriverCommandExecutor.execute(DriverCommandExecutor.java:83)
at org.openqa.selenium.remote.RemoteWebDriver.execute(RemoteWebDriver.java:552)
at org.openqa.selenium.remote.RemoteWebDriver.findElement(RemoteWebDriver.java:323)
at org.openqa.selenium.remote.RemoteWebDriver.findElementByXPath(RemoteWebDriver.java:428)
at org.openqa.selenium.By$ByXPath.findElement(By.java:353)
at org.openqa.selenium.remote.RemoteWebDriver.findElement(RemoteWebDriver.java:315)
at tests.PM_Micollab_Test.test_edit_micollab_Role_from_premium_to_basic(PM_Micollab_Test.java:5069)
... Removed 29 stack frames]]>
    </failure>
  </testcase> <!-- test_edit_micollab_Role_from_premium_to_basic -->
  <testcase name="test_edit_micollab_Role_from_standard_to_basic" time="274.507" classname="tests.PM_Micollab_Test">
    <failure type="org.openqa.selenium.WebDriverException" message="unknown error: unhandled inspector error: {&amp;quot;code&amp;quot;:-32000,&amp;quot;message&amp;quot;:&amp;quot;Cannot find context with specified id&amp;quot;}
  (Session info: chrome=77.0.3865.90)
Build info: version: &amp;apos;3.141.59&amp;apos;, revision: &amp;apos;e82be7d358&amp;apos;, time: &amp;apos;2018-11-14T08:17:03&amp;apos;
System info: host: &amp;apos;IN-7SMH5H2&amp;apos;, ip: &amp;apos;172.25.109.193&amp;apos;, os.name: &amp;apos;Windows 10&amp;apos;, os.arch: &amp;apos;amd64&amp;apos;, os.version: &amp;apos;10.0&amp;apos;, java.version: &amp;apos;1.8.0_181&amp;apos;
Driver info: org.openqa.selenium.chrome.ChromeDriver
Capabilities {acceptInsecureCerts: false, browserName: chrome, browserVersion: 77.0.3865.90, chrome: {chromedriverVersion: 77.0.3865.40 (f484704e052e0..., userDataDir: C:\Users\mallikar\AppData\L...}, goog:chromeOptions: {debuggerAddress: localhost:4643}, javascriptEnabled: true, networkConnectionEnabled: false, pageLoadStrategy: normal, platform: XP, platformName: XP, proxy: Proxy(), setWindowRect: true, strictFileInteractability: false, timeouts: {implicit: 0, pageLoad: 300000, script: 30000}, unhandledPromptBehavior: dismiss and notify}
Session ID: ab64af2b3ffe2bd587df9071d82a799e">
      <![CDATA[org.openqa.selenium.WebDriverException: unknown error: unhandled inspector error: {"code":-32000,"message":"Cannot find context with specified id"}
  (Session info: chrome=77.0.3865.90)
Build info: version: '3.141.59', revision: 'e82be7d358', time: '2018-11-14T08:17:03'
System info: host: 'IN-7SMH5H2', ip: '172.25.109.193', os.name: 'Windows 10', os.arch: 'amd64', os.version: '10.0', java.version: '1.8.0_181'
Driver info: org.openqa.selenium.chrome.ChromeDriver
Capabilities {acceptInsecureCerts: false, browserName: chrome, browserVersion: 77.0.3865.90, chrome: {chromedriverVersion: 77.0.3865.40 (f484704e052e0..., userDataDir: C:\Users\mallikar\AppData\L...}, goog:chromeOptions: {debuggerAddress: localhost:4643}, javascriptEnabled: true, networkConnectionEnabled: false, pageLoadStrategy: normal, platform: XP, platformName: XP, proxy: Proxy(), setWindowRect: true, strictFileInteractability: false, timeouts: {implicit: 0, pageLoad: 300000, script: 30000}, unhandledPromptBehavior: dismiss and notify}
Session ID: ab64af2b3ffe2bd587df9071d82a799e
at org.openqa.selenium.remote.http.W3CHttpResponseCodec.createException(W3CHttpResponseCodec.java:187)
at org.openqa.selenium.remote.http.W3CHttpResponseCodec.decode(W3CHttpResponseCodec.java:122)
at org.openqa.selenium.remote.http.W3CHttpResponseCodec.decode(W3CHttpResponseCodec.java:49)
at org.openqa.selenium.remote.HttpCommandExecutor.execute(HttpCommandExecutor.java:158)
at org.openqa.selenium.remote.service.DriverCommandExecutor.execute(DriverCommandExecutor.java:83)
at org.openqa.selenium.remote.RemoteWebDriver.execute(RemoteWebDriver.java:552)
at org.openqa.selenium.remote.RemoteWebElement.execute(RemoteWebElement.java:285)
at org.openqa.selenium.remote.RemoteWebElement.isEnabled(RemoteWebElement.java:156)
at org.openqa.selenium.support.ui.ExpectedConditions$22.apply(ExpectedConditions.java:643)
at org.openqa.selenium.support.ui.ExpectedConditions$22.apply(ExpectedConditions.java:638)
at org.openqa.selenium.support.ui.FluentWait.until(FluentWait.java:249)
at utilities.ExecuteCommands.executeCmds(ExecuteCommands.java:64)
at tests.PM_Micollab_Test.test_edit_micollab_Role_from_standard_to_basic(PM_Micollab_Test.java:4305)
... Removed 29 stack frames]]>
    </failure>
  </testcase> <!-- test_edit_micollab_Role_from_standard_to_basic -->
  <testcase name="test_edit_micollab_Role_from_basic_to_premium" time="0.0" classname="tests.PM_Micollab_Test">
    <ignored/>
  </testcase> <!-- test_edit_micollab_Role_from_basic_to_premium -->
  <testcase name="test_CreateUser_basicRole" time="0.0" classname="tests.PM_Micollab_Test">
    <ignored/>
  </testcase> <!-- test_CreateUser_basicRole -->
  <testcase name="test_edit_micollab_Role_from_entry_to_standard" time="0.0" classname="tests.PM_Micollab_Test">
    <ignored/>
  </testcase> <!-- test_edit_micollab_Role_from_entry_to_standard -->
  <testcase name="test_CreateUser_basicRole_with_Template" time="0.0" classname="tests.PM_Micollab_Test">
    <ignored/>
  </testcase> <!-- test_CreateUser_basicRole_with_Template -->
  <testcase name="test_edit_micollab_Role_from_standard_to_premium" time="0.0" classname="tests.PM_Micollab_Test">
    <ignored/>
  </testcase> <!-- test_edit_micollab_Role_from_standard_to_premium -->
  <testcase name="test_edit_micollab_Role_from_premium_to_standard" time="0.0" classname="tests.PM_Micollab_Test">
    <ignored/>
  </testcase> <!-- test_edit_micollab_Role_from_premium_to_standard -->
  <testcase name="test_edit_micollab_Role_from_standard_to_entry" time="0.0" classname="tests.PM_Micollab_Test">
    <ignored/>
  </testcase> <!-- test_edit_micollab_Role_from_standard_to_entry -->
  <testcase name="test_CreateUser_entryRole_with_Template" time="0.0" classname="tests.PM_Micollab_Test">
    <ignored/>
  </testcase> <!-- test_CreateUser_entryRole_with_Template -->
  <testcase name="test_CreateUser_premiumRole_with_ExistingExtension" time="0.0" classname="tests.PM_Micollab_Test">
    <ignored/>
  </testcase> <!-- test_CreateUser_premiumRole_with_ExistingExtension -->
  <testcase name="test_CreateUser_basicRole_with_ExistingExtension" time="0.0" classname="tests.PM_Micollab_Test">
    <ignored/>
  </testcase> <!-- test_CreateUser_basicRole_with_ExistingExtension -->
  <testcase name="test_edit_micollab_Role_from_entry_to_premium" time="0.0" classname="tests.PM_Micollab_Test">
    <ignored/>
  </testcase> <!-- test_edit_micollab_Role_from_entry_to_premium -->
  <testcase name="test_edit_micollab_Role_from_basic_to_entry" time="0.0" classname="tests.PM_Micollab_Test">
    <ignored/>
  </testcase> <!-- test_edit_micollab_Role_from_basic_to_entry -->
  <testcase name="test_CreateUser_premiumRole_with_Template" time="0.0" classname="tests.PM_Micollab_Test">
    <ignored/>
  </testcase> <!-- test_CreateUser_premiumRole_with_Template -->
  <testcase name="test_edit_micollab_Role_from_premium_to_entry" time="0.0" classname="tests.PM_Micollab_Test">
    <ignored/>
  </testcase> <!-- test_edit_micollab_Role_from_premium_to_entry -->
  <testcase name="test_CreateUser_entryRole" time="0.0" classname="tests.PM_Micollab_Test">
    <ignored/>
  </testcase> <!-- test_CreateUser_entryRole -->
  <testcase name="test_CreateUser_standardRole" time="0.0" classname="tests.PM_Micollab_Test">
    <ignored/>
  </testcase> <!-- test_CreateUser_standardRole -->
  <testcase name="test_CreateUser_premiumRole" time="0.0" classname="tests.PM_Micollab_Test">
    <ignored/>
  </testcase> <!-- test_CreateUser_premiumRole -->
  <testcase name="test_CreateUser_standardRole_with_Template" time="0.0" classname="tests.PM_Micollab_Test">
    <ignored/>
  </testcase> <!-- test_CreateUser_standardRole_with_Template -->
  <testcase name="test_CreateUser_entryRole_with_ExistingExtension" time="0.0" classname="tests.PM_Micollab_Test">
    <ignored/>
  </testcase> <!-- test_CreateUser_entryRole_with_ExistingExtension -->
  <testcase name="test_CreateUser_standardRole_with_ExistingExtension" time="0.0" classname="tests.PM_Micollab_Test">
    <ignored/>
  </testcase> <!-- test_CreateUser_standardRole_with_ExistingExtension -->
  <testcase name="test_edit_micollab_Role_from_basic_to_standard" time="0.0" classname="tests.PM_Micollab_Test">
    <ignored/>
  </testcase> <!-- test_edit_micollab_Role_from_basic_to_standard -->
</testsuite> <!-- Default test(failed) -->
