<?xml version="1.0" encoding="UTF-8"?>
<!-- Generated by org.testng.reporters.JUnitXMLReporter -->
<testsuite hostname="DESKTOP-D19U8M5" name="Default test" tests="14" failures="1" timestamp="21 Jan 2020 06:44:10 GMT" time="623.29" errors="0">
  <testcase name="test_configureParallel_ringing_to_VirtualExt" time="46.086" classname="tests.PM_VirtualExtension_Test"/>
  <testcase name="test_createUserAssign_Existing_VirtualExtension" time="39.162" classname="tests.PM_VirtualExtension_Test"/>
  <testcase name="test_createUserWith_Extesnsion_Using_VirtualTemplate" time="58.911" classname="tests.PM_VirtualExtension_Test"/>
  <testcase name="test_createUser_with_virtualExtension" time="46.362" classname="tests.PM_VirtualExtension_Test"/>
  <testcase name="test_create_virtual_extension" time="32.722" classname="tests.PM_VirtualExtension_Test"/>
  <testcase name="test_create_virtual_extension_usingTemplate" time="43.946" classname="tests.PM_VirtualExtension_Test"/>
  <testcase name="test_delete_multiple_virtual_extension" time="32.748" classname="tests.PM_VirtualExtension_Test"/>
  <testcase name="test_delete_virtual_extension" time="39.484" classname="tests.PM_VirtualExtension_Test"/>
  <testcase name="test_editToConfigureHotLineNumber_Virtual" time="0.0" classname="tests.PM_VirtualExtension_Test">
    <skipped/>
  </testcase> <!-- test_editToConfigureHotLineNumber_Virtual -->
  <testcase name="test_editToSetFirst_LastNames_virtualExt" time="39.285" classname="tests.PM_VirtualExtension_Test"/>
  <testcase name="test_editUserAssign_Existing_VirtualExtension" time="44.01" classname="tests.PM_VirtualExtension_Test"/>
  <testcase name="test_editUserToRemove_VirtualExtension" time="68.791" classname="tests.PM_VirtualExtension_Test"/>
  <testcase name="test_editUser_Assign_New_VirtualExtension" time="50.749" classname="tests.PM_VirtualExtension_Test"/>
  <testcase name="test_edit_virtual_extension_CSP" time="37.241" classname="tests.PM_VirtualExtension_Test">
    <failure type="org.openqa.selenium.NoSuchElementException" message="Cannot locate option with index: 1
For documentation on this error, please visit: https://www.seleniumhq.org/exceptions/no_such_element.html
Build info: version: &amp;apos;3.141.59&amp;apos;, revision: &amp;apos;e82be7d358&amp;apos;, time: &amp;apos;2018-11-14T08:17:03&amp;apos;
System info: host: &amp;apos;DESKTOP-D19U8M5&amp;apos;, ip: &amp;apos;10.211.163.181&amp;apos;, os.name: &amp;apos;Windows 10&amp;apos;, os.arch: &amp;apos;amd64&amp;apos;, os.version: &amp;apos;10.0&amp;apos;, java.version: &amp;apos;1.8.0_181&amp;apos;
Driver info: driver.version: unknown">
      <![CDATA[org.openqa.selenium.NoSuchElementException: Cannot locate option with index: 1
For documentation on this error, please visit: https://www.seleniumhq.org/exceptions/no_such_element.html
Build info: version: '3.141.59', revision: 'e82be7d358', time: '2018-11-14T08:17:03'
System info: host: 'DESKTOP-D19U8M5', ip: '10.211.163.181', os.name: 'Windows 10', os.arch: 'amd64', os.version: '10.0', java.version: '1.8.0_181'
Driver info: driver.version: unknown
	at org.openqa.selenium.support.ui.Select.setSelectedByIndex(Select.java:297)
	at org.openqa.selenium.support.ui.Select.selectByIndex(Select.java:172)
	at utilities.SelectDropDownValue.selectByIndex(SelectDropDownValue.java:12)
	at tests.PM_VirtualExtension_Test.test_edit_virtual_extension_CSP(PM_VirtualExtension_Test.java:262)
	at sun.reflect.NativeMethodAccessorImpl.invoke0(Native Method)
	at sun.reflect.NativeMethodAccessorImpl.invoke(NativeMethodAccessorImpl.java:62)
	at sun.reflect.DelegatingMethodAccessorImpl.invoke(DelegatingMethodAccessorImpl.java:43)
	at java.lang.reflect.Method.invoke(Method.java:498)
	at org.testng.internal.MethodInvocationHelper.invokeMethod(MethodInvocationHelper.java:100)
	at org.testng.internal.Invoker.invokeMethod(Invoker.java:646)
	at org.testng.internal.Invoker.invokeTestMethod(Invoker.java:811)
	at org.testng.internal.Invoker.invokeTestMethods(Invoker.java:1129)
	at org.testng.internal.TestMethodWorker.invokeTestMethods(TestMethodWorker.java:129)
	at org.testng.internal.TestMethodWorker.run(TestMethodWorker.java:112)
	at org.testng.TestRunner.privateRun(TestRunner.java:746)
	at org.testng.TestRunner.run(TestRunner.java:600)
	at org.testng.SuiteRunner.runTest(SuiteRunner.java:366)
	at org.testng.SuiteRunner.runSequentially(SuiteRunner.java:361)
	at org.testng.SuiteRunner.privateRun(SuiteRunner.java:319)
	at org.testng.SuiteRunner.run(SuiteRunner.java:268)
	at org.testng.SuiteRunnerWorker.runSuite(SuiteRunnerWorker.java:52)
	at org.testng.SuiteRunnerWorker.run(SuiteRunnerWorker.java:86)
	at org.testng.TestNG.runSuitesSequentially(TestNG.java:1264)
	at org.testng.TestNG.runSuitesLocally(TestNG.java:1189)
	at org.testng.TestNG.runSuites(TestNG.java:1104)
	at org.testng.TestNG.run(TestNG.java:1076)
	at org.testng.remote.AbstractRemoteTestNG.run(AbstractRemoteTestNG.java:126)
	at org.testng.remote.RemoteTestNG.initAndRun(RemoteTestNG.java:152)
	at org.testng.remote.RemoteTestNG.main(RemoteTestNG.java:57)
]]>
    </failure>
  </testcase> <!-- test_edit_virtual_extension_CSP -->
</testsuite> <!-- Default test -->
