<html>
<head>
<title>TestNG:  Default test</title>
<link href="../testng.css" rel="stylesheet" type="text/css" />
<link href="../my-testng.css" rel="stylesheet" type="text/css" />

<style type="text/css">
.log { display: none;} 
.stack-trace { display: none;} 
</style>
<script type="text/javascript">
<!--
function flip(e) {
  current = e.style.display;
  if (current == 'block') {
    e.style.display = 'none';
    return 0;
  }
  else {
    e.style.display = 'block';
    return 1;
  }
}

function toggleBox(szDivId, elem, msg1, msg2)
{
  var res = -1;  if (document.getElementById) {
    res = flip(document.getElementById(szDivId));
  }
  else if (document.all) {
    // this is the way old msie versions work
    res = flip(document.all[szDivId]);
  }
  if(elem) {
    if(res == 0) elem.innerHTML = msg1; else elem.innerHTML = msg2;
  }

}

function toggleAllBoxes() {
  if (document.getElementsByTagName) {
    d = document.getElementsByTagName('div');
    for (i = 0; i < d.length; i++) {
      if (d[i].className == 'log') {
        flip(d[i]);
      }
    }
  }
}

// -->
</script>

</head>
<body>
<h2 align='center'>Default test</h2><table border='1' align="center">
<tr>
<td>Tests passed/Failed/Skipped:</td><td>12/1/1</td>
</tr><tr>
<td>Started on:</td><td>Tue Jan 21 12:03:47 IST 2020</td>
</tr>
<tr><td>Total time:</td><td>623 seconds (623290 ms)</td>
</tr><tr>
<td>Included groups:</td><td></td>
</tr><tr>
<td>Excluded groups:</td><td></td>
</tr>
</table><p/>
<small><i>(Hover the method name to see the test class name)</i></small><p/>
<table width='100%' border='1' class='invocation-failed'>
<tr><td colspan='4' align='center'><b>FAILED TESTS</b></td></tr>
<tr><td><b>Test method</b></td>
<td width="30%"><b>Exception</b></td>
<td width="10%"><b>Time (seconds)</b></td>
<td><b>Instance</b></td>
</tr>
<tr>
<td title='tests.PM_VirtualExtension_Test.test_edit_virtual_extension_CSP()'><b>test_edit_virtual_extension_CSP</b><br>Test class: tests.PM_VirtualExtension_Test<br>Parameters: public void tests.PM_VirtualExtension_Test.test_edit_virtual_extension_CSP(java.lang.reflect.Method) throws java.lang.Exception</td>
<td><div><pre>org.openqa.selenium.NoSuchElementException: Cannot locate option with index: 1
For documentation on this error, please visit: https://www.seleniumhq.org/exceptions/no_such_element.html
Build info: version: &apos;3.141.59&apos;, revision: &apos;e82be7d358&apos;, time: &apos;2018-11-14T08:17:03&apos;
System info: host: &apos;DESKTOP-D19U8M5&apos;, ip: &apos;10.211.163.181&apos;, os.name: &apos;Windows 10&apos;, os.arch: &apos;amd64&apos;, os.version: &apos;10.0&apos;, java.version: &apos;1.8.0_181&apos;
Driver info: driver.version: unknown
	at org.openqa.selenium.support.ui.Select.setSelectedByIndex(Select.java:297)
	at org.openqa.selenium.support.ui.Select.selectByIndex(Select.java:172)
	at utilities.SelectDropDownValue.selectByIndex(SelectDropDownValue.java:12)
	at tests.PM_VirtualExtension_Test.test_edit_virtual_extension_CSP(PM_VirtualExtension_Test.java:262)
	at sun.reflect.NativeMethodAccessorImpl.invoke0(Native Method)
	at sun.reflect.NativeMethodAccessorImpl.invoke(NativeMethodAccessorImpl.java:62)
	at sun.reflect.DelegatingMethodAccessorImpl.invoke(DelegatingMethodAccessorImpl.java:43)
	at java.lang.reflect.Method.invoke(Method.java:498)
	at org.testng.internal.MethodInvocationHelper.invokeMethod(MethodInvocationHelper.java:100)
	at org.testng.internal.Invoker.invokeMethod(Invoker.java:646)
	at org.testng.internal.Invoker.invokeTestMethod(Invoker.java:811)
	at org.testng.internal.Invoker.invokeTestMethods(Invoker.java:1129)
	at org.testng.internal.TestMethodWorker.invokeTestMethods(TestMethodWorker.java:129)
	at org.testng.internal.TestMethodWorker.run(TestMethodWorker.java:112)
	at org.testng.TestRunner.privateRun(TestRunner.java:746)
	at org.testng.TestRunner.run(TestRunner.java:600)
	at org.testng.SuiteRunner.runTest(SuiteRunner.java:366)
	at org.testng.SuiteRunner.runSequentially(SuiteRunner.java:361)
	at org.testng.SuiteRunner.privateRun(SuiteRunner.java:319)
	at org.testng.SuiteRunner.run(SuiteRunner.java:268)
	at org.testng.SuiteRunnerWorker.runSuite(SuiteRunnerWorker.java:52)
	at org.testng.SuiteRunnerWorker.run(SuiteRunnerWorker.java:86)
	at org.testng.TestNG.runSuitesSequentially(TestNG.java:1264)
	at org.testng.TestNG.runSuitesLocally(TestNG.java:1189)
	at org.testng.TestNG.runSuites(TestNG.java:1104)
	at org.testng.TestNG.run(TestNG.java:1076)
	at org.testng.remote.AbstractRemoteTestNG.run(AbstractRemoteTestNG.java:126)
	at org.testng.remote.RemoteTestNG.initAndRun(RemoteTestNG.java:152)
	at org.testng.remote.RemoteTestNG.main(RemoteTestNG.java:57)
</pre></div><a href='#' onClick='toggleBox("stack-trace585396468", this, "Click to show all stack frames", "Click to hide stack frames")'>Click to show all stack frames</a>
<div class='stack-trace' id='stack-trace585396468'><pre>org.openqa.selenium.NoSuchElementException: Cannot locate option with index: 1
For documentation on this error, please visit: https://www.seleniumhq.org/exceptions/no_such_element.html
Build info: version: &apos;3.141.59&apos;, revision: &apos;e82be7d358&apos;, time: &apos;2018-11-14T08:17:03&apos;
System info: host: &apos;DESKTOP-D19U8M5&apos;, ip: &apos;10.211.163.181&apos;, os.name: &apos;Windows 10&apos;, os.arch: &apos;amd64&apos;, os.version: &apos;10.0&apos;, java.version: &apos;1.8.0_181&apos;
Driver info: driver.version: unknown
	at org.openqa.selenium.support.ui.Select.setSelectedByIndex(Select.java:297)
	at org.openqa.selenium.support.ui.Select.selectByIndex(Select.java:172)
	at utilities.SelectDropDownValue.selectByIndex(SelectDropDownValue.java:12)
	at tests.PM_VirtualExtension_Test.test_edit_virtual_extension_CSP(PM_VirtualExtension_Test.java:262)
	at sun.reflect.NativeMethodAccessorImpl.invoke0(Native Method)
	at sun.reflect.NativeMethodAccessorImpl.invoke(NativeMethodAccessorImpl.java:62)
	at sun.reflect.DelegatingMethodAccessorImpl.invoke(DelegatingMethodAccessorImpl.java:43)
	at java.lang.reflect.Method.invoke(Method.java:498)
	at org.testng.internal.MethodInvocationHelper.invokeMethod(MethodInvocationHelper.java:100)
	at org.testng.internal.Invoker.invokeMethod(Invoker.java:646)
	at org.testng.internal.Invoker.invokeTestMethod(Invoker.java:811)
	at org.testng.internal.Invoker.invokeTestMethods(Invoker.java:1129)
	at org.testng.internal.TestMethodWorker.invokeTestMethods(TestMethodWorker.java:129)
	at org.testng.internal.TestMethodWorker.run(TestMethodWorker.java:112)
	at org.testng.TestRunner.privateRun(TestRunner.java:746)
	at org.testng.TestRunner.run(TestRunner.java:600)
	at org.testng.SuiteRunner.runTest(SuiteRunner.java:366)
	at org.testng.SuiteRunner.runSequentially(SuiteRunner.java:361)
	at org.testng.SuiteRunner.privateRun(SuiteRunner.java:319)
	at org.testng.SuiteRunner.run(SuiteRunner.java:268)
	at org.testng.SuiteRunnerWorker.runSuite(SuiteRunnerWorker.java:52)
	at org.testng.SuiteRunnerWorker.run(SuiteRunnerWorker.java:86)
	at org.testng.TestNG.runSuitesSequentially(TestNG.java:1264)
	at org.testng.TestNG.runSuitesLocally(TestNG.java:1189)
	at org.testng.TestNG.runSuites(TestNG.java:1104)
	at org.testng.TestNG.run(TestNG.java:1076)
	at org.testng.remote.AbstractRemoteTestNG.run(AbstractRemoteTestNG.java:126)
	at org.testng.remote.RemoteTestNG.initAndRun(RemoteTestNG.java:152)
	at org.testng.remote.RemoteTestNG.main(RemoteTestNG.java:57)
</pre></div></td>
<td>37</td>
<td>tests.PM_VirtualExtension_Test@e45f292</td></tr>
</table><p>
<table width='100%' border='1' class='invocation-passed'>
<tr><td colspan='4' align='center'><b>PASSED TESTS</b></td></tr>
<tr><td><b>Test method</b></td>
<td width="30%"><b>Exception</b></td>
<td width="10%"><b>Time (seconds)</b></td>
<td><b>Instance</b></td>
</tr>
<tr>
<td title='tests.PM_VirtualExtension_Test.test_configureParallel_ringing_to_VirtualExt()'><b>test_configureParallel_ringing_to_VirtualExt</b><br>Test class: tests.PM_VirtualExtension_Test<br>Parameters: public void tests.PM_VirtualExtension_Test.test_configureParallel_ringing_to_VirtualExt(java.lang.reflect.Method) throws java.lang.Exception</td>
<td></td>
<td>46</td>
<td>tests.PM_VirtualExtension_Test@e45f292</td></tr>
<tr>
<td title='tests.PM_VirtualExtension_Test.test_createUserAssign_Existing_VirtualExtension()'><b>test_createUserAssign_Existing_VirtualExtension</b><br>Test class: tests.PM_VirtualExtension_Test<br>Parameters: public void tests.PM_VirtualExtension_Test.test_createUserAssign_Existing_VirtualExtension(java.lang.reflect.Method) throws java.lang.Exception</td>
<td></td>
<td>39</td>
<td>tests.PM_VirtualExtension_Test@e45f292</td></tr>
<tr>
<td title='tests.PM_VirtualExtension_Test.test_createUserWith_Extesnsion_Using_VirtualTemplate()'><b>test_createUserWith_Extesnsion_Using_VirtualTemplate</b><br>Test class: tests.PM_VirtualExtension_Test<br>Parameters: public void tests.PM_VirtualExtension_Test.test_createUserWith_Extesnsion_Using_VirtualTemplate(java.lang.reflect.Method) throws java.lang.Exception</td>
<td></td>
<td>58</td>
<td>tests.PM_VirtualExtension_Test@e45f292</td></tr>
<tr>
<td title='tests.PM_VirtualExtension_Test.test_createUser_with_virtualExtension()'><b>test_createUser_with_virtualExtension</b><br>Test class: tests.PM_VirtualExtension_Test<br>Parameters: public void tests.PM_VirtualExtension_Test.test_createUser_with_virtualExtension(java.lang.reflect.Method) throws java.lang.Exception</td>
<td></td>
<td>46</td>
<td>tests.PM_VirtualExtension_Test@e45f292</td></tr>
<tr>
<td title='tests.PM_VirtualExtension_Test.test_create_virtual_extension()'><b>test_create_virtual_extension</b><br>Test class: tests.PM_VirtualExtension_Test<br>Parameters: public void tests.PM_VirtualExtension_Test.test_create_virtual_extension(java.lang.reflect.Method) throws java.lang.Exception</td>
<td></td>
<td>32</td>
<td>tests.PM_VirtualExtension_Test@e45f292</td></tr>
<tr>
<td title='tests.PM_VirtualExtension_Test.test_create_virtual_extension_usingTemplate()'><b>test_create_virtual_extension_usingTemplate</b><br>Test class: tests.PM_VirtualExtension_Test<br>Parameters: public void tests.PM_VirtualExtension_Test.test_create_virtual_extension_usingTemplate(java.lang.reflect.Method) throws java.lang.Exception</td>
<td></td>
<td>43</td>
<td>tests.PM_VirtualExtension_Test@e45f292</td></tr>
<tr>
<td title='tests.PM_VirtualExtension_Test.test_delete_multiple_virtual_extension()'><b>test_delete_multiple_virtual_extension</b><br>Test class: tests.PM_VirtualExtension_Test<br>Parameters: public void tests.PM_VirtualExtension_Test.test_delete_multiple_virtual_extension(java.lang.reflect.Method) throws java.lang.Exception</td>
<td></td>
<td>32</td>
<td>tests.PM_VirtualExtension_Test@e45f292</td></tr>
<tr>
<td title='tests.PM_VirtualExtension_Test.test_delete_virtual_extension()'><b>test_delete_virtual_extension</b><br>Test class: tests.PM_VirtualExtension_Test<br>Parameters: public void tests.PM_VirtualExtension_Test.test_delete_virtual_extension(java.lang.reflect.Method) throws java.lang.Exception</td>
<td></td>
<td>39</td>
<td>tests.PM_VirtualExtension_Test@e45f292</td></tr>
<tr>
<td title='tests.PM_VirtualExtension_Test.test_editToSetFirst_LastNames_virtualExt()'><b>test_editToSetFirst_LastNames_virtualExt</b><br>Test class: tests.PM_VirtualExtension_Test<br>Parameters: public void tests.PM_VirtualExtension_Test.test_editToSetFirst_LastNames_virtualExt(java.lang.reflect.Method) throws java.lang.Exception</td>
<td></td>
<td>39</td>
<td>tests.PM_VirtualExtension_Test@e45f292</td></tr>
<tr>
<td title='tests.PM_VirtualExtension_Test.test_editUserAssign_Existing_VirtualExtension()'><b>test_editUserAssign_Existing_VirtualExtension</b><br>Test class: tests.PM_VirtualExtension_Test<br>Parameters: public void tests.PM_VirtualExtension_Test.test_editUserAssign_Existing_VirtualExtension(java.lang.reflect.Method) throws java.lang.Exception</td>
<td></td>
<td>44</td>
<td>tests.PM_VirtualExtension_Test@e45f292</td></tr>
<tr>
<td title='tests.PM_VirtualExtension_Test.test_editUserToRemove_VirtualExtension()'><b>test_editUserToRemove_VirtualExtension</b><br>Test class: tests.PM_VirtualExtension_Test<br>Parameters: public void tests.PM_VirtualExtension_Test.test_editUserToRemove_VirtualExtension(java.lang.reflect.Method) throws java.lang.Exception</td>
<td></td>
<td>68</td>
<td>tests.PM_VirtualExtension_Test@e45f292</td></tr>
<tr>
<td title='tests.PM_VirtualExtension_Test.test_editUser_Assign_New_VirtualExtension()'><b>test_editUser_Assign_New_VirtualExtension</b><br>Test class: tests.PM_VirtualExtension_Test<br>Parameters: public void tests.PM_VirtualExtension_Test.test_editUser_Assign_New_VirtualExtension(java.lang.reflect.Method) throws java.lang.Exception</td>
<td></td>
<td>50</td>
<td>tests.PM_VirtualExtension_Test@e45f292</td></tr>
</table><p>
<table width='100%' border='1' class='invocation-skipped'>
<tr><td colspan='4' align='center'><b>SKIPPED TESTS</b></td></tr>
<tr><td><b>Test method</b></td>
<td width="30%"><b>Exception</b></td>
<td width="10%"><b>Time (seconds)</b></td>
<td><b>Instance</b></td>
</tr>
<tr>
<td title='tests.PM_VirtualExtension_Test.test_editToConfigureHotLineNumber_Virtual()'><b>test_editToConfigureHotLineNumber_Virtual</b><br>Test class: tests.PM_VirtualExtension_Test</td>
<td><div><pre>org.testng.TestNGException: 
Data Provider public java.lang.Object[] tests.PM_VirtualExtension_Test.getHotLineData() must return either Object[][] or Iterator&lt;Object&gt;[], not class [Ljava.lang.Object;
	at org.testng.internal.MethodInvocationHelper.invokeDataProvider(MethodInvocationHelper.java:115)
	at org.testng.internal.Parameters.handleParameters(Parameters.java:429)
	at org.testng.internal.Invoker.handleParameters(Invoker.java:1240)
	at org.testng.internal.Invoker.createParameters(Invoker.java:980)
	at org.testng.internal.Invoker.invokeTestMethods(Invoker.java:1070)
	at org.testng.internal.TestMethodWorker.invokeTestMethods(TestMethodWorker.java:129)
	at org.testng.internal.TestMethodWorker.run(TestMethodWorker.java:112)
	at org.testng.TestRunner.privateRun(TestRunner.java:746)
	at org.testng.TestRunner.run(TestRunner.java:600)
	at org.testng.SuiteRunner.runTest(SuiteRunner.java:366)
	at org.testng.SuiteRunner.runSequentially(SuiteRunner.java:361)
	at org.testng.SuiteRunner.privateRun(SuiteRunner.java:319)
	at org.testng.SuiteRunner.run(SuiteRunner.java:268)
	at org.testng.SuiteRunnerWorker.runSuite(SuiteRunnerWorker.java:52)
	at org.testng.SuiteRunnerWorker.run(SuiteRunnerWorker.java:86)
	at org.testng.TestNG.runSuitesSequentially(TestNG.java:1264)
	at org.testng.TestNG.runSuitesLocally(TestNG.java:1189)
	at org.testng.TestNG.runSuites(TestNG.java:1104)
	at org.testng.TestNG.run(TestNG.java:1076)
	at org.testng.remote.AbstractRemoteTestNG.run(AbstractRemoteTestNG.java:126)
	at org.testng.remote.RemoteTestNG.initAndRun(RemoteTestNG.java:152)
	at org.testng.remote.RemoteTestNG.main(RemoteTestNG.java:57)
</pre></div><a href='#' onClick='toggleBox("stack-trace2099922328", this, "Click to show all stack frames", "Click to hide stack frames")'>Click to show all stack frames</a>
<div class='stack-trace' id='stack-trace2099922328'><pre>org.testng.TestNGException: 
Data Provider public java.lang.Object[] tests.PM_VirtualExtension_Test.getHotLineData() must return either Object[][] or Iterator&lt;Object&gt;[], not class [Ljava.lang.Object;
	at org.testng.internal.MethodInvocationHelper.invokeDataProvider(MethodInvocationHelper.java:115)
	at org.testng.internal.Parameters.handleParameters(Parameters.java:429)
	at org.testng.internal.Invoker.handleParameters(Invoker.java:1240)
	at org.testng.internal.Invoker.createParameters(Invoker.java:980)
	at org.testng.internal.Invoker.invokeTestMethods(Invoker.java:1070)
	at org.testng.internal.TestMethodWorker.invokeTestMethods(TestMethodWorker.java:129)
	at org.testng.internal.TestMethodWorker.run(TestMethodWorker.java:112)
	at org.testng.TestRunner.privateRun(TestRunner.java:746)
	at org.testng.TestRunner.run(TestRunner.java:600)
	at org.testng.SuiteRunner.runTest(SuiteRunner.java:366)
	at org.testng.SuiteRunner.runSequentially(SuiteRunner.java:361)
	at org.testng.SuiteRunner.privateRun(SuiteRunner.java:319)
	at org.testng.SuiteRunner.run(SuiteRunner.java:268)
	at org.testng.SuiteRunnerWorker.runSuite(SuiteRunnerWorker.java:52)
	at org.testng.SuiteRunnerWorker.run(SuiteRunnerWorker.java:86)
	at org.testng.TestNG.runSuitesSequentially(TestNG.java:1264)
	at org.testng.TestNG.runSuitesLocally(TestNG.java:1189)
	at org.testng.TestNG.runSuites(TestNG.java:1104)
	at org.testng.TestNG.run(TestNG.java:1076)
	at org.testng.remote.AbstractRemoteTestNG.run(AbstractRemoteTestNG.java:126)
	at org.testng.remote.RemoteTestNG.initAndRun(RemoteTestNG.java:152)
	at org.testng.remote.RemoteTestNG.main(RemoteTestNG.java:57)
</pre></div></td>
<td>0</td>
<td>tests.PM_VirtualExtension_Test@e45f292</td></tr>
</table><p>
</body>
</html>