<?xml version="1.0" encoding="UTF-8"?>
<!-- Generated by org.testng.reporters.JUnitXMLReporter -->
<testsuite hostname="IN-7SMH5H2" ignored="16" name="Test" tests="132" failures="21" timestamp="02 Oct 2019 11:09:45 GMT" time="13798.906" errors="0">
  <testcase name="test_createUserAssignExistingExtension" time="113.59" classname="tests.PM_User_Test"/>
  <testcase name="test_createUserWithExtension" time="116.862" classname="tests.PM_User_Test"/>
  <testcase name="test_createUserWithExtesnsionUsingIPTemplate" time="141.96" classname="tests.PM_User_Test"/>
  <testcase name="test_create_user" time="76.594" classname="tests.PM_User_Test"/>
  <testcase name="test_delete_multipleUsers" time="156.795" classname="tests.PM_User_Test"/>
  <testcase name="test_delete_user" time="18.968" classname="tests.PM_User_Test"/>
  <testcase name="test_delete_user_byClicking_delete_button" time="124.788" classname="tests.PM_User_Test"/>
  <testcase name="test_editUserAssignExistingExtension" time="135.476" classname="tests.PM_User_Test"/>
  <testcase name="test_editUserAssignNewExtension" time="143.402" classname="tests.PM_User_Test"/>
  <testcase name="test_editUserToRemoveExtension" time="207.921" classname="tests.PM_User_Test"/>
  <testcase name="test_edit_user" time="105.997" classname="tests.PM_User_Test"/>
  <testcase name="test_search_using_wildCard_questionMark" time="88.522" classname="tests.PM_User_Test"/>
  <testcase name="test_search_using_wildCard_star" time="186.445" classname="tests.PM_User_Test"/>
  <testcase name="test_userSearchUsingViewSymbol" time="81.887" classname="tests.PM_User_Test"/>
  <testcase name="test_user_print" time="86.808" classname="tests.PM_User_Test"/>
  <testcase name="test_verify_helpText" time="6.227" classname="tests.PM_User_Test"/>
  <testcase name="test_viewUser_with_viewButton" time="98.737" classname="tests.PM_User_Test"/>
  <testcase name="test_clearDMN_funcKey" time="104.911" classname="tests.PM_FunctionKeys_Test">
    <failure type="java.lang.AssertionError" message="expected [true] but found [false]">
      <![CDATA[java.lang.AssertionError: expected [true] but found [false]
at utilities.ReusableUnits.clear_function_key(ReusableUnits.java:729)
at tests.PM_FunctionKeys_Test.test_clearDMN_funcKey(PM_FunctionKeys_Test.java:761)
... Removed 29 stack frames]]>
    </failure>
  </testcase> <!-- test_clearDMN_funcKey -->
  <testcase name="test_clearEDN_funcKey" time="103.226" classname="tests.PM_FunctionKeys_Test">
    <failure type="java.lang.AssertionError" message="expected [true] but found [false]">
      <![CDATA[java.lang.AssertionError: expected [true] but found [false]
at utilities.ReusableUnits.clear_function_key(ReusableUnits.java:729)
at tests.PM_FunctionKeys_Test.test_clearEDN_funcKey(PM_FunctionKeys_Test.java:601)
... Removed 29 stack frames]]>
    </failure>
  </testcase> <!-- test_clearEDN_funcKey -->
  <testcase name="test_clearGMA_funcKey" time="105.194" classname="tests.PM_FunctionKeys_Test">
    <failure type="java.lang.AssertionError" message="expected [true] but found [false]">
      <![CDATA[java.lang.AssertionError: expected [true] but found [false]
at utilities.ReusableUnits.clear_function_key(ReusableUnits.java:729)
at tests.PM_FunctionKeys_Test.test_clearGMA_funcKey(PM_FunctionKeys_Test.java:800)
... Removed 29 stack frames]]>
    </failure>
  </testcase> <!-- test_clearGMA_funcKey -->
  <testcase name="test_clearMCT_funcKey" time="101.13" classname="tests.PM_FunctionKeys_Test">
    <failure type="java.lang.AssertionError" message="expected [true] but found [false]">
      <![CDATA[java.lang.AssertionError: expected [true] but found [false]
at utilities.ReusableUnits.clear_function_key(ReusableUnits.java:729)
at tests.PM_FunctionKeys_Test.test_clearMCT_funcKey(PM_FunctionKeys_Test.java:839)
... Removed 29 stack frames]]>
    </failure>
  </testcase> <!-- test_clearMCT_funcKey -->
  <testcase name="test_clearMNS_funcKey" time="95.62" classname="tests.PM_FunctionKeys_Test">
    <failure type="java.lang.AssertionError" message="expected [true] but found [false]">
      <![CDATA[java.lang.AssertionError: expected [true] but found [false]
at utilities.ReusableUnits.clear_function_key(ReusableUnits.java:729)
at tests.PM_FunctionKeys_Test.test_clearMNS_funcKey(PM_FunctionKeys_Test.java:561)
... Removed 29 stack frames]]>
    </failure>
  </testcase> <!-- test_clearMNS_funcKey -->
  <testcase name="test_clearMOI_funcKey" time="93.825" classname="tests.PM_FunctionKeys_Test">
    <failure type="java.lang.AssertionError" message="expected [true] but found [false]">
      <![CDATA[java.lang.AssertionError: expected [true] but found [false]
at utilities.ReusableUnits.clear_function_key(ReusableUnits.java:729)
at tests.PM_FunctionKeys_Test.test_clearMOI_funcKey(PM_FunctionKeys_Test.java:641)
... Removed 29 stack frames]]>
    </failure>
  </testcase> <!-- test_clearMOI_funcKey -->
  <testcase name="test_clearPGM_funcKey" time="96.726" classname="tests.PM_FunctionKeys_Test">
    <failure type="java.lang.AssertionError" message="expected [true] but found [false]">
      <![CDATA[java.lang.AssertionError: expected [true] but found [false]
at utilities.ReusableUnits.clear_function_key(ReusableUnits.java:729)
at tests.PM_FunctionKeys_Test.test_clearPGM_funcKey(PM_FunctionKeys_Test.java:681)
... Removed 29 stack frames]]>
    </failure>
  </testcase> <!-- test_clearPGM_funcKey -->
  <testcase name="test_clearREC_funcKey" time="92.705" classname="tests.PM_FunctionKeys_Test">
    <failure type="java.lang.AssertionError" message="expected [true] but found [false]">
      <![CDATA[java.lang.AssertionError: expected [true] but found [false]
at utilities.ReusableUnits.clear_function_key(ReusableUnits.java:729)
at tests.PM_FunctionKeys_Test.test_clearREC_funcKey(PM_FunctionKeys_Test.java:721)
... Removed 29 stack frames]]>
    </failure>
  </testcase> <!-- test_clearREC_funcKey -->
  <testcase name="test_clearSCABR_funcKey" time="94.322" classname="tests.PM_FunctionKeys_Test">
    <failure type="java.lang.AssertionError" message="expected [true] but found [false]">
      <![CDATA[java.lang.AssertionError: expected [true] but found [false]
at utilities.ReusableUnits.clear_function_key_SCA_SCABR(ReusableUnits.java:810)
at tests.PM_FunctionKeys_Test.test_clearSCABR_funcKey(PM_FunctionKeys_Test.java:922)
... Removed 29 stack frames]]>
    </failure>
  </testcase> <!-- test_clearSCABR_funcKey -->
  <testcase name="test_clearSCA_funcKey" time="93.887" classname="tests.PM_FunctionKeys_Test">
    <failure type="java.lang.AssertionError" message="expected [true] but found [false]">
      <![CDATA[java.lang.AssertionError: expected [true] but found [false]
at utilities.ReusableUnits.clear_function_key_SCA_SCABR(ReusableUnits.java:810)
at tests.PM_FunctionKeys_Test.test_clearSCA_funcKey(PM_FunctionKeys_Test.java:880)
... Removed 29 stack frames]]>
    </failure>
  </testcase> <!-- test_clearSCA_funcKey -->
  <testcase name="test_clearTNS_funcKey" time="89.085" classname="tests.PM_FunctionKeys_Test">
    <failure type="java.lang.AssertionError" message="expected [true] but found [false]">
      <![CDATA[java.lang.AssertionError: expected [true] but found [false]
at utilities.ReusableUnits.clear_function_key(ReusableUnits.java:729)
at tests.PM_FunctionKeys_Test.test_clearTNS_funcKey(PM_FunctionKeys_Test.java:521)
... Removed 29 stack frames]]>
    </failure>
  </testcase> <!-- test_clearTNS_funcKey -->
  <testcase name="test_createDMN_FuncKey" time="69.133" classname="tests.PM_FunctionKeys_Test"/>
  <testcase name="test_createEDN_FuncKey" time="67.724" classname="tests.PM_FunctionKeys_Test"/>
  <testcase name="test_createGMA_FuncKey" time="68.279" classname="tests.PM_FunctionKeys_Test"/>
  <testcase name="test_createMCT_FuncKey" time="48.991" classname="tests.PM_FunctionKeys_Test"/>
  <testcase name="test_createMNS_FuncKey" time="68.917" classname="tests.PM_FunctionKeys_Test"/>
  <testcase name="test_createMOI_FuncKey" time="49.14" classname="tests.PM_FunctionKeys_Test"/>
  <testcase name="test_createPGM_FuncKey" time="34.65" classname="tests.PM_FunctionKeys_Test">
    <failure type="java.lang.ArrayIndexOutOfBoundsException" message="14">
      <![CDATA[java.lang.ArrayIndexOutOfBoundsException: 14
at tests.PM_FunctionKeys_Test.test_createPGM_FuncKey(PM_FunctionKeys_Test.java:353)
... Removed 25 stack frames]]>
    </failure>
  </testcase> <!-- test_createPGM_FuncKey -->
  <testcase name="test_createREC_FuncKey" time="81.744" classname="tests.PM_FunctionKeys_Test">
    <failure type="org.openqa.selenium.NoSuchElementException" message="Cannot locate element with text: 90000
For documentation on this error, please visit: https://www.seleniumhq.org/exceptions/no_such_element.html
Build info: version: &amp;apos;3.141.59&amp;apos;, revision: &amp;apos;e82be7d358&amp;apos;, time: &amp;apos;2018-11-14T08:17:03&amp;apos;
System info: host: &amp;apos;IN-7SMH5H2&amp;apos;, ip: &amp;apos;172.25.109.193&amp;apos;, os.name: &amp;apos;Windows 10&amp;apos;, os.arch: &amp;apos;amd64&amp;apos;, os.version: &amp;apos;10.0&amp;apos;, java.version: &amp;apos;1.8.0_181&amp;apos;
Driver info: driver.version: unknown">
      <![CDATA[org.openqa.selenium.NoSuchElementException: Cannot locate element with text: 90000
For documentation on this error, please visit: https://www.seleniumhq.org/exceptions/no_such_element.html
Build info: version: '3.141.59', revision: 'e82be7d358', time: '2018-11-14T08:17:03'
System info: host: 'IN-7SMH5H2', ip: '172.25.109.193', os.name: 'Windows 10', os.arch: 'amd64', os.version: '10.0', java.version: '1.8.0_181'
Driver info: driver.version: unknown
at org.openqa.selenium.support.ui.Select.selectByVisibleText(Select.java:147)
at utilities.SelectDropDownValue.selectByVisibleText(SelectDropDownValue.java:18)
at utilities.ReusableUnits.createExt_With_FunctionKey(ReusableUnits.java:475)
at tests.PM_FunctionKeys_Test.test_createREC_FuncKey(PM_FunctionKeys_Test.java:371)
... Removed 25 stack frames]]>
    </failure>
  </testcase> <!-- test_createREC_FuncKey -->
  <testcase name="test_createSCABR_FuncKey" time="0.416" classname="tests.PM_FunctionKeys_Test">
    <failure type="java.lang.ArrayIndexOutOfBoundsException" message="9">
      <![CDATA[java.lang.ArrayIndexOutOfBoundsException: 9
at tests.PM_FunctionKeys_Test.test_createSCABR_FuncKey(PM_FunctionKeys_Test.java:487)
... Removed 25 stack frames]]>
    </failure>
  </testcase> <!-- test_createSCABR_FuncKey -->
  <testcase name="test_createSCA_FuncKey" time="0.384" classname="tests.PM_FunctionKeys_Test">
    <failure type="java.lang.ArrayIndexOutOfBoundsException" message="9">
      <![CDATA[java.lang.ArrayIndexOutOfBoundsException: 9
at tests.PM_FunctionKeys_Test.test_createSCA_FuncKey(PM_FunctionKeys_Test.java:434)
... Removed 25 stack frames]]>
    </failure>
  </testcase> <!-- test_createSCA_FuncKey -->
  <testcase name="test_createTNS_FuncKey" time="69.474" classname="tests.PM_FunctionKeys_Test"/>
  <testcase name="test_configureParallel_ringing_to_IP" time="60.674" classname="tests.PM_Extension_Test"/>
  <testcase name="test_create_IP_extension" time="43.248" classname="tests.PM_Extension_Test"/>
  <testcase name="test_create_IP_extension_usingTemplate" time="62.642" classname="tests.PM_Extension_Test"/>
  <testcase name="test_delete_IP_extension" time="50.105" classname="tests.PM_Extension_Test"/>
  <testcase name="test_delete_multiple_IP_extension" time="45.844" classname="tests.PM_Extension_Test"/>
  <testcase name="test_editIPExtensionCSP" time="63.865" classname="tests.PM_Extension_Test"/>
  <testcase name="test_editIPExtensionPhoneType" time="62.998" classname="tests.PM_Extension_Test"/>
  <testcase name="test_editToAssignThirdPartySIPClient" time="63.416" classname="tests.PM_Extension_Test"/>
  <testcase name="test_editToConfigureCallPark" time="63.171" classname="tests.PM_Extension_Test"/>
  <testcase name="test_editToConfigureHotLineNumber" time="53.634" classname="tests.PM_Extension_Test"/>
  <testcase name="test_editToConfigureHotLineNumber" time="52.749" classname="tests.PM_Extension_Test"/>
  <testcase name="test_editToConfigureSecondLineState" time="62.975" classname="tests.PM_Extension_Test"/>
  <testcase name="test_editToConfigureSecondLineState" time="63.528" classname="tests.PM_Extension_Test"/>
  <testcase name="test_editToConfigureSecondLineState" time="62.564" classname="tests.PM_Extension_Test"/>
  <testcase name="test_editToSetFirst_LastNames" time="64.792" classname="tests.PM_Extension_Test"/>
  <testcase name="test_createDigitalExtension" time="43.637" classname="tests.PM_DigitalExtension_Test"/>
  <testcase name="test_createUser_with_DigitalExtension_usingTemplate" time="125.454" classname="tests.PM_DigitalExtension_Test"/>
  <testcase name="test_createUser_with_Digital_Extension" time="152.027" classname="tests.PM_DigitalExtension_Test">
    <failure type="org.openqa.selenium.NoSuchElementException" message="no such element: Unable to locate element: {&amp;quot;method&amp;quot;:&amp;quot;css selector&amp;quot;,&amp;quot;selector&amp;quot;:&amp;quot;*[name=&amp;apos;onApplyButton&amp;apos;]&amp;quot;}
  (Session info: chrome=77.0.3865.90)
For documentation on this error, please visit: https://www.seleniumhq.org/exceptions/no_such_element.html
Build info: version: &amp;apos;3.141.59&amp;apos;, revision: &amp;apos;e82be7d358&amp;apos;, time: &amp;apos;2018-11-14T08:17:03&amp;apos;
System info: host: &amp;apos;IN-7SMH5H2&amp;apos;, ip: &amp;apos;172.25.109.193&amp;apos;, os.name: &amp;apos;Windows 10&amp;apos;, os.arch: &amp;apos;amd64&amp;apos;, os.version: &amp;apos;10.0&amp;apos;, java.version: &amp;apos;1.8.0_181&amp;apos;
Driver info: org.openqa.selenium.chrome.ChromeDriver
Capabilities {acceptInsecureCerts: false, browserName: chrome, browserVersion: 77.0.3865.90, chrome: {chromedriverVersion: 77.0.3865.40 (f484704e052e0..., userDataDir: C:\Users\mallikar\AppData\L...}, goog:chromeOptions: {debuggerAddress: localhost:3755}, javascriptEnabled: true, networkConnectionEnabled: false, pageLoadStrategy: normal, platform: XP, platformName: XP, proxy: Proxy(), setWindowRect: true, strictFileInteractability: false, timeouts: {implicit: 0, pageLoad: 300000, script: 30000}, unhandledPromptBehavior: accept}
Session ID: 58854a4a62c33815af26371841d0ffc9
*** Element info: {Using=name, value=onApplyButton}">
      <![CDATA[org.openqa.selenium.NoSuchElementException: no such element: Unable to locate element: {"method":"css selector","selector":"*[name='onApplyButton']"}
  (Session info: chrome=77.0.3865.90)
For documentation on this error, please visit: https://www.seleniumhq.org/exceptions/no_such_element.html
Build info: version: '3.141.59', revision: 'e82be7d358', time: '2018-11-14T08:17:03'
System info: host: 'IN-7SMH5H2', ip: '172.25.109.193', os.name: 'Windows 10', os.arch: 'amd64', os.version: '10.0', java.version: '1.8.0_181'
Driver info: org.openqa.selenium.chrome.ChromeDriver
Capabilities {acceptInsecureCerts: false, browserName: chrome, browserVersion: 77.0.3865.90, chrome: {chromedriverVersion: 77.0.3865.40 (f484704e052e0..., userDataDir: C:\Users\mallikar\AppData\L...}, goog:chromeOptions: {debuggerAddress: localhost:3755}, javascriptEnabled: true, networkConnectionEnabled: false, pageLoadStrategy: normal, platform: XP, platformName: XP, proxy: Proxy(), setWindowRect: true, strictFileInteractability: false, timeouts: {implicit: 0, pageLoad: 300000, script: 30000}, unhandledPromptBehavior: accept}
Session ID: 58854a4a62c33815af26371841d0ffc9
*** Element info: {Using=name, value=onApplyButton}
at org.openqa.selenium.remote.http.W3CHttpResponseCodec.createException(W3CHttpResponseCodec.java:187)
at org.openqa.selenium.remote.http.W3CHttpResponseCodec.decode(W3CHttpResponseCodec.java:122)
at org.openqa.selenium.remote.http.W3CHttpResponseCodec.decode(W3CHttpResponseCodec.java:49)
at org.openqa.selenium.remote.HttpCommandExecutor.execute(HttpCommandExecutor.java:158)
at org.openqa.selenium.remote.service.DriverCommandExecutor.execute(DriverCommandExecutor.java:83)
at org.openqa.selenium.remote.RemoteWebDriver.execute(RemoteWebDriver.java:552)
at org.openqa.selenium.remote.RemoteWebDriver.findElement(RemoteWebDriver.java:323)
at org.openqa.selenium.remote.RemoteWebDriver.findElementByName(RemoteWebDriver.java:404)
at org.openqa.selenium.By$ByName.findElement(By.java:284)
at org.openqa.selenium.remote.RemoteWebDriver.findElement(RemoteWebDriver.java:315)
at org.openqa.selenium.support.pagefactory.DefaultElementLocator.findElement(DefaultElementLocator.java:69)
at org.openqa.selenium.support.pagefactory.internal.LocatingElementHandler.invoke(LocatingElementHandler.java:38)
at com.sun.proxy.$Proxy14.click(Unknown Source)
at tests.PM_DigitalExtension_Test.test_createUser_with_Digital_Extension(PM_DigitalExtension_Test.java:729)
... Removed 29 stack frames]]>
    </failure>
  </testcase> <!-- test_createUser_with_Digital_Extension -->
  <testcase name="test_createUser_with_existing_Digital_Extension" time="98.561" classname="tests.PM_DigitalExtension_Test"/>
  <testcase name="test_create_digitalExt_using_Template" time="59.324" classname="tests.PM_DigitalExtension_Test"/>
  <testcase name="test_delete_digitalExtension" time="36.079" classname="tests.PM_DigitalExtension_Test"/>
  <testcase name="test_editUser_and_Assign_Existing_DigitalExtension" time="111.118" classname="tests.PM_DigitalExtension_Test"/>
  <testcase name="test_editUser_and_remove_Existing_DigitalExtension" time="169.821" classname="tests.PM_DigitalExtension_Test"/>
  <testcase name="test_editUser_to_create_DigitalExtension" time="115.847" classname="tests.PM_DigitalExtension_Test"/>
  <testcase name="test_edit_digital_extension_toChange_CAT" time="46.387" classname="tests.PM_DigitalExtension_Test"/>
  <testcase name="test_edit_digital_extension_toChange_First_Last_Names" time="57.422" classname="tests.PM_DigitalExtension_Test"/>
  <testcase name="test_edit_digital_extension_toChange_PhoneModel" time="46.935" classname="tests.PM_DigitalExtension_Test"/>
  <testcase name="test_edit_digital_extension_toDelayed_HotLine" time="138.483" classname="tests.PM_DigitalExtension_Test"/>
  <testcase name="test_edit_digital_extension_toSet_AgentPosition" time="48.568" classname="tests.PM_DigitalExtension_Test"/>
  <testcase name="test_edit_digital_extension_toSet_HotLine" time="135.421" classname="tests.PM_DigitalExtension_Test"/>
  <testcase name="test_swap_digitalEquipmentPositions" time="61.737" classname="tests.PM_DigitalExtension_Test">
    <failure type="org.openqa.selenium.TimeoutException" message="Expected condition failed: waiting for visibility of [[ChromeDriver: chrome on XP (58854a4a62c33815af26371841d0ffc9)] -&amp;gt; id: blockUI] (tried for 20 second(s) with 500 milliseconds interval)
Build info: version: &amp;apos;3.141.59&amp;apos;, revision: &amp;apos;e82be7d358&amp;apos;, time: &amp;apos;2018-11-14T08:17:03&amp;apos;
System info: host: &amp;apos;IN-7SMH5H2&amp;apos;, ip: &amp;apos;172.25.109.193&amp;apos;, os.name: &amp;apos;Windows 10&amp;apos;, os.arch: &amp;apos;amd64&amp;apos;, os.version: &amp;apos;10.0&amp;apos;, java.version: &amp;apos;1.8.0_181&amp;apos;
Driver info: org.openqa.selenium.chrome.ChromeDriver
Capabilities {acceptInsecureCerts: false, browserName: chrome, browserVersion: 77.0.3865.90, chrome: {chromedriverVersion: 77.0.3865.40 (f484704e052e0..., userDataDir: C:\Users\mallikar\AppData\L...}, goog:chromeOptions: {debuggerAddress: localhost:3755}, javascriptEnabled: true, networkConnectionEnabled: false, pageLoadStrategy: normal, platform: XP, platformName: XP, proxy: Proxy(), setWindowRect: true, strictFileInteractability: false, timeouts: {implicit: 0, pageLoad: 300000, script: 30000}, unhandledPromptBehavior: accept}
Session ID: 58854a4a62c33815af26371841d0ffc9">
      <![CDATA[org.openqa.selenium.TimeoutException: Expected condition failed: waiting for visibility of [[ChromeDriver: chrome on XP (58854a4a62c33815af26371841d0ffc9)] -> id: blockUI] (tried for 20 second(s) with 500 milliseconds interval)
Build info: version: '3.141.59', revision: 'e82be7d358', time: '2018-11-14T08:17:03'
System info: host: 'IN-7SMH5H2', ip: '172.25.109.193', os.name: 'Windows 10', os.arch: 'amd64', os.version: '10.0', java.version: '1.8.0_181'
Driver info: org.openqa.selenium.chrome.ChromeDriver
Capabilities {acceptInsecureCerts: false, browserName: chrome, browserVersion: 77.0.3865.90, chrome: {chromedriverVersion: 77.0.3865.40 (f484704e052e0..., userDataDir: C:\Users\mallikar\AppData\L...}, goog:chromeOptions: {debuggerAddress: localhost:3755}, javascriptEnabled: true, networkConnectionEnabled: false, pageLoadStrategy: normal, platform: XP, platformName: XP, proxy: Proxy(), setWindowRect: true, strictFileInteractability: false, timeouts: {implicit: 0, pageLoad: 300000, script: 30000}, unhandledPromptBehavior: accept}
Session ID: 58854a4a62c33815af26371841d0ffc9
at org.openqa.selenium.support.ui.WebDriverWait.timeoutException(WebDriverWait.java:95)
at org.openqa.selenium.support.ui.FluentWait.until(FluentWait.java:272)
at tests.PM_DigitalExtension_Test.test_swap_digitalEquipmentPositions(PM_DigitalExtension_Test.java:587)
... Removed 25 stack frames]]>
    </failure>
  </testcase> <!-- test_swap_digitalEquipmentPositions -->
  <testcase name="test_createAnalogExtension" time="43.635" classname="tests.PM_AnalogExtension_Test"/>
  <testcase name="test_createUser_with_AnalogExtension_usingTemplate" time="122.177" classname="tests.PM_AnalogExtension_Test"/>
  <testcase name="test_createUser_with_analog_Extension" time="105.067" classname="tests.PM_AnalogExtension_Test"/>
  <testcase name="test_createUser_with_existing_analog_Extension" time="98.411" classname="tests.PM_AnalogExtension_Test"/>
  <testcase name="test_create_analogExt_using_Template" time="57.058" classname="tests.PM_AnalogExtension_Test"/>
  <testcase name="test_delete_analogExtension" time="35.426" classname="tests.PM_AnalogExtension_Test"/>
  <testcase name="test_editUser_and_Assign_Existing_AnalogExtension" time="108.124" classname="tests.PM_AnalogExtension_Test"/>
  <testcase name="test_editUser_and_remove_Existing_AnalogExtension" time="171.85" classname="tests.PM_AnalogExtension_Test"/>
  <testcase name="test_editUser_to_create_AnalogExtension" time="114.333" classname="tests.PM_AnalogExtension_Test"/>
  <testcase name="test_edit_analog_extension_equipmentPosition" time="46.796" classname="tests.PM_AnalogExtension_Test"/>
  <testcase name="test_edit_analog_extension_toChange_CAT" time="46.296" classname="tests.PM_AnalogExtension_Test"/>
  <testcase name="test_edit_analog_extension_toChange_First_Last_Names" time="56.677" classname="tests.PM_AnalogExtension_Test"/>
  <testcase name="test_edit_analog_extension_toDelayed_HotLine" time="125.745" classname="tests.PM_AnalogExtension_Test"/>
  <testcase name="test_edit_analog_extension_toSet_HotLine" time="125.145" classname="tests.PM_AnalogExtension_Test"/>
  <testcase name="test_swap_analogEquipmentPositions" time="62.03" classname="tests.PM_AnalogExtension_Test">
    <failure type="org.openqa.selenium.TimeoutException" message="Expected condition failed: waiting for visibility of [[ChromeDriver: chrome on XP (99587368144caca946c9b474decb95db)] -&amp;gt; id: blockUI] (tried for 20 second(s) with 500 milliseconds interval)
Build info: version: &amp;apos;3.141.59&amp;apos;, revision: &amp;apos;e82be7d358&amp;apos;, time: &amp;apos;2018-11-14T08:17:03&amp;apos;
System info: host: &amp;apos;IN-7SMH5H2&amp;apos;, ip: &amp;apos;172.25.109.193&amp;apos;, os.name: &amp;apos;Windows 10&amp;apos;, os.arch: &amp;apos;amd64&amp;apos;, os.version: &amp;apos;10.0&amp;apos;, java.version: &amp;apos;1.8.0_181&amp;apos;
Driver info: org.openqa.selenium.chrome.ChromeDriver
Capabilities {acceptInsecureCerts: false, browserName: chrome, browserVersion: 77.0.3865.90, chrome: {chromedriverVersion: 77.0.3865.40 (f484704e052e0..., userDataDir: C:\Users\mallikar\AppData\L...}, goog:chromeOptions: {debuggerAddress: localhost:7672}, javascriptEnabled: true, networkConnectionEnabled: false, pageLoadStrategy: normal, platform: XP, platformName: XP, proxy: Proxy(), setWindowRect: true, strictFileInteractability: false, timeouts: {implicit: 0, pageLoad: 300000, script: 30000}, unhandledPromptBehavior: accept}
Session ID: 99587368144caca946c9b474decb95db">
      <![CDATA[org.openqa.selenium.TimeoutException: Expected condition failed: waiting for visibility of [[ChromeDriver: chrome on XP (99587368144caca946c9b474decb95db)] -> id: blockUI] (tried for 20 second(s) with 500 milliseconds interval)
Build info: version: '3.141.59', revision: 'e82be7d358', time: '2018-11-14T08:17:03'
System info: host: 'IN-7SMH5H2', ip: '172.25.109.193', os.name: 'Windows 10', os.arch: 'amd64', os.version: '10.0', java.version: '1.8.0_181'
Driver info: org.openqa.selenium.chrome.ChromeDriver
Capabilities {acceptInsecureCerts: false, browserName: chrome, browserVersion: 77.0.3865.90, chrome: {chromedriverVersion: 77.0.3865.40 (f484704e052e0..., userDataDir: C:\Users\mallikar\AppData\L...}, goog:chromeOptions: {debuggerAddress: localhost:7672}, javascriptEnabled: true, networkConnectionEnabled: false, pageLoadStrategy: normal, platform: XP, platformName: XP, proxy: Proxy(), setWindowRect: true, strictFileInteractability: false, timeouts: {implicit: 0, pageLoad: 300000, script: 30000}, unhandledPromptBehavior: accept}
Session ID: 99587368144caca946c9b474decb95db
at org.openqa.selenium.support.ui.WebDriverWait.timeoutException(WebDriverWait.java:95)
at org.openqa.selenium.support.ui.FluentWait.until(FluentWait.java:272)
at tests.PM_AnalogExtension_Test.test_swap_analogEquipmentPositions(PM_AnalogExtension_Test.java:520)
... Removed 25 stack frames]]>
    </failure>
  </testcase> <!-- test_swap_analogEquipmentPositions -->
  <testcase name="test_createUserAssignExisting_SIPDECT_Extension" time="137.105" classname="tests.PM_SIPDECT_Tests"/>
  <testcase name="test_createUserWith_SIPDECT_Extension" time="124.712" classname="tests.PM_SIPDECT_Tests"/>
  <testcase name="test_create_SIP_DECT_extension" time="58.778" classname="tests.PM_SIPDECT_Tests"/>
  <testcase name="test_delete_SIPDECT_extension" time="67.526" classname="tests.PM_SIPDECT_Tests"/>
  <testcase name="test_delete_multiple_SIPDECT_extension" time="67.994" classname="tests.PM_SIPDECT_Tests"/>
  <testcase name="test_editSet_First_LastNames_SIPDECT" time="80.98" classname="tests.PM_SIPDECT_Tests"/>
  <testcase name="test_editT_ConfigureHotLineNumber_SIPDECT" time="86.077" classname="tests.PM_SIPDECT_Tests"/>
  <testcase name="test_editT_ConfigureHotLineNumber_SIPDECT" time="31.871" classname="tests.PM_SIPDECT_Tests">
    <failure type="org.openqa.selenium.WebDriverException" message="unknown error: unhandled inspector error: {&amp;quot;code&amp;quot;:-32000,&amp;quot;message&amp;quot;:&amp;quot;Cannot find context with specified id&amp;quot;}
  (Session info: chrome=77.0.3865.90)
Build info: version: &amp;apos;3.141.59&amp;apos;, revision: &amp;apos;e82be7d358&amp;apos;, time: &amp;apos;2018-11-14T08:17:03&amp;apos;
System info: host: &amp;apos;IN-7SMH5H2&amp;apos;, ip: &amp;apos;172.25.109.193&amp;apos;, os.name: &amp;apos;Windows 10&amp;apos;, os.arch: &amp;apos;amd64&amp;apos;, os.version: &amp;apos;10.0&amp;apos;, java.version: &amp;apos;1.8.0_181&amp;apos;
Driver info: org.openqa.selenium.chrome.ChromeDriver
Capabilities {acceptInsecureCerts: false, browserName: chrome, browserVersion: 77.0.3865.90, chrome: {chromedriverVersion: 77.0.3865.40 (f484704e052e0..., userDataDir: C:\Users\mallikar\AppData\L...}, goog:chromeOptions: {debuggerAddress: localhost:16291}, javascriptEnabled: true, networkConnectionEnabled: false, pageLoadStrategy: normal, platform: XP, platformName: XP, proxy: Proxy(), setWindowRect: true, strictFileInteractability: false, timeouts: {implicit: 0, pageLoad: 300000, script: 30000}, unhandledPromptBehavior: accept}
Session ID: ed3d8c84e0908f116d0fb437807cf8db">
      <![CDATA[org.openqa.selenium.WebDriverException: unknown error: unhandled inspector error: {"code":-32000,"message":"Cannot find context with specified id"}
  (Session info: chrome=77.0.3865.90)
Build info: version: '3.141.59', revision: 'e82be7d358', time: '2018-11-14T08:17:03'
System info: host: 'IN-7SMH5H2', ip: '172.25.109.193', os.name: 'Windows 10', os.arch: 'amd64', os.version: '10.0', java.version: '1.8.0_181'
Driver info: org.openqa.selenium.chrome.ChromeDriver
Capabilities {acceptInsecureCerts: false, browserName: chrome, browserVersion: 77.0.3865.90, chrome: {chromedriverVersion: 77.0.3865.40 (f484704e052e0..., userDataDir: C:\Users\mallikar\AppData\L...}, goog:chromeOptions: {debuggerAddress: localhost:16291}, javascriptEnabled: true, networkConnectionEnabled: false, pageLoadStrategy: normal, platform: XP, platformName: XP, proxy: Proxy(), setWindowRect: true, strictFileInteractability: false, timeouts: {implicit: 0, pageLoad: 300000, script: 30000}, unhandledPromptBehavior: accept}
Session ID: ed3d8c84e0908f116d0fb437807cf8db
at org.openqa.selenium.remote.http.W3CHttpResponseCodec.createException(W3CHttpResponseCodec.java:187)
at org.openqa.selenium.remote.http.W3CHttpResponseCodec.decode(W3CHttpResponseCodec.java:122)
at org.openqa.selenium.remote.http.W3CHttpResponseCodec.decode(W3CHttpResponseCodec.java:49)
at org.openqa.selenium.remote.HttpCommandExecutor.execute(HttpCommandExecutor.java:158)
at org.openqa.selenium.remote.service.DriverCommandExecutor.execute(DriverCommandExecutor.java:83)
at org.openqa.selenium.remote.RemoteWebDriver.execute(RemoteWebDriver.java:552)
at org.openqa.selenium.remote.RemoteWebElement.execute(RemoteWebElement.java:285)
at org.openqa.selenium.remote.RemoteWebElement.click(RemoteWebElement.java:84)
at org.openqa.selenium.support.pagefactory.internal.LocatingElementHandler.invoke(LocatingElementHandler.java:51)
at com.sun.proxy.$Proxy14.click(Unknown Source)
at utilities.ExecuteCommands.executeCmds(ExecuteCommands.java:63)
at tests.PM_SIPDECT_Tests.test_editT_ConfigureHotLineNumber_SIPDECT(PM_SIPDECT_Tests.java:327)
... Removed 32 stack frames]]>
    </failure>
  </testcase> <!-- test_editT_ConfigureHotLineNumber_SIPDECT -->
  <testcase name="test_editUserAssignNew_SIPDECT_Extension" time="184.98" classname="tests.PM_SIPDECT_Tests">
    <failure type="java.lang.AssertionError" message="expected [true] but found [false]">
      <![CDATA[java.lang.AssertionError: expected [true] but found [false]
at tests.PM_SIPDECT_Tests.test_editUserAssignNew_SIPDECT_Extension(PM_SIPDECT_Tests.java:781)
... Removed 29 stack frames]]>
    </failure>
  </testcase> <!-- test_editUserAssignNew_SIPDECT_Extension -->
  <testcase name="test_editUserToRemove_SIPDECT_Extension" time="189.955" classname="tests.PM_SIPDECT_Tests"/>
  <testcase name="test_editUser_AssignExisting_SIPDECT_Extension" time="147.209" classname="tests.PM_SIPDECT_Tests"/>
  <testcase name="test_edit_SIPDECT_ExtensionCSP" time="84.337" classname="tests.PM_SIPDECT_Tests"/>
  <testcase name="test_edit_configureParallel_ringing_to_SIPDECT" time="56.431" classname="tests.PM_SIPDECT_Tests">
    <failure type="java.lang.AssertionError" message="expected [Add operation successful for:] but found [Add operation partly successful for:]">
      <![CDATA[java.lang.AssertionError: expected [Add operation successful for:] but found [Add operation partly successful for:]
at tests.PM_SIPDECT_Tests.test_edit_configureParallel_ringing_to_SIPDECT(PM_SIPDECT_Tests.java:206)
... Removed 31 stack frames]]>
    </failure>
  </testcase> <!-- test_edit_configureParallel_ringing_to_SIPDECT -->
  <testcase name="test_create_multi_terminal_WithIP" time="56.992" classname="tests.PM_MultiTerminal_Test"/>
  <testcase name="test_create_multi_terminal_WithSIP_Auto" time="48.14" classname="tests.PM_MultiTerminal_Test"/>
  <testcase name="test_create_multi_terminal_With_MobileExtension" time="47.339" classname="tests.PM_MultiTerminal_Test"/>
  <testcase name="test_create_multi_terminal_extension" time="42.346" classname="tests.PM_MultiTerminal_Test"/>
  <testcase name="create_PN_Analog_Extension" time="225.981" classname="tests.PM_PersonalNumber_Tests"/>
  <testcase name="create_PN_Digital_Extension" time="226.424" classname="tests.PM_PersonalNumber_Tests"/>
  <testcase name="create_PN_IP_Extension" time="243.89" classname="tests.PM_PersonalNumber_Tests"/>
  <testcase name="create_PN_Virtual_Extension" time="239.029" classname="tests.PM_PersonalNumber_Tests"/>
  <testcase name="edit_IP_extension_to_change_active_call_list" time="288.355" classname="tests.PM_PersonalNumber_Tests"/>
  <testcase name="edit_analog_extension_to_change_active_call_list" time="261.107" classname="tests.PM_PersonalNumber_Tests"/>
  <testcase name="edit_digital_extension_to_change_active_call_list" time="258.916" classname="tests.PM_PersonalNumber_Tests"/>
  <testcase name="edit_sip_dect_extension_to_change_active_call_list" time="304.471" classname="tests.PM_PersonalNumber_Tests"/>
  <testcase name="edit_virtual_extension_to_change_active_call_list" time="297.06" classname="tests.PM_PersonalNumber_Tests"/>
  <testcase name="test_create_PN_SIPDECT_Extension" time="260.018" classname="tests.PM_PersonalNumber_Tests"/>
  <testcase name="test_edit_Analog_extension_assign_PN" time="228.789" classname="tests.PM_PersonalNumber_Tests"/>
  <testcase name="test_edit_Digital_extension_assign_PN" time="228.392" classname="tests.PM_PersonalNumber_Tests"/>
  <testcase name="test_edit_IP_extension_assign_PN" time="251.478" classname="tests.PM_PersonalNumber_Tests"/>
  <testcase name="test_edit_SIPDECT_Assign_PN" time="301.126" classname="tests.PM_PersonalNumber_Tests"/>
  <testcase name="test_edit_Virtual_extension_assign_PN" time="246.01" classname="tests.PM_PersonalNumber_Tests"/>
  <testcase name="test_configureParallel_ringing_to_VirtualExt" time="60.96" classname="tests.PM_VirtualExtension_Test"/>
  <testcase name="test_createUserAssign_Existing_VirtualExtension" time="97.781" classname="tests.PM_VirtualExtension_Test"/>
  <testcase name="test_createUserWith_Extesnsion_Using_VirtualTemplate" time="125.747" classname="tests.PM_VirtualExtension_Test"/>
  <testcase name="test_createUser_with_virtualExtension" time="107.172" classname="tests.PM_VirtualExtension_Test"/>
  <testcase name="test_create_virtual_extension" time="41.125" classname="tests.PM_VirtualExtension_Test"/>
  <testcase name="test_create_virtual_extension_usingTemplate" time="60.363" classname="tests.PM_VirtualExtension_Test"/>
  <testcase name="test_delete_multiple_virtual_extension" time="39.743" classname="tests.PM_VirtualExtension_Test"/>
  <testcase name="test_delete_virtual_extension" time="50.164" classname="tests.PM_VirtualExtension_Test"/>
  <testcase name="test_editToConfigureHotLineNumber_Virtual" time="58.801" classname="tests.PM_VirtualExtension_Test"/>
  <testcase name="test_editToConfigureHotLineNumber_Virtual" time="60.671" classname="tests.PM_VirtualExtension_Test"/>
  <testcase name="test_editToSetFirst_LastNames_virtualExt" time="49.799" classname="tests.PM_VirtualExtension_Test"/>
  <testcase name="test_editUserAssign_Existing_VirtualExtension" time="107.128" classname="tests.PM_VirtualExtension_Test"/>
  <testcase name="test_editUserToRemove_VirtualExtension" time="172.032" classname="tests.PM_VirtualExtension_Test"/>
  <testcase name="test_editUser_Assign_New_VirtualExtension" time="119.409" classname="tests.PM_VirtualExtension_Test"/>
  <testcase name="test_edit_virtual_extension_CSP" time="62.412" classname="tests.PM_VirtualExtension_Test"/>
  <testcase name="@BeforeSuite beforeSuite" time="0.0" classname="base.ConfigClass">
    <ignored/>
  </testcase> <!-- @BeforeSuite beforeSuite -->
  <testcase name="@BeforeSuite beforeSuite" time="0.0" classname="base.ConfigClass">
    <ignored/>
  </testcase> <!-- @BeforeSuite beforeSuite -->
  <testcase name="@BeforeSuite beforeSuite" time="0.0" classname="base.ConfigClass">
    <ignored/>
  </testcase> <!-- @BeforeSuite beforeSuite -->
  <testcase name="@BeforeSuite beforeSuite" time="0.0" classname="base.ConfigClass">
    <ignored/>
  </testcase> <!-- @BeforeSuite beforeSuite -->
  <testcase name="@BeforeSuite beforeSuite" time="0.0" classname="base.ConfigClass">
    <ignored/>
  </testcase> <!-- @BeforeSuite beforeSuite -->
  <testcase name="@BeforeSuite beforeSuite" time="0.0" classname="base.ConfigClass">
    <ignored/>
  </testcase> <!-- @BeforeSuite beforeSuite -->
  <testcase name="@BeforeSuite beforeSuite" time="0.0" classname="base.ConfigClass">
    <ignored/>
  </testcase> <!-- @BeforeSuite beforeSuite -->
  <testcase name="@BeforeSuite beforeSuite" time="0.0" classname="base.ConfigClass">
    <ignored/>
  </testcase> <!-- @BeforeSuite beforeSuite -->
  <testcase name="@AfterSuite afterSuite" time="0.0" classname="base.ConfigClass">
    <ignored/>
  </testcase> <!-- @AfterSuite afterSuite -->
  <testcase name="@AfterSuite afterSuite" time="0.0" classname="base.ConfigClass">
    <ignored/>
  </testcase> <!-- @AfterSuite afterSuite -->
  <testcase name="@AfterSuite afterSuite" time="0.0" classname="base.ConfigClass">
    <ignored/>
  </testcase> <!-- @AfterSuite afterSuite -->
  <testcase name="@AfterSuite afterSuite" time="0.0" classname="base.ConfigClass">
    <ignored/>
  </testcase> <!-- @AfterSuite afterSuite -->
  <testcase name="@AfterSuite afterSuite" time="0.0" classname="base.ConfigClass">
    <ignored/>
  </testcase> <!-- @AfterSuite afterSuite -->
  <testcase name="@AfterSuite afterSuite" time="0.0" classname="base.ConfigClass">
    <ignored/>
  </testcase> <!-- @AfterSuite afterSuite -->
  <testcase name="@AfterSuite afterSuite" time="0.0" classname="base.ConfigClass">
    <ignored/>
  </testcase> <!-- @AfterSuite afterSuite -->
  <testcase name="@AfterSuite afterSuite" time="0.0" classname="base.ConfigClass">
    <ignored/>
  </testcase> <!-- @AfterSuite afterSuite -->
</testsuite> <!-- Test -->
