<html>
<head>
<title>TestNG:  Test</title>
<link href="../testng.css" rel="stylesheet" type="text/css" />
<link href="../my-testng.css" rel="stylesheet" type="text/css" />

<style type="text/css">
.log { display: none;} 
.stack-trace { display: none;} 
</style>
<script type="text/javascript">
<!--
function flip(e) {
  current = e.style.display;
  if (current == 'block') {
    e.style.display = 'none';
    return 0;
  }
  else {
    e.style.display = 'block';
    return 1;
  }
}

function toggleBox(szDivId, elem, msg1, msg2)
{
  var res = -1;  if (document.getElementById) {
    res = flip(document.getElementById(szDivId));
  }
  else if (document.all) {
    // this is the way old msie versions work
    res = flip(document.all[szDivId]);
  }
  if(elem) {
    if(res == 0) elem.innerHTML = msg1; else elem.innerHTML = msg2;
  }

}

function toggleAllBoxes() {
  if (document.getElementsByTagName) {
    d = document.getElementsByTagName('div');
    for (i = 0; i < d.length; i++) {
      if (d[i].className == 'log') {
        flip(d[i]);
      }
    }
  }
}

// -->
</script>

</head>
<body>
<h2 align='center'>Test</h2><table border='1' align="center">
<tr>
<td>Tests passed/Failed/Skipped:</td><td>111/21/0</td>
</tr><tr>
<td>Started on:</td><td>Wed Oct 02 12:49:46 IST 2019</td>
</tr>
<tr><td>Total time:</td><td>13798 seconds (13798906 ms)</td>
</tr><tr>
<td>Included groups:</td><td></td>
</tr><tr>
<td>Excluded groups:</td><td></td>
</tr>
</table><p/>
<small><i>(Hover the method name to see the test class name)</i></small><p/>
<table width='100%' border='1' class='invocation-failed'>
<tr><td colspan='4' align='center'><b>FAILED TESTS</b></td></tr>
<tr><td><b>Test method</b></td>
<td width="30%"><b>Exception</b></td>
<td width="10%"><b>Time (seconds)</b></td>
<td><b>Instance</b></td>
</tr>
<tr>
<td title='tests.PM_FunctionKeys_Test.test_clearDMN_funcKey()'><b>test_clearDMN_funcKey</b><br>Test class: tests.PM_FunctionKeys_Test<br>Parameters: public void tests.PM_FunctionKeys_Test.test_clearDMN_funcKey(java.lang.reflect.Method) throws java.lang.Exception</td>
<td><div><pre>java.lang.AssertionError: expected [true] but found [false]
	at utilities.ReusableUnits.clear_function_key(ReusableUnits.java:729)
	at tests.PM_FunctionKeys_Test.test_clearDMN_funcKey(PM_FunctionKeys_Test.java:761)
... Removed 29 stack frames</pre></div><a href='#' onClick='toggleBox("stack-trace1451683864", this, "Click to show all stack frames", "Click to hide stack frames")'>Click to show all stack frames</a>
<div class='stack-trace' id='stack-trace1451683864'><pre>java.lang.AssertionError: expected [true] but found [false]
	at org.testng.Assert.fail(Assert.java:96)
	at org.testng.Assert.failNotEquals(Assert.java:776)
	at org.testng.Assert.assertTrue(Assert.java:44)
	at org.testng.Assert.assertTrue(Assert.java:54)
	at utilities.ReusableUnits.clear_function_key(ReusableUnits.java:729)
	at tests.PM_FunctionKeys_Test.test_clearDMN_funcKey(PM_FunctionKeys_Test.java:761)
	at sun.reflect.NativeMethodAccessorImpl.invoke0(Native Method)
	at sun.reflect.NativeMethodAccessorImpl.invoke(NativeMethodAccessorImpl.java:62)
	at sun.reflect.DelegatingMethodAccessorImpl.invoke(DelegatingMethodAccessorImpl.java:43)
	at java.lang.reflect.Method.invoke(Method.java:498)
	at org.testng.internal.MethodInvocationHelper.invokeMethod(MethodInvocationHelper.java:124)
	at org.testng.internal.Invoker.invokeMethod(Invoker.java:583)
	at org.testng.internal.Invoker.invokeTestMethod(Invoker.java:719)
	at org.testng.internal.Invoker.invokeTestMethods(Invoker.java:989)
	at org.testng.internal.TestMethodWorker.invokeTestMethods(TestMethodWorker.java:125)
	at org.testng.internal.TestMethodWorker.run(TestMethodWorker.java:109)
	at org.testng.TestRunner.privateRun(TestRunner.java:648)
	at org.testng.TestRunner.run(TestRunner.java:505)
	at org.testng.SuiteRunner.runTest(SuiteRunner.java:455)
	at org.testng.SuiteRunner.runSequentially(SuiteRunner.java:450)
	at org.testng.SuiteRunner.privateRun(SuiteRunner.java:415)
	at org.testng.SuiteRunner.run(SuiteRunner.java:364)
	at org.testng.SuiteRunnerWorker.runSuite(SuiteRunnerWorker.java:52)
	at org.testng.SuiteRunnerWorker.run(SuiteRunnerWorker.java:84)
	at org.testng.TestNG.runSuitesSequentially(TestNG.java:1208)
	at org.testng.TestNG.runSuitesLocally(TestNG.java:1137)
	at org.testng.TestNG.runSuites(TestNG.java:1049)
	at org.testng.TestNG.run(TestNG.java:1017)
	at org.testng.remote.AbstractRemoteTestNG.run(AbstractRemoteTestNG.java:114)
	at org.testng.remote.RemoteTestNG.initAndRun(RemoteTestNG.java:251)
	at org.testng.remote.RemoteTestNG.main(RemoteTestNG.java:77)
</pre></div></td>
<td>104</td>
<td>tests.PM_FunctionKeys_Test@73846619</td></tr>
<tr>
<td title='tests.PM_FunctionKeys_Test.test_clearEDN_funcKey()'><b>test_clearEDN_funcKey</b><br>Test class: tests.PM_FunctionKeys_Test<br>Parameters: public void tests.PM_FunctionKeys_Test.test_clearEDN_funcKey(java.lang.reflect.Method) throws java.lang.Exception</td>
<td><div><pre>java.lang.AssertionError: expected [true] but found [false]
	at utilities.ReusableUnits.clear_function_key(ReusableUnits.java:729)
	at tests.PM_FunctionKeys_Test.test_clearEDN_funcKey(PM_FunctionKeys_Test.java:601)
... Removed 29 stack frames</pre></div><a href='#' onClick='toggleBox("stack-trace1830938780", this, "Click to show all stack frames", "Click to hide stack frames")'>Click to show all stack frames</a>
<div class='stack-trace' id='stack-trace1830938780'><pre>java.lang.AssertionError: expected [true] but found [false]
	at org.testng.Assert.fail(Assert.java:96)
	at org.testng.Assert.failNotEquals(Assert.java:776)
	at org.testng.Assert.assertTrue(Assert.java:44)
	at org.testng.Assert.assertTrue(Assert.java:54)
	at utilities.ReusableUnits.clear_function_key(ReusableUnits.java:729)
	at tests.PM_FunctionKeys_Test.test_clearEDN_funcKey(PM_FunctionKeys_Test.java:601)
	at sun.reflect.NativeMethodAccessorImpl.invoke0(Native Method)
	at sun.reflect.NativeMethodAccessorImpl.invoke(NativeMethodAccessorImpl.java:62)
	at sun.reflect.DelegatingMethodAccessorImpl.invoke(DelegatingMethodAccessorImpl.java:43)
	at java.lang.reflect.Method.invoke(Method.java:498)
	at org.testng.internal.MethodInvocationHelper.invokeMethod(MethodInvocationHelper.java:124)
	at org.testng.internal.Invoker.invokeMethod(Invoker.java:583)
	at org.testng.internal.Invoker.invokeTestMethod(Invoker.java:719)
	at org.testng.internal.Invoker.invokeTestMethods(Invoker.java:989)
	at org.testng.internal.TestMethodWorker.invokeTestMethods(TestMethodWorker.java:125)
	at org.testng.internal.TestMethodWorker.run(TestMethodWorker.java:109)
	at org.testng.TestRunner.privateRun(TestRunner.java:648)
	at org.testng.TestRunner.run(TestRunner.java:505)
	at org.testng.SuiteRunner.runTest(SuiteRunner.java:455)
	at org.testng.SuiteRunner.runSequentially(SuiteRunner.java:450)
	at org.testng.SuiteRunner.privateRun(SuiteRunner.java:415)
	at org.testng.SuiteRunner.run(SuiteRunner.java:364)
	at org.testng.SuiteRunnerWorker.runSuite(SuiteRunnerWorker.java:52)
	at org.testng.SuiteRunnerWorker.run(SuiteRunnerWorker.java:84)
	at org.testng.TestNG.runSuitesSequentially(TestNG.java:1208)
	at org.testng.TestNG.runSuitesLocally(TestNG.java:1137)
	at org.testng.TestNG.runSuites(TestNG.java:1049)
	at org.testng.TestNG.run(TestNG.java:1017)
	at org.testng.remote.AbstractRemoteTestNG.run(AbstractRemoteTestNG.java:114)
	at org.testng.remote.RemoteTestNG.initAndRun(RemoteTestNG.java:251)
	at org.testng.remote.RemoteTestNG.main(RemoteTestNG.java:77)
</pre></div></td>
<td>103</td>
<td>tests.PM_FunctionKeys_Test@73846619</td></tr>
<tr>
<td title='tests.PM_FunctionKeys_Test.test_clearGMA_funcKey()'><b>test_clearGMA_funcKey</b><br>Test class: tests.PM_FunctionKeys_Test<br>Parameters: public void tests.PM_FunctionKeys_Test.test_clearGMA_funcKey(java.lang.reflect.Method) throws java.lang.Exception</td>
<td><div><pre>java.lang.AssertionError: expected [true] but found [false]
	at utilities.ReusableUnits.clear_function_key(ReusableUnits.java:729)
	at tests.PM_FunctionKeys_Test.test_clearGMA_funcKey(PM_FunctionKeys_Test.java:800)
... Removed 29 stack frames</pre></div><a href='#' onClick='toggleBox("stack-trace183365091", this, "Click to show all stack frames", "Click to hide stack frames")'>Click to show all stack frames</a>
<div class='stack-trace' id='stack-trace183365091'><pre>java.lang.AssertionError: expected [true] but found [false]
	at org.testng.Assert.fail(Assert.java:96)
	at org.testng.Assert.failNotEquals(Assert.java:776)
	at org.testng.Assert.assertTrue(Assert.java:44)
	at org.testng.Assert.assertTrue(Assert.java:54)
	at utilities.ReusableUnits.clear_function_key(ReusableUnits.java:729)
	at tests.PM_FunctionKeys_Test.test_clearGMA_funcKey(PM_FunctionKeys_Test.java:800)
	at sun.reflect.NativeMethodAccessorImpl.invoke0(Native Method)
	at sun.reflect.NativeMethodAccessorImpl.invoke(NativeMethodAccessorImpl.java:62)
	at sun.reflect.DelegatingMethodAccessorImpl.invoke(DelegatingMethodAccessorImpl.java:43)
	at java.lang.reflect.Method.invoke(Method.java:498)
	at org.testng.internal.MethodInvocationHelper.invokeMethod(MethodInvocationHelper.java:124)
	at org.testng.internal.Invoker.invokeMethod(Invoker.java:583)
	at org.testng.internal.Invoker.invokeTestMethod(Invoker.java:719)
	at org.testng.internal.Invoker.invokeTestMethods(Invoker.java:989)
	at org.testng.internal.TestMethodWorker.invokeTestMethods(TestMethodWorker.java:125)
	at org.testng.internal.TestMethodWorker.run(TestMethodWorker.java:109)
	at org.testng.TestRunner.privateRun(TestRunner.java:648)
	at org.testng.TestRunner.run(TestRunner.java:505)
	at org.testng.SuiteRunner.runTest(SuiteRunner.java:455)
	at org.testng.SuiteRunner.runSequentially(SuiteRunner.java:450)
	at org.testng.SuiteRunner.privateRun(SuiteRunner.java:415)
	at org.testng.SuiteRunner.run(SuiteRunner.java:364)
	at org.testng.SuiteRunnerWorker.runSuite(SuiteRunnerWorker.java:52)
	at org.testng.SuiteRunnerWorker.run(SuiteRunnerWorker.java:84)
	at org.testng.TestNG.runSuitesSequentially(TestNG.java:1208)
	at org.testng.TestNG.runSuitesLocally(TestNG.java:1137)
	at org.testng.TestNG.runSuites(TestNG.java:1049)
	at org.testng.TestNG.run(TestNG.java:1017)
	at org.testng.remote.AbstractRemoteTestNG.run(AbstractRemoteTestNG.java:114)
	at org.testng.remote.RemoteTestNG.initAndRun(RemoteTestNG.java:251)
	at org.testng.remote.RemoteTestNG.main(RemoteTestNG.java:77)
</pre></div></td>
<td>105</td>
<td>tests.PM_FunctionKeys_Test@73846619</td></tr>
<tr>
<td title='tests.PM_FunctionKeys_Test.test_clearMCT_funcKey()'><b>test_clearMCT_funcKey</b><br>Test class: tests.PM_FunctionKeys_Test<br>Parameters: public void tests.PM_FunctionKeys_Test.test_clearMCT_funcKey(java.lang.reflect.Method) throws java.lang.Exception</td>
<td><div><pre>java.lang.AssertionError: expected [true] but found [false]
	at utilities.ReusableUnits.clear_function_key(ReusableUnits.java:729)
	at tests.PM_FunctionKeys_Test.test_clearMCT_funcKey(PM_FunctionKeys_Test.java:839)
... Removed 29 stack frames</pre></div><a href='#' onClick='toggleBox("stack-trace1900878178", this, "Click to show all stack frames", "Click to hide stack frames")'>Click to show all stack frames</a>
<div class='stack-trace' id='stack-trace1900878178'><pre>java.lang.AssertionError: expected [true] but found [false]
	at org.testng.Assert.fail(Assert.java:96)
	at org.testng.Assert.failNotEquals(Assert.java:776)
	at org.testng.Assert.assertTrue(Assert.java:44)
	at org.testng.Assert.assertTrue(Assert.java:54)
	at utilities.ReusableUnits.clear_function_key(ReusableUnits.java:729)
	at tests.PM_FunctionKeys_Test.test_clearMCT_funcKey(PM_FunctionKeys_Test.java:839)
	at sun.reflect.NativeMethodAccessorImpl.invoke0(Native Method)
	at sun.reflect.NativeMethodAccessorImpl.invoke(NativeMethodAccessorImpl.java:62)
	at sun.reflect.DelegatingMethodAccessorImpl.invoke(DelegatingMethodAccessorImpl.java:43)
	at java.lang.reflect.Method.invoke(Method.java:498)
	at org.testng.internal.MethodInvocationHelper.invokeMethod(MethodInvocationHelper.java:124)
	at org.testng.internal.Invoker.invokeMethod(Invoker.java:583)
	at org.testng.internal.Invoker.invokeTestMethod(Invoker.java:719)
	at org.testng.internal.Invoker.invokeTestMethods(Invoker.java:989)
	at org.testng.internal.TestMethodWorker.invokeTestMethods(TestMethodWorker.java:125)
	at org.testng.internal.TestMethodWorker.run(TestMethodWorker.java:109)
	at org.testng.TestRunner.privateRun(TestRunner.java:648)
	at org.testng.TestRunner.run(TestRunner.java:505)
	at org.testng.SuiteRunner.runTest(SuiteRunner.java:455)
	at org.testng.SuiteRunner.runSequentially(SuiteRunner.java:450)
	at org.testng.SuiteRunner.privateRun(SuiteRunner.java:415)
	at org.testng.SuiteRunner.run(SuiteRunner.java:364)
	at org.testng.SuiteRunnerWorker.runSuite(SuiteRunnerWorker.java:52)
	at org.testng.SuiteRunnerWorker.run(SuiteRunnerWorker.java:84)
	at org.testng.TestNG.runSuitesSequentially(TestNG.java:1208)
	at org.testng.TestNG.runSuitesLocally(TestNG.java:1137)
	at org.testng.TestNG.runSuites(TestNG.java:1049)
	at org.testng.TestNG.run(TestNG.java:1017)
	at org.testng.remote.AbstractRemoteTestNG.run(AbstractRemoteTestNG.java:114)
	at org.testng.remote.RemoteTestNG.initAndRun(RemoteTestNG.java:251)
	at org.testng.remote.RemoteTestNG.main(RemoteTestNG.java:77)
</pre></div></td>
<td>101</td>
<td>tests.PM_FunctionKeys_Test@73846619</td></tr>
<tr>
<td title='tests.PM_FunctionKeys_Test.test_clearMNS_funcKey()'><b>test_clearMNS_funcKey</b><br>Test class: tests.PM_FunctionKeys_Test<br>Parameters: public void tests.PM_FunctionKeys_Test.test_clearMNS_funcKey(java.lang.reflect.Method) throws java.lang.Exception</td>
<td><div><pre>java.lang.AssertionError: expected [true] but found [false]
	at utilities.ReusableUnits.clear_function_key(ReusableUnits.java:729)
	at tests.PM_FunctionKeys_Test.test_clearMNS_funcKey(PM_FunctionKeys_Test.java:561)
... Removed 29 stack frames</pre></div><a href='#' onClick='toggleBox("stack-trace212872774", this, "Click to show all stack frames", "Click to hide stack frames")'>Click to show all stack frames</a>
<div class='stack-trace' id='stack-trace212872774'><pre>java.lang.AssertionError: expected [true] but found [false]
	at org.testng.Assert.fail(Assert.java:96)
	at org.testng.Assert.failNotEquals(Assert.java:776)
	at org.testng.Assert.assertTrue(Assert.java:44)
	at org.testng.Assert.assertTrue(Assert.java:54)
	at utilities.ReusableUnits.clear_function_key(ReusableUnits.java:729)
	at tests.PM_FunctionKeys_Test.test_clearMNS_funcKey(PM_FunctionKeys_Test.java:561)
	at sun.reflect.NativeMethodAccessorImpl.invoke0(Native Method)
	at sun.reflect.NativeMethodAccessorImpl.invoke(NativeMethodAccessorImpl.java:62)
	at sun.reflect.DelegatingMethodAccessorImpl.invoke(DelegatingMethodAccessorImpl.java:43)
	at java.lang.reflect.Method.invoke(Method.java:498)
	at org.testng.internal.MethodInvocationHelper.invokeMethod(MethodInvocationHelper.java:124)
	at org.testng.internal.Invoker.invokeMethod(Invoker.java:583)
	at org.testng.internal.Invoker.invokeTestMethod(Invoker.java:719)
	at org.testng.internal.Invoker.invokeTestMethods(Invoker.java:989)
	at org.testng.internal.TestMethodWorker.invokeTestMethods(TestMethodWorker.java:125)
	at org.testng.internal.TestMethodWorker.run(TestMethodWorker.java:109)
	at org.testng.TestRunner.privateRun(TestRunner.java:648)
	at org.testng.TestRunner.run(TestRunner.java:505)
	at org.testng.SuiteRunner.runTest(SuiteRunner.java:455)
	at org.testng.SuiteRunner.runSequentially(SuiteRunner.java:450)
	at org.testng.SuiteRunner.privateRun(SuiteRunner.java:415)
	at org.testng.SuiteRunner.run(SuiteRunner.java:364)
	at org.testng.SuiteRunnerWorker.runSuite(SuiteRunnerWorker.java:52)
	at org.testng.SuiteRunnerWorker.run(SuiteRunnerWorker.java:84)
	at org.testng.TestNG.runSuitesSequentially(TestNG.java:1208)
	at org.testng.TestNG.runSuitesLocally(TestNG.java:1137)
	at org.testng.TestNG.runSuites(TestNG.java:1049)
	at org.testng.TestNG.run(TestNG.java:1017)
	at org.testng.remote.AbstractRemoteTestNG.run(AbstractRemoteTestNG.java:114)
	at org.testng.remote.RemoteTestNG.initAndRun(RemoteTestNG.java:251)
	at org.testng.remote.RemoteTestNG.main(RemoteTestNG.java:77)
</pre></div></td>
<td>95</td>
<td>tests.PM_FunctionKeys_Test@73846619</td></tr>
<tr>
<td title='tests.PM_FunctionKeys_Test.test_clearMOI_funcKey()'><b>test_clearMOI_funcKey</b><br>Test class: tests.PM_FunctionKeys_Test<br>Parameters: public void tests.PM_FunctionKeys_Test.test_clearMOI_funcKey(java.lang.reflect.Method) throws java.lang.Exception</td>
<td><div><pre>java.lang.AssertionError: expected [true] but found [false]
	at utilities.ReusableUnits.clear_function_key(ReusableUnits.java:729)
	at tests.PM_FunctionKeys_Test.test_clearMOI_funcKey(PM_FunctionKeys_Test.java:641)
... Removed 29 stack frames</pre></div><a href='#' onClick='toggleBox("stack-trace1926983250", this, "Click to show all stack frames", "Click to hide stack frames")'>Click to show all stack frames</a>
<div class='stack-trace' id='stack-trace1926983250'><pre>java.lang.AssertionError: expected [true] but found [false]
	at org.testng.Assert.fail(Assert.java:96)
	at org.testng.Assert.failNotEquals(Assert.java:776)
	at org.testng.Assert.assertTrue(Assert.java:44)
	at org.testng.Assert.assertTrue(Assert.java:54)
	at utilities.ReusableUnits.clear_function_key(ReusableUnits.java:729)
	at tests.PM_FunctionKeys_Test.test_clearMOI_funcKey(PM_FunctionKeys_Test.java:641)
	at sun.reflect.NativeMethodAccessorImpl.invoke0(Native Method)
	at sun.reflect.NativeMethodAccessorImpl.invoke(NativeMethodAccessorImpl.java:62)
	at sun.reflect.DelegatingMethodAccessorImpl.invoke(DelegatingMethodAccessorImpl.java:43)
	at java.lang.reflect.Method.invoke(Method.java:498)
	at org.testng.internal.MethodInvocationHelper.invokeMethod(MethodInvocationHelper.java:124)
	at org.testng.internal.Invoker.invokeMethod(Invoker.java:583)
	at org.testng.internal.Invoker.invokeTestMethod(Invoker.java:719)
	at org.testng.internal.Invoker.invokeTestMethods(Invoker.java:989)
	at org.testng.internal.TestMethodWorker.invokeTestMethods(TestMethodWorker.java:125)
	at org.testng.internal.TestMethodWorker.run(TestMethodWorker.java:109)
	at org.testng.TestRunner.privateRun(TestRunner.java:648)
	at org.testng.TestRunner.run(TestRunner.java:505)
	at org.testng.SuiteRunner.runTest(SuiteRunner.java:455)
	at org.testng.SuiteRunner.runSequentially(SuiteRunner.java:450)
	at org.testng.SuiteRunner.privateRun(SuiteRunner.java:415)
	at org.testng.SuiteRunner.run(SuiteRunner.java:364)
	at org.testng.SuiteRunnerWorker.runSuite(SuiteRunnerWorker.java:52)
	at org.testng.SuiteRunnerWorker.run(SuiteRunnerWorker.java:84)
	at org.testng.TestNG.runSuitesSequentially(TestNG.java:1208)
	at org.testng.TestNG.runSuitesLocally(TestNG.java:1137)
	at org.testng.TestNG.runSuites(TestNG.java:1049)
	at org.testng.TestNG.run(TestNG.java:1017)
	at org.testng.remote.AbstractRemoteTestNG.run(AbstractRemoteTestNG.java:114)
	at org.testng.remote.RemoteTestNG.initAndRun(RemoteTestNG.java:251)
	at org.testng.remote.RemoteTestNG.main(RemoteTestNG.java:77)
</pre></div></td>
<td>93</td>
<td>tests.PM_FunctionKeys_Test@73846619</td></tr>
<tr>
<td title='tests.PM_FunctionKeys_Test.test_clearPGM_funcKey()'><b>test_clearPGM_funcKey</b><br>Test class: tests.PM_FunctionKeys_Test<br>Parameters: public void tests.PM_FunctionKeys_Test.test_clearPGM_funcKey(java.lang.reflect.Method) throws java.lang.Exception</td>
<td><div><pre>java.lang.AssertionError: expected [true] but found [false]
	at utilities.ReusableUnits.clear_function_key(ReusableUnits.java:729)
	at tests.PM_FunctionKeys_Test.test_clearPGM_funcKey(PM_FunctionKeys_Test.java:681)
... Removed 29 stack frames</pre></div><a href='#' onClick='toggleBox("stack-trace938025491", this, "Click to show all stack frames", "Click to hide stack frames")'>Click to show all stack frames</a>
<div class='stack-trace' id='stack-trace938025491'><pre>java.lang.AssertionError: expected [true] but found [false]
	at org.testng.Assert.fail(Assert.java:96)
	at org.testng.Assert.failNotEquals(Assert.java:776)
	at org.testng.Assert.assertTrue(Assert.java:44)
	at org.testng.Assert.assertTrue(Assert.java:54)
	at utilities.ReusableUnits.clear_function_key(ReusableUnits.java:729)
	at tests.PM_FunctionKeys_Test.test_clearPGM_funcKey(PM_FunctionKeys_Test.java:681)
	at sun.reflect.NativeMethodAccessorImpl.invoke0(Native Method)
	at sun.reflect.NativeMethodAccessorImpl.invoke(NativeMethodAccessorImpl.java:62)
	at sun.reflect.DelegatingMethodAccessorImpl.invoke(DelegatingMethodAccessorImpl.java:43)
	at java.lang.reflect.Method.invoke(Method.java:498)
	at org.testng.internal.MethodInvocationHelper.invokeMethod(MethodInvocationHelper.java:124)
	at org.testng.internal.Invoker.invokeMethod(Invoker.java:583)
	at org.testng.internal.Invoker.invokeTestMethod(Invoker.java:719)
	at org.testng.internal.Invoker.invokeTestMethods(Invoker.java:989)
	at org.testng.internal.TestMethodWorker.invokeTestMethods(TestMethodWorker.java:125)
	at org.testng.internal.TestMethodWorker.run(TestMethodWorker.java:109)
	at org.testng.TestRunner.privateRun(TestRunner.java:648)
	at org.testng.TestRunner.run(TestRunner.java:505)
	at org.testng.SuiteRunner.runTest(SuiteRunner.java:455)
	at org.testng.SuiteRunner.runSequentially(SuiteRunner.java:450)
	at org.testng.SuiteRunner.privateRun(SuiteRunner.java:415)
	at org.testng.SuiteRunner.run(SuiteRunner.java:364)
	at org.testng.SuiteRunnerWorker.runSuite(SuiteRunnerWorker.java:52)
	at org.testng.SuiteRunnerWorker.run(SuiteRunnerWorker.java:84)
	at org.testng.TestNG.runSuitesSequentially(TestNG.java:1208)
	at org.testng.TestNG.runSuitesLocally(TestNG.java:1137)
	at org.testng.TestNG.runSuites(TestNG.java:1049)
	at org.testng.TestNG.run(TestNG.java:1017)
	at org.testng.remote.AbstractRemoteTestNG.run(AbstractRemoteTestNG.java:114)
	at org.testng.remote.RemoteTestNG.initAndRun(RemoteTestNG.java:251)
	at org.testng.remote.RemoteTestNG.main(RemoteTestNG.java:77)
</pre></div></td>
<td>96</td>
<td>tests.PM_FunctionKeys_Test@73846619</td></tr>
<tr>
<td title='tests.PM_FunctionKeys_Test.test_clearREC_funcKey()'><b>test_clearREC_funcKey</b><br>Test class: tests.PM_FunctionKeys_Test<br>Parameters: public void tests.PM_FunctionKeys_Test.test_clearREC_funcKey(java.lang.reflect.Method) throws java.lang.Exception</td>
<td><div><pre>java.lang.AssertionError: expected [true] but found [false]
	at utilities.ReusableUnits.clear_function_key(ReusableUnits.java:729)
	at tests.PM_FunctionKeys_Test.test_clearREC_funcKey(PM_FunctionKeys_Test.java:721)
... Removed 29 stack frames</pre></div><a href='#' onClick='toggleBox("stack-trace1858783614", this, "Click to show all stack frames", "Click to hide stack frames")'>Click to show all stack frames</a>
<div class='stack-trace' id='stack-trace1858783614'><pre>java.lang.AssertionError: expected [true] but found [false]
	at org.testng.Assert.fail(Assert.java:96)
	at org.testng.Assert.failNotEquals(Assert.java:776)
	at org.testng.Assert.assertTrue(Assert.java:44)
	at org.testng.Assert.assertTrue(Assert.java:54)
	at utilities.ReusableUnits.clear_function_key(ReusableUnits.java:729)
	at tests.PM_FunctionKeys_Test.test_clearREC_funcKey(PM_FunctionKeys_Test.java:721)
	at sun.reflect.NativeMethodAccessorImpl.invoke0(Native Method)
	at sun.reflect.NativeMethodAccessorImpl.invoke(NativeMethodAccessorImpl.java:62)
	at sun.reflect.DelegatingMethodAccessorImpl.invoke(DelegatingMethodAccessorImpl.java:43)
	at java.lang.reflect.Method.invoke(Method.java:498)
	at org.testng.internal.MethodInvocationHelper.invokeMethod(MethodInvocationHelper.java:124)
	at org.testng.internal.Invoker.invokeMethod(Invoker.java:583)
	at org.testng.internal.Invoker.invokeTestMethod(Invoker.java:719)
	at org.testng.internal.Invoker.invokeTestMethods(Invoker.java:989)
	at org.testng.internal.TestMethodWorker.invokeTestMethods(TestMethodWorker.java:125)
	at org.testng.internal.TestMethodWorker.run(TestMethodWorker.java:109)
	at org.testng.TestRunner.privateRun(TestRunner.java:648)
	at org.testng.TestRunner.run(TestRunner.java:505)
	at org.testng.SuiteRunner.runTest(SuiteRunner.java:455)
	at org.testng.SuiteRunner.runSequentially(SuiteRunner.java:450)
	at org.testng.SuiteRunner.privateRun(SuiteRunner.java:415)
	at org.testng.SuiteRunner.run(SuiteRunner.java:364)
	at org.testng.SuiteRunnerWorker.runSuite(SuiteRunnerWorker.java:52)
	at org.testng.SuiteRunnerWorker.run(SuiteRunnerWorker.java:84)
	at org.testng.TestNG.runSuitesSequentially(TestNG.java:1208)
	at org.testng.TestNG.runSuitesLocally(TestNG.java:1137)
	at org.testng.TestNG.runSuites(TestNG.java:1049)
	at org.testng.TestNG.run(TestNG.java:1017)
	at org.testng.remote.AbstractRemoteTestNG.run(AbstractRemoteTestNG.java:114)
	at org.testng.remote.RemoteTestNG.initAndRun(RemoteTestNG.java:251)
	at org.testng.remote.RemoteTestNG.main(RemoteTestNG.java:77)
</pre></div></td>
<td>92</td>
<td>tests.PM_FunctionKeys_Test@73846619</td></tr>
<tr>
<td title='tests.PM_FunctionKeys_Test.test_clearSCABR_funcKey()'><b>test_clearSCABR_funcKey</b><br>Test class: tests.PM_FunctionKeys_Test<br>Parameters: public void tests.PM_FunctionKeys_Test.test_clearSCABR_funcKey(java.lang.reflect.Method) throws java.lang.Exception</td>
<td><div><pre>java.lang.AssertionError: expected [true] but found [false]
	at utilities.ReusableUnits.clear_function_key_SCA_SCABR(ReusableUnits.java:810)
	at tests.PM_FunctionKeys_Test.test_clearSCABR_funcKey(PM_FunctionKeys_Test.java:922)
... Removed 29 stack frames</pre></div><a href='#' onClick='toggleBox("stack-trace247556293", this, "Click to show all stack frames", "Click to hide stack frames")'>Click to show all stack frames</a>
<div class='stack-trace' id='stack-trace247556293'><pre>java.lang.AssertionError: expected [true] but found [false]
	at org.testng.Assert.fail(Assert.java:96)
	at org.testng.Assert.failNotEquals(Assert.java:776)
	at org.testng.Assert.assertTrue(Assert.java:44)
	at org.testng.Assert.assertTrue(Assert.java:54)
	at utilities.ReusableUnits.clear_function_key_SCA_SCABR(ReusableUnits.java:810)
	at tests.PM_FunctionKeys_Test.test_clearSCABR_funcKey(PM_FunctionKeys_Test.java:922)
	at sun.reflect.NativeMethodAccessorImpl.invoke0(Native Method)
	at sun.reflect.NativeMethodAccessorImpl.invoke(NativeMethodAccessorImpl.java:62)
	at sun.reflect.DelegatingMethodAccessorImpl.invoke(DelegatingMethodAccessorImpl.java:43)
	at java.lang.reflect.Method.invoke(Method.java:498)
	at org.testng.internal.MethodInvocationHelper.invokeMethod(MethodInvocationHelper.java:124)
	at org.testng.internal.Invoker.invokeMethod(Invoker.java:583)
	at org.testng.internal.Invoker.invokeTestMethod(Invoker.java:719)
	at org.testng.internal.Invoker.invokeTestMethods(Invoker.java:989)
	at org.testng.internal.TestMethodWorker.invokeTestMethods(TestMethodWorker.java:125)
	at org.testng.internal.TestMethodWorker.run(TestMethodWorker.java:109)
	at org.testng.TestRunner.privateRun(TestRunner.java:648)
	at org.testng.TestRunner.run(TestRunner.java:505)
	at org.testng.SuiteRunner.runTest(SuiteRunner.java:455)
	at org.testng.SuiteRunner.runSequentially(SuiteRunner.java:450)
	at org.testng.SuiteRunner.privateRun(SuiteRunner.java:415)
	at org.testng.SuiteRunner.run(SuiteRunner.java:364)
	at org.testng.SuiteRunnerWorker.runSuite(SuiteRunnerWorker.java:52)
	at org.testng.SuiteRunnerWorker.run(SuiteRunnerWorker.java:84)
	at org.testng.TestNG.runSuitesSequentially(TestNG.java:1208)
	at org.testng.TestNG.runSuitesLocally(TestNG.java:1137)
	at org.testng.TestNG.runSuites(TestNG.java:1049)
	at org.testng.TestNG.run(TestNG.java:1017)
	at org.testng.remote.AbstractRemoteTestNG.run(AbstractRemoteTestNG.java:114)
	at org.testng.remote.RemoteTestNG.initAndRun(RemoteTestNG.java:251)
	at org.testng.remote.RemoteTestNG.main(RemoteTestNG.java:77)
</pre></div></td>
<td>94</td>
<td>tests.PM_FunctionKeys_Test@73846619</td></tr>
<tr>
<td title='tests.PM_FunctionKeys_Test.test_clearSCA_funcKey()'><b>test_clearSCA_funcKey</b><br>Test class: tests.PM_FunctionKeys_Test<br>Parameters: public void tests.PM_FunctionKeys_Test.test_clearSCA_funcKey(java.lang.reflect.Method) throws java.lang.Exception</td>
<td><div><pre>java.lang.AssertionError: expected [true] but found [false]
	at utilities.ReusableUnits.clear_function_key_SCA_SCABR(ReusableUnits.java:810)
	at tests.PM_FunctionKeys_Test.test_clearSCA_funcKey(PM_FunctionKeys_Test.java:880)
... Removed 29 stack frames</pre></div><a href='#' onClick='toggleBox("stack-trace543937817", this, "Click to show all stack frames", "Click to hide stack frames")'>Click to show all stack frames</a>
<div class='stack-trace' id='stack-trace543937817'><pre>java.lang.AssertionError: expected [true] but found [false]
	at org.testng.Assert.fail(Assert.java:96)
	at org.testng.Assert.failNotEquals(Assert.java:776)
	at org.testng.Assert.assertTrue(Assert.java:44)
	at org.testng.Assert.assertTrue(Assert.java:54)
	at utilities.ReusableUnits.clear_function_key_SCA_SCABR(ReusableUnits.java:810)
	at tests.PM_FunctionKeys_Test.test_clearSCA_funcKey(PM_FunctionKeys_Test.java:880)
	at sun.reflect.NativeMethodAccessorImpl.invoke0(Native Method)
	at sun.reflect.NativeMethodAccessorImpl.invoke(NativeMethodAccessorImpl.java:62)
	at sun.reflect.DelegatingMethodAccessorImpl.invoke(DelegatingMethodAccessorImpl.java:43)
	at java.lang.reflect.Method.invoke(Method.java:498)
	at org.testng.internal.MethodInvocationHelper.invokeMethod(MethodInvocationHelper.java:124)
	at org.testng.internal.Invoker.invokeMethod(Invoker.java:583)
	at org.testng.internal.Invoker.invokeTestMethod(Invoker.java:719)
	at org.testng.internal.Invoker.invokeTestMethods(Invoker.java:989)
	at org.testng.internal.TestMethodWorker.invokeTestMethods(TestMethodWorker.java:125)
	at org.testng.internal.TestMethodWorker.run(TestMethodWorker.java:109)
	at org.testng.TestRunner.privateRun(TestRunner.java:648)
	at org.testng.TestRunner.run(TestRunner.java:505)
	at org.testng.SuiteRunner.runTest(SuiteRunner.java:455)
	at org.testng.SuiteRunner.runSequentially(SuiteRunner.java:450)
	at org.testng.SuiteRunner.privateRun(SuiteRunner.java:415)
	at org.testng.SuiteRunner.run(SuiteRunner.java:364)
	at org.testng.SuiteRunnerWorker.runSuite(SuiteRunnerWorker.java:52)
	at org.testng.SuiteRunnerWorker.run(SuiteRunnerWorker.java:84)
	at org.testng.TestNG.runSuitesSequentially(TestNG.java:1208)
	at org.testng.TestNG.runSuitesLocally(TestNG.java:1137)
	at org.testng.TestNG.runSuites(TestNG.java:1049)
	at org.testng.TestNG.run(TestNG.java:1017)
	at org.testng.remote.AbstractRemoteTestNG.run(AbstractRemoteTestNG.java:114)
	at org.testng.remote.RemoteTestNG.initAndRun(RemoteTestNG.java:251)
	at org.testng.remote.RemoteTestNG.main(RemoteTestNG.java:77)
</pre></div></td>
<td>93</td>
<td>tests.PM_FunctionKeys_Test@73846619</td></tr>
<tr>
<td title='tests.PM_FunctionKeys_Test.test_clearTNS_funcKey()'><b>test_clearTNS_funcKey</b><br>Test class: tests.PM_FunctionKeys_Test<br>Parameters: public void tests.PM_FunctionKeys_Test.test_clearTNS_funcKey(java.lang.reflect.Method) throws java.lang.Exception</td>
<td><div><pre>java.lang.AssertionError: expected [true] but found [false]
	at utilities.ReusableUnits.clear_function_key(ReusableUnits.java:729)
	at tests.PM_FunctionKeys_Test.test_clearTNS_funcKey(PM_FunctionKeys_Test.java:521)
... Removed 29 stack frames</pre></div><a href='#' onClick='toggleBox("stack-trace608188371", this, "Click to show all stack frames", "Click to hide stack frames")'>Click to show all stack frames</a>
<div class='stack-trace' id='stack-trace608188371'><pre>java.lang.AssertionError: expected [true] but found [false]
	at org.testng.Assert.fail(Assert.java:96)
	at org.testng.Assert.failNotEquals(Assert.java:776)
	at org.testng.Assert.assertTrue(Assert.java:44)
	at org.testng.Assert.assertTrue(Assert.java:54)
	at utilities.ReusableUnits.clear_function_key(ReusableUnits.java:729)
	at tests.PM_FunctionKeys_Test.test_clearTNS_funcKey(PM_FunctionKeys_Test.java:521)
	at sun.reflect.NativeMethodAccessorImpl.invoke0(Native Method)
	at sun.reflect.NativeMethodAccessorImpl.invoke(NativeMethodAccessorImpl.java:62)
	at sun.reflect.DelegatingMethodAccessorImpl.invoke(DelegatingMethodAccessorImpl.java:43)
	at java.lang.reflect.Method.invoke(Method.java:498)
	at org.testng.internal.MethodInvocationHelper.invokeMethod(MethodInvocationHelper.java:124)
	at org.testng.internal.Invoker.invokeMethod(Invoker.java:583)
	at org.testng.internal.Invoker.invokeTestMethod(Invoker.java:719)
	at org.testng.internal.Invoker.invokeTestMethods(Invoker.java:989)
	at org.testng.internal.TestMethodWorker.invokeTestMethods(TestMethodWorker.java:125)
	at org.testng.internal.TestMethodWorker.run(TestMethodWorker.java:109)
	at org.testng.TestRunner.privateRun(TestRunner.java:648)
	at org.testng.TestRunner.run(TestRunner.java:505)
	at org.testng.SuiteRunner.runTest(SuiteRunner.java:455)
	at org.testng.SuiteRunner.runSequentially(SuiteRunner.java:450)
	at org.testng.SuiteRunner.privateRun(SuiteRunner.java:415)
	at org.testng.SuiteRunner.run(SuiteRunner.java:364)
	at org.testng.SuiteRunnerWorker.runSuite(SuiteRunnerWorker.java:52)
	at org.testng.SuiteRunnerWorker.run(SuiteRunnerWorker.java:84)
	at org.testng.TestNG.runSuitesSequentially(TestNG.java:1208)
	at org.testng.TestNG.runSuitesLocally(TestNG.java:1137)
	at org.testng.TestNG.runSuites(TestNG.java:1049)
	at org.testng.TestNG.run(TestNG.java:1017)
	at org.testng.remote.AbstractRemoteTestNG.run(AbstractRemoteTestNG.java:114)
	at org.testng.remote.RemoteTestNG.initAndRun(RemoteTestNG.java:251)
	at org.testng.remote.RemoteTestNG.main(RemoteTestNG.java:77)
</pre></div></td>
<td>89</td>
<td>tests.PM_FunctionKeys_Test@73846619</td></tr>
<tr>
<td title='tests.PM_FunctionKeys_Test.test_createPGM_FuncKey()'><b>test_createPGM_FuncKey</b><br>Test class: tests.PM_FunctionKeys_Test<br>Parameters: public void tests.PM_FunctionKeys_Test.test_createPGM_FuncKey(java.lang.reflect.Method) throws java.lang.Exception</td>
<td><div><pre>java.lang.ArrayIndexOutOfBoundsException: 14
	at tests.PM_FunctionKeys_Test.test_createPGM_FuncKey(PM_FunctionKeys_Test.java:353)
... Removed 25 stack frames</pre></div><a href='#' onClick='toggleBox("stack-trace1616021043", this, "Click to show all stack frames", "Click to hide stack frames")'>Click to show all stack frames</a>
<div class='stack-trace' id='stack-trace1616021043'><pre>java.lang.ArrayIndexOutOfBoundsException: 14
	at tests.PM_FunctionKeys_Test.test_createPGM_FuncKey(PM_FunctionKeys_Test.java:353)
	at sun.reflect.NativeMethodAccessorImpl.invoke0(Native Method)
	at sun.reflect.NativeMethodAccessorImpl.invoke(NativeMethodAccessorImpl.java:62)
	at sun.reflect.DelegatingMethodAccessorImpl.invoke(DelegatingMethodAccessorImpl.java:43)
	at java.lang.reflect.Method.invoke(Method.java:498)
	at org.testng.internal.MethodInvocationHelper.invokeMethod(MethodInvocationHelper.java:124)
	at org.testng.internal.Invoker.invokeMethod(Invoker.java:583)
	at org.testng.internal.Invoker.invokeTestMethod(Invoker.java:719)
	at org.testng.internal.Invoker.invokeTestMethods(Invoker.java:989)
	at org.testng.internal.TestMethodWorker.invokeTestMethods(TestMethodWorker.java:125)
	at org.testng.internal.TestMethodWorker.run(TestMethodWorker.java:109)
	at org.testng.TestRunner.privateRun(TestRunner.java:648)
	at org.testng.TestRunner.run(TestRunner.java:505)
	at org.testng.SuiteRunner.runTest(SuiteRunner.java:455)
	at org.testng.SuiteRunner.runSequentially(SuiteRunner.java:450)
	at org.testng.SuiteRunner.privateRun(SuiteRunner.java:415)
	at org.testng.SuiteRunner.run(SuiteRunner.java:364)
	at org.testng.SuiteRunnerWorker.runSuite(SuiteRunnerWorker.java:52)
	at org.testng.SuiteRunnerWorker.run(SuiteRunnerWorker.java:84)
	at org.testng.TestNG.runSuitesSequentially(TestNG.java:1208)
	at org.testng.TestNG.runSuitesLocally(TestNG.java:1137)
	at org.testng.TestNG.runSuites(TestNG.java:1049)
	at org.testng.TestNG.run(TestNG.java:1017)
	at org.testng.remote.AbstractRemoteTestNG.run(AbstractRemoteTestNG.java:114)
	at org.testng.remote.RemoteTestNG.initAndRun(RemoteTestNG.java:251)
	at org.testng.remote.RemoteTestNG.main(RemoteTestNG.java:77)
</pre></div></td>
<td>34</td>
<td>tests.PM_FunctionKeys_Test@73846619</td></tr>
<tr>
<td title='tests.PM_FunctionKeys_Test.test_createREC_FuncKey()'><b>test_createREC_FuncKey</b><br>Test class: tests.PM_FunctionKeys_Test<br>Parameters: public void tests.PM_FunctionKeys_Test.test_createREC_FuncKey(java.lang.reflect.Method) throws java.lang.Exception</td>
<td><div><pre>org.openqa.selenium.NoSuchElementException: Cannot locate element with text: 90000
For documentation on this error, please visit: https://www.seleniumhq.org/exceptions/no_such_element.html
Build info: version: &apos;3.141.59&apos;, revision: &apos;e82be7d358&apos;, time: &apos;2018-11-14T08:17:03&apos;
System info: host: &apos;IN-7SMH5H2&apos;, ip: &apos;172.25.109.193&apos;, os.name: &apos;Windows 10&apos;, os.arch: &apos;amd64&apos;, os.version: &apos;10.0&apos;, java.version: &apos;1.8.0_181&apos;
Driver info: driver.version: unknown
	at org.openqa.selenium.support.ui.Select.selectByVisibleText(Select.java:147)
	at utilities.SelectDropDownValue.selectByVisibleText(SelectDropDownValue.java:18)
	at utilities.ReusableUnits.createExt_With_FunctionKey(ReusableUnits.java:475)
	at tests.PM_FunctionKeys_Test.test_createREC_FuncKey(PM_FunctionKeys_Test.java:371)
... Removed 25 stack frames</pre></div><a href='#' onClick='toggleBox("stack-trace1309835802", this, "Click to show all stack frames", "Click to hide stack frames")'>Click to show all stack frames</a>
<div class='stack-trace' id='stack-trace1309835802'><pre>org.openqa.selenium.NoSuchElementException: Cannot locate element with text: 90000
For documentation on this error, please visit: https://www.seleniumhq.org/exceptions/no_such_element.html
Build info: version: &apos;3.141.59&apos;, revision: &apos;e82be7d358&apos;, time: &apos;2018-11-14T08:17:03&apos;
System info: host: &apos;IN-7SMH5H2&apos;, ip: &apos;172.25.109.193&apos;, os.name: &apos;Windows 10&apos;, os.arch: &apos;amd64&apos;, os.version: &apos;10.0&apos;, java.version: &apos;1.8.0_181&apos;
Driver info: driver.version: unknown
	at org.openqa.selenium.support.ui.Select.selectByVisibleText(Select.java:147)
	at utilities.SelectDropDownValue.selectByVisibleText(SelectDropDownValue.java:18)
	at utilities.ReusableUnits.createExt_With_FunctionKey(ReusableUnits.java:475)
	at tests.PM_FunctionKeys_Test.test_createREC_FuncKey(PM_FunctionKeys_Test.java:371)
	at sun.reflect.NativeMethodAccessorImpl.invoke0(Native Method)
	at sun.reflect.NativeMethodAccessorImpl.invoke(NativeMethodAccessorImpl.java:62)
	at sun.reflect.DelegatingMethodAccessorImpl.invoke(DelegatingMethodAccessorImpl.java:43)
	at java.lang.reflect.Method.invoke(Method.java:498)
	at org.testng.internal.MethodInvocationHelper.invokeMethod(MethodInvocationHelper.java:124)
	at org.testng.internal.Invoker.invokeMethod(Invoker.java:583)
	at org.testng.internal.Invoker.invokeTestMethod(Invoker.java:719)
	at org.testng.internal.Invoker.invokeTestMethods(Invoker.java:989)
	at org.testng.internal.TestMethodWorker.invokeTestMethods(TestMethodWorker.java:125)
	at org.testng.internal.TestMethodWorker.run(TestMethodWorker.java:109)
	at org.testng.TestRunner.privateRun(TestRunner.java:648)
	at org.testng.TestRunner.run(TestRunner.java:505)
	at org.testng.SuiteRunner.runTest(SuiteRunner.java:455)
	at org.testng.SuiteRunner.runSequentially(SuiteRunner.java:450)
	at org.testng.SuiteRunner.privateRun(SuiteRunner.java:415)
	at org.testng.SuiteRunner.run(SuiteRunner.java:364)
	at org.testng.SuiteRunnerWorker.runSuite(SuiteRunnerWorker.java:52)
	at org.testng.SuiteRunnerWorker.run(SuiteRunnerWorker.java:84)
	at org.testng.TestNG.runSuitesSequentially(TestNG.java:1208)
	at org.testng.TestNG.runSuitesLocally(TestNG.java:1137)
	at org.testng.TestNG.runSuites(TestNG.java:1049)
	at org.testng.TestNG.run(TestNG.java:1017)
	at org.testng.remote.AbstractRemoteTestNG.run(AbstractRemoteTestNG.java:114)
	at org.testng.remote.RemoteTestNG.initAndRun(RemoteTestNG.java:251)
	at org.testng.remote.RemoteTestNG.main(RemoteTestNG.java:77)
</pre></div></td>
<td>81</td>
<td>tests.PM_FunctionKeys_Test@73846619</td></tr>
<tr>
<td title='tests.PM_FunctionKeys_Test.test_createSCABR_FuncKey()'><b>test_createSCABR_FuncKey</b><br>Test class: tests.PM_FunctionKeys_Test<br>Parameters: public void tests.PM_FunctionKeys_Test.test_createSCABR_FuncKey(java.lang.reflect.Method) throws java.lang.Exception</td>
<td><div><pre>java.lang.ArrayIndexOutOfBoundsException: 9
	at tests.PM_FunctionKeys_Test.test_createSCABR_FuncKey(PM_FunctionKeys_Test.java:487)
... Removed 25 stack frames</pre></div><a href='#' onClick='toggleBox("stack-trace329790676", this, "Click to show all stack frames", "Click to hide stack frames")'>Click to show all stack frames</a>
<div class='stack-trace' id='stack-trace329790676'><pre>java.lang.ArrayIndexOutOfBoundsException: 9
	at tests.PM_FunctionKeys_Test.test_createSCABR_FuncKey(PM_FunctionKeys_Test.java:487)
	at sun.reflect.NativeMethodAccessorImpl.invoke0(Native Method)
	at sun.reflect.NativeMethodAccessorImpl.invoke(NativeMethodAccessorImpl.java:62)
	at sun.reflect.DelegatingMethodAccessorImpl.invoke(DelegatingMethodAccessorImpl.java:43)
	at java.lang.reflect.Method.invoke(Method.java:498)
	at org.testng.internal.MethodInvocationHelper.invokeMethod(MethodInvocationHelper.java:124)
	at org.testng.internal.Invoker.invokeMethod(Invoker.java:583)
	at org.testng.internal.Invoker.invokeTestMethod(Invoker.java:719)
	at org.testng.internal.Invoker.invokeTestMethods(Invoker.java:989)
	at org.testng.internal.TestMethodWorker.invokeTestMethods(TestMethodWorker.java:125)
	at org.testng.internal.TestMethodWorker.run(TestMethodWorker.java:109)
	at org.testng.TestRunner.privateRun(TestRunner.java:648)
	at org.testng.TestRunner.run(TestRunner.java:505)
	at org.testng.SuiteRunner.runTest(SuiteRunner.java:455)
	at org.testng.SuiteRunner.runSequentially(SuiteRunner.java:450)
	at org.testng.SuiteRunner.privateRun(SuiteRunner.java:415)
	at org.testng.SuiteRunner.run(SuiteRunner.java:364)
	at org.testng.SuiteRunnerWorker.runSuite(SuiteRunnerWorker.java:52)
	at org.testng.SuiteRunnerWorker.run(SuiteRunnerWorker.java:84)
	at org.testng.TestNG.runSuitesSequentially(TestNG.java:1208)
	at org.testng.TestNG.runSuitesLocally(TestNG.java:1137)
	at org.testng.TestNG.runSuites(TestNG.java:1049)
	at org.testng.TestNG.run(TestNG.java:1017)
	at org.testng.remote.AbstractRemoteTestNG.run(AbstractRemoteTestNG.java:114)
	at org.testng.remote.RemoteTestNG.initAndRun(RemoteTestNG.java:251)
	at org.testng.remote.RemoteTestNG.main(RemoteTestNG.java:77)
</pre></div></td>
<td>0</td>
<td>tests.PM_FunctionKeys_Test@73846619</td></tr>
<tr>
<td title='tests.PM_FunctionKeys_Test.test_createSCA_FuncKey()'><b>test_createSCA_FuncKey</b><br>Test class: tests.PM_FunctionKeys_Test<br>Parameters: public void tests.PM_FunctionKeys_Test.test_createSCA_FuncKey(java.lang.reflect.Method) throws java.lang.Exception</td>
<td><div><pre>java.lang.ArrayIndexOutOfBoundsException: 9
	at tests.PM_FunctionKeys_Test.test_createSCA_FuncKey(PM_FunctionKeys_Test.java:434)
... Removed 25 stack frames</pre></div><a href='#' onClick='toggleBox("stack-trace1236849464", this, "Click to show all stack frames", "Click to hide stack frames")'>Click to show all stack frames</a>
<div class='stack-trace' id='stack-trace1236849464'><pre>java.lang.ArrayIndexOutOfBoundsException: 9
	at tests.PM_FunctionKeys_Test.test_createSCA_FuncKey(PM_FunctionKeys_Test.java:434)
	at sun.reflect.NativeMethodAccessorImpl.invoke0(Native Method)
	at sun.reflect.NativeMethodAccessorImpl.invoke(NativeMethodAccessorImpl.java:62)
	at sun.reflect.DelegatingMethodAccessorImpl.invoke(DelegatingMethodAccessorImpl.java:43)
	at java.lang.reflect.Method.invoke(Method.java:498)
	at org.testng.internal.MethodInvocationHelper.invokeMethod(MethodInvocationHelper.java:124)
	at org.testng.internal.Invoker.invokeMethod(Invoker.java:583)
	at org.testng.internal.Invoker.invokeTestMethod(Invoker.java:719)
	at org.testng.internal.Invoker.invokeTestMethods(Invoker.java:989)
	at org.testng.internal.TestMethodWorker.invokeTestMethods(TestMethodWorker.java:125)
	at org.testng.internal.TestMethodWorker.run(TestMethodWorker.java:109)
	at org.testng.TestRunner.privateRun(TestRunner.java:648)
	at org.testng.TestRunner.run(TestRunner.java:505)
	at org.testng.SuiteRunner.runTest(SuiteRunner.java:455)
	at org.testng.SuiteRunner.runSequentially(SuiteRunner.java:450)
	at org.testng.SuiteRunner.privateRun(SuiteRunner.java:415)
	at org.testng.SuiteRunner.run(SuiteRunner.java:364)
	at org.testng.SuiteRunnerWorker.runSuite(SuiteRunnerWorker.java:52)
	at org.testng.SuiteRunnerWorker.run(SuiteRunnerWorker.java:84)
	at org.testng.TestNG.runSuitesSequentially(TestNG.java:1208)
	at org.testng.TestNG.runSuitesLocally(TestNG.java:1137)
	at org.testng.TestNG.runSuites(TestNG.java:1049)
	at org.testng.TestNG.run(TestNG.java:1017)
	at org.testng.remote.AbstractRemoteTestNG.run(AbstractRemoteTestNG.java:114)
	at org.testng.remote.RemoteTestNG.initAndRun(RemoteTestNG.java:251)
	at org.testng.remote.RemoteTestNG.main(RemoteTestNG.java:77)
</pre></div></td>
<td>0</td>
<td>tests.PM_FunctionKeys_Test@73846619</td></tr>
<tr>
<td title='tests.PM_DigitalExtension_Test.test_createUser_with_Digital_Extension()'><b>test_createUser_with_Digital_Extension</b><br>Test class: tests.PM_DigitalExtension_Test<br>Parameters: public void tests.PM_DigitalExtension_Test.test_createUser_with_Digital_Extension(java.lang.reflect.Method) throws java.lang.Exception</td>
<td><div><pre>org.openqa.selenium.NoSuchElementException: no such element: Unable to locate element: {&quot;method&quot;:&quot;css selector&quot;,&quot;selector&quot;:&quot;*[name=&apos;onApplyButton&apos;]&quot;}
  (Session info: chrome=77.0.3865.90)
For documentation on this error, please visit: https://www.seleniumhq.org/exceptions/no_such_element.html
Build info: version: &apos;3.141.59&apos;, revision: &apos;e82be7d358&apos;, time: &apos;2018-11-14T08:17:03&apos;
System info: host: &apos;IN-7SMH5H2&apos;, ip: &apos;172.25.109.193&apos;, os.name: &apos;Windows 10&apos;, os.arch: &apos;amd64&apos;, os.version: &apos;10.0&apos;, java.version: &apos;1.8.0_181&apos;
Driver info: org.openqa.selenium.chrome.ChromeDriver
Capabilities {acceptInsecureCerts: false, browserName: chrome, browserVersion: 77.0.3865.90, chrome: {chromedriverVersion: 77.0.3865.40 (f484704e052e0..., userDataDir: C:\Users\mallikar\AppData\L...}, goog:chromeOptions: {debuggerAddress: localhost:3755}, javascriptEnabled: true, networkConnectionEnabled: false, pageLoadStrategy: normal, platform: XP, platformName: XP, proxy: Proxy(), setWindowRect: true, strictFileInteractability: false, timeouts: {implicit: 0, pageLoad: 300000, script: 30000}, unhandledPromptBehavior: accept}
Session ID: 58854a4a62c33815af26371841d0ffc9
*** Element info: {Using=name, value=onApplyButton}
	at org.openqa.selenium.remote.http.W3CHttpResponseCodec.createException(W3CHttpResponseCodec.java:187)
	at org.openqa.selenium.remote.http.W3CHttpResponseCodec.decode(W3CHttpResponseCodec.java:122)
	at org.openqa.selenium.remote.http.W3CHttpResponseCodec.decode(W3CHttpResponseCodec.java:49)
	at org.openqa.selenium.remote.HttpCommandExecutor.execute(HttpCommandExecutor.java:158)
	at org.openqa.selenium.remote.service.DriverCommandExecutor.execute(DriverCommandExecutor.java:83)
	at org.openqa.selenium.remote.RemoteWebDriver.execute(RemoteWebDriver.java:552)
	at org.openqa.selenium.remote.RemoteWebDriver.findElement(RemoteWebDriver.java:323)
	at org.openqa.selenium.remote.RemoteWebDriver.findElementByName(RemoteWebDriver.java:404)
	at org.openqa.selenium.By$ByName.findElement(By.java:284)
	at org.openqa.selenium.remote.RemoteWebDriver.findElement(RemoteWebDriver.java:315)
	at org.openqa.selenium.support.pagefactory.DefaultElementLocator.findElement(DefaultElementLocator.java:69)
	at org.openqa.selenium.support.pagefactory.internal.LocatingElementHandler.invoke(LocatingElementHandler.java:38)
	at com.sun.proxy.$Proxy14.click(Unknown Source)
	at tests.PM_DigitalExtension_Test.test_createUser_with_Digital_Extension(PM_DigitalExtension_Test.java:729)
... Removed 29 stack frames</pre></div><a href='#' onClick='toggleBox("stack-trace652080272", this, "Click to show all stack frames", "Click to hide stack frames")'>Click to show all stack frames</a>
<div class='stack-trace' id='stack-trace652080272'><pre>org.openqa.selenium.NoSuchElementException: no such element: Unable to locate element: {&quot;method&quot;:&quot;css selector&quot;,&quot;selector&quot;:&quot;*[name=&apos;onApplyButton&apos;]&quot;}
  (Session info: chrome=77.0.3865.90)
For documentation on this error, please visit: https://www.seleniumhq.org/exceptions/no_such_element.html
Build info: version: &apos;3.141.59&apos;, revision: &apos;e82be7d358&apos;, time: &apos;2018-11-14T08:17:03&apos;
System info: host: &apos;IN-7SMH5H2&apos;, ip: &apos;172.25.109.193&apos;, os.name: &apos;Windows 10&apos;, os.arch: &apos;amd64&apos;, os.version: &apos;10.0&apos;, java.version: &apos;1.8.0_181&apos;
Driver info: org.openqa.selenium.chrome.ChromeDriver
Capabilities {acceptInsecureCerts: false, browserName: chrome, browserVersion: 77.0.3865.90, chrome: {chromedriverVersion: 77.0.3865.40 (f484704e052e0..., userDataDir: C:\Users\mallikar\AppData\L...}, goog:chromeOptions: {debuggerAddress: localhost:3755}, javascriptEnabled: true, networkConnectionEnabled: false, pageLoadStrategy: normal, platform: XP, platformName: XP, proxy: Proxy(), setWindowRect: true, strictFileInteractability: false, timeouts: {implicit: 0, pageLoad: 300000, script: 30000}, unhandledPromptBehavior: accept}
Session ID: 58854a4a62c33815af26371841d0ffc9
*** Element info: {Using=name, value=onApplyButton}
	at sun.reflect.NativeConstructorAccessorImpl.newInstance0(Native Method)
	at sun.reflect.NativeConstructorAccessorImpl.newInstance(NativeConstructorAccessorImpl.java:62)
	at sun.reflect.DelegatingConstructorAccessorImpl.newInstance(DelegatingConstructorAccessorImpl.java:45)
	at java.lang.reflect.Constructor.newInstance(Constructor.java:423)
	at org.openqa.selenium.remote.http.W3CHttpResponseCodec.createException(W3CHttpResponseCodec.java:187)
	at org.openqa.selenium.remote.http.W3CHttpResponseCodec.decode(W3CHttpResponseCodec.java:122)
	at org.openqa.selenium.remote.http.W3CHttpResponseCodec.decode(W3CHttpResponseCodec.java:49)
	at org.openqa.selenium.remote.HttpCommandExecutor.execute(HttpCommandExecutor.java:158)
	at org.openqa.selenium.remote.service.DriverCommandExecutor.execute(DriverCommandExecutor.java:83)
	at org.openqa.selenium.remote.RemoteWebDriver.execute(RemoteWebDriver.java:552)
	at org.openqa.selenium.remote.RemoteWebDriver.findElement(RemoteWebDriver.java:323)
	at org.openqa.selenium.remote.RemoteWebDriver.findElementByName(RemoteWebDriver.java:404)
	at org.openqa.selenium.By$ByName.findElement(By.java:284)
	at org.openqa.selenium.remote.RemoteWebDriver.findElement(RemoteWebDriver.java:315)
	at org.openqa.selenium.support.pagefactory.DefaultElementLocator.findElement(DefaultElementLocator.java:69)
	at org.openqa.selenium.support.pagefactory.internal.LocatingElementHandler.invoke(LocatingElementHandler.java:38)
	at com.sun.proxy.$Proxy14.click(Unknown Source)
	at tests.PM_DigitalExtension_Test.test_createUser_with_Digital_Extension(PM_DigitalExtension_Test.java:729)
	at sun.reflect.NativeMethodAccessorImpl.invoke0(Native Method)
	at sun.reflect.NativeMethodAccessorImpl.invoke(NativeMethodAccessorImpl.java:62)
	at sun.reflect.DelegatingMethodAccessorImpl.invoke(DelegatingMethodAccessorImpl.java:43)
	at java.lang.reflect.Method.invoke(Method.java:498)
	at org.testng.internal.MethodInvocationHelper.invokeMethod(MethodInvocationHelper.java:124)
	at org.testng.internal.Invoker.invokeMethod(Invoker.java:583)
	at org.testng.internal.Invoker.invokeTestMethod(Invoker.java:719)
	at org.testng.internal.Invoker.invokeTestMethods(Invoker.java:989)
	at org.testng.internal.TestMethodWorker.invokeTestMethods(TestMethodWorker.java:125)
	at org.testng.internal.TestMethodWorker.run(TestMethodWorker.java:109)
	at org.testng.TestRunner.privateRun(TestRunner.java:648)
	at org.testng.TestRunner.run(TestRunner.java:505)
	at org.testng.SuiteRunner.runTest(SuiteRunner.java:455)
	at org.testng.SuiteRunner.runSequentially(SuiteRunner.java:450)
	at org.testng.SuiteRunner.privateRun(SuiteRunner.java:415)
	at org.testng.SuiteRunner.run(SuiteRunner.java:364)
	at org.testng.SuiteRunnerWorker.runSuite(SuiteRunnerWorker.java:52)
	at org.testng.SuiteRunnerWorker.run(SuiteRunnerWorker.java:84)
	at org.testng.TestNG.runSuitesSequentially(TestNG.java:1208)
	at org.testng.TestNG.runSuitesLocally(TestNG.java:1137)
	at org.testng.TestNG.runSuites(TestNG.java:1049)
	at org.testng.TestNG.run(TestNG.java:1017)
	at org.testng.remote.AbstractRemoteTestNG.run(AbstractRemoteTestNG.java:114)
	at org.testng.remote.RemoteTestNG.initAndRun(RemoteTestNG.java:251)
	at org.testng.remote.RemoteTestNG.main(RemoteTestNG.java:77)
</pre></div></td>
<td>152</td>
<td>tests.PM_DigitalExtension_Test@29ca901e</td></tr>
<tr>
<td title='tests.PM_SIPDECT_Tests.test_editT_ConfigureHotLineNumber_SIPDECT()'><b>test_editT_ConfigureHotLineNumber_SIPDECT</b><br>Test class: tests.PM_SIPDECT_Tests<br>Parameters: Delayed hot-line, public void tests.PM_SIPDECT_Tests.test_editT_ConfigureHotLineNumber_SIPDECT(java.lang.String,java.lang.reflect.Method) throws java.lang.Exception</td>
<td><div><pre>org.openqa.selenium.WebDriverException: unknown error: unhandled inspector error: {&quot;code&quot;:-32000,&quot;message&quot;:&quot;Cannot find context with specified id&quot;}
  (Session info: chrome=77.0.3865.90)
Build info: version: &apos;3.141.59&apos;, revision: &apos;e82be7d358&apos;, time: &apos;2018-11-14T08:17:03&apos;
System info: host: &apos;IN-7SMH5H2&apos;, ip: &apos;172.25.109.193&apos;, os.name: &apos;Windows 10&apos;, os.arch: &apos;amd64&apos;, os.version: &apos;10.0&apos;, java.version: &apos;1.8.0_181&apos;
Driver info: org.openqa.selenium.chrome.ChromeDriver
Capabilities {acceptInsecureCerts: false, browserName: chrome, browserVersion: 77.0.3865.90, chrome: {chromedriverVersion: 77.0.3865.40 (f484704e052e0..., userDataDir: C:\Users\mallikar\AppData\L...}, goog:chromeOptions: {debuggerAddress: localhost:16291}, javascriptEnabled: true, networkConnectionEnabled: false, pageLoadStrategy: normal, platform: XP, platformName: XP, proxy: Proxy(), setWindowRect: true, strictFileInteractability: false, timeouts: {implicit: 0, pageLoad: 300000, script: 30000}, unhandledPromptBehavior: accept}
Session ID: ed3d8c84e0908f116d0fb437807cf8db
	at org.openqa.selenium.remote.http.W3CHttpResponseCodec.createException(W3CHttpResponseCodec.java:187)
	at org.openqa.selenium.remote.http.W3CHttpResponseCodec.decode(W3CHttpResponseCodec.java:122)
	at org.openqa.selenium.remote.http.W3CHttpResponseCodec.decode(W3CHttpResponseCodec.java:49)
	at org.openqa.selenium.remote.HttpCommandExecutor.execute(HttpCommandExecutor.java:158)
	at org.openqa.selenium.remote.service.DriverCommandExecutor.execute(DriverCommandExecutor.java:83)
	at org.openqa.selenium.remote.RemoteWebDriver.execute(RemoteWebDriver.java:552)
	at org.openqa.selenium.remote.RemoteWebElement.execute(RemoteWebElement.java:285)
	at org.openqa.selenium.remote.RemoteWebElement.click(RemoteWebElement.java:84)
	at org.openqa.selenium.support.pagefactory.internal.LocatingElementHandler.invoke(LocatingElementHandler.java:51)
	at com.sun.proxy.$Proxy14.click(Unknown Source)
	at utilities.ExecuteCommands.executeCmds(ExecuteCommands.java:63)
	at tests.PM_SIPDECT_Tests.test_editT_ConfigureHotLineNumber_SIPDECT(PM_SIPDECT_Tests.java:327)
... Removed 32 stack frames</pre></div><a href='#' onClick='toggleBox("stack-trace1189827150", this, "Click to show all stack frames", "Click to hide stack frames")'>Click to show all stack frames</a>
<div class='stack-trace' id='stack-trace1189827150'><pre>org.openqa.selenium.WebDriverException: unknown error: unhandled inspector error: {&quot;code&quot;:-32000,&quot;message&quot;:&quot;Cannot find context with specified id&quot;}
  (Session info: chrome=77.0.3865.90)
Build info: version: &apos;3.141.59&apos;, revision: &apos;e82be7d358&apos;, time: &apos;2018-11-14T08:17:03&apos;
System info: host: &apos;IN-7SMH5H2&apos;, ip: &apos;172.25.109.193&apos;, os.name: &apos;Windows 10&apos;, os.arch: &apos;amd64&apos;, os.version: &apos;10.0&apos;, java.version: &apos;1.8.0_181&apos;
Driver info: org.openqa.selenium.chrome.ChromeDriver
Capabilities {acceptInsecureCerts: false, browserName: chrome, browserVersion: 77.0.3865.90, chrome: {chromedriverVersion: 77.0.3865.40 (f484704e052e0..., userDataDir: C:\Users\mallikar\AppData\L...}, goog:chromeOptions: {debuggerAddress: localhost:16291}, javascriptEnabled: true, networkConnectionEnabled: false, pageLoadStrategy: normal, platform: XP, platformName: XP, proxy: Proxy(), setWindowRect: true, strictFileInteractability: false, timeouts: {implicit: 0, pageLoad: 300000, script: 30000}, unhandledPromptBehavior: accept}
Session ID: ed3d8c84e0908f116d0fb437807cf8db
	at sun.reflect.NativeConstructorAccessorImpl.newInstance0(Native Method)
	at sun.reflect.NativeConstructorAccessorImpl.newInstance(NativeConstructorAccessorImpl.java:62)
	at sun.reflect.DelegatingConstructorAccessorImpl.newInstance(DelegatingConstructorAccessorImpl.java:45)
	at java.lang.reflect.Constructor.newInstance(Constructor.java:423)
	at org.openqa.selenium.remote.http.W3CHttpResponseCodec.createException(W3CHttpResponseCodec.java:187)
	at org.openqa.selenium.remote.http.W3CHttpResponseCodec.decode(W3CHttpResponseCodec.java:122)
	at org.openqa.selenium.remote.http.W3CHttpResponseCodec.decode(W3CHttpResponseCodec.java:49)
	at org.openqa.selenium.remote.HttpCommandExecutor.execute(HttpCommandExecutor.java:158)
	at org.openqa.selenium.remote.service.DriverCommandExecutor.execute(DriverCommandExecutor.java:83)
	at org.openqa.selenium.remote.RemoteWebDriver.execute(RemoteWebDriver.java:552)
	at org.openqa.selenium.remote.RemoteWebElement.execute(RemoteWebElement.java:285)
	at org.openqa.selenium.remote.RemoteWebElement.click(RemoteWebElement.java:84)
	at sun.reflect.GeneratedMethodAccessor2.invoke(Unknown Source)
	at sun.reflect.DelegatingMethodAccessorImpl.invoke(DelegatingMethodAccessorImpl.java:43)
	at java.lang.reflect.Method.invoke(Method.java:498)
	at org.openqa.selenium.support.pagefactory.internal.LocatingElementHandler.invoke(LocatingElementHandler.java:51)
	at com.sun.proxy.$Proxy14.click(Unknown Source)
	at utilities.ExecuteCommands.executeCmds(ExecuteCommands.java:63)
	at tests.PM_SIPDECT_Tests.test_editT_ConfigureHotLineNumber_SIPDECT(PM_SIPDECT_Tests.java:327)
	at sun.reflect.NativeMethodAccessorImpl.invoke0(Native Method)
	at sun.reflect.NativeMethodAccessorImpl.invoke(NativeMethodAccessorImpl.java:62)
	at sun.reflect.DelegatingMethodAccessorImpl.invoke(DelegatingMethodAccessorImpl.java:43)
	at java.lang.reflect.Method.invoke(Method.java:498)
	at org.testng.internal.MethodInvocationHelper.invokeMethod(MethodInvocationHelper.java:124)
	at org.testng.internal.Invoker.invokeMethod(Invoker.java:583)
	at org.testng.internal.Invoker.invokeTestMethod(Invoker.java:719)
	at org.testng.internal.Invoker.invokeTestMethods(Invoker.java:989)
	at org.testng.internal.TestMethodWorker.invokeTestMethods(TestMethodWorker.java:125)
	at org.testng.internal.TestMethodWorker.run(TestMethodWorker.java:109)
	at org.testng.TestRunner.privateRun(TestRunner.java:648)
	at org.testng.TestRunner.run(TestRunner.java:505)
	at org.testng.SuiteRunner.runTest(SuiteRunner.java:455)
	at org.testng.SuiteRunner.runSequentially(SuiteRunner.java:450)
	at org.testng.SuiteRunner.privateRun(SuiteRunner.java:415)
	at org.testng.SuiteRunner.run(SuiteRunner.java:364)
	at org.testng.SuiteRunnerWorker.runSuite(SuiteRunnerWorker.java:52)
	at org.testng.SuiteRunnerWorker.run(SuiteRunnerWorker.java:84)
	at org.testng.TestNG.runSuitesSequentially(TestNG.java:1208)
	at org.testng.TestNG.runSuitesLocally(TestNG.java:1137)
	at org.testng.TestNG.runSuites(TestNG.java:1049)
	at org.testng.TestNG.run(TestNG.java:1017)
	at org.testng.remote.AbstractRemoteTestNG.run(AbstractRemoteTestNG.java:114)
	at org.testng.remote.RemoteTestNG.initAndRun(RemoteTestNG.java:251)
	at org.testng.remote.RemoteTestNG.main(RemoteTestNG.java:77)
</pre></div></td>
<td>31</td>
<td>tests.PM_SIPDECT_Tests@6adede5</td></tr>
<tr>
<td title='tests.PM_SIPDECT_Tests.test_editUserAssignNew_SIPDECT_Extension()'><b>test_editUserAssignNew_SIPDECT_Extension</b><br>Test class: tests.PM_SIPDECT_Tests<br>Parameters: public void tests.PM_SIPDECT_Tests.test_editUserAssignNew_SIPDECT_Extension(java.lang.reflect.Method) throws java.lang.Exception</td>
<td><div><pre>java.lang.AssertionError: expected [true] but found [false]
	at tests.PM_SIPDECT_Tests.test_editUserAssignNew_SIPDECT_Extension(PM_SIPDECT_Tests.java:781)
... Removed 29 stack frames</pre></div><a href='#' onClick='toggleBox("stack-trace1244497556", this, "Click to show all stack frames", "Click to hide stack frames")'>Click to show all stack frames</a>
<div class='stack-trace' id='stack-trace1244497556'><pre>java.lang.AssertionError: expected [true] but found [false]
	at org.testng.Assert.fail(Assert.java:96)
	at org.testng.Assert.failNotEquals(Assert.java:776)
	at org.testng.Assert.assertTrue(Assert.java:44)
	at org.testng.Assert.assertTrue(Assert.java:54)
	at tests.PM_SIPDECT_Tests.test_editUserAssignNew_SIPDECT_Extension(PM_SIPDECT_Tests.java:781)
	at sun.reflect.NativeMethodAccessorImpl.invoke0(Native Method)
	at sun.reflect.NativeMethodAccessorImpl.invoke(NativeMethodAccessorImpl.java:62)
	at sun.reflect.DelegatingMethodAccessorImpl.invoke(DelegatingMethodAccessorImpl.java:43)
	at java.lang.reflect.Method.invoke(Method.java:498)
	at org.testng.internal.MethodInvocationHelper.invokeMethod(MethodInvocationHelper.java:124)
	at org.testng.internal.Invoker.invokeMethod(Invoker.java:583)
	at org.testng.internal.Invoker.invokeTestMethod(Invoker.java:719)
	at org.testng.internal.Invoker.invokeTestMethods(Invoker.java:989)
	at org.testng.internal.TestMethodWorker.invokeTestMethods(TestMethodWorker.java:125)
	at org.testng.internal.TestMethodWorker.run(TestMethodWorker.java:109)
	at org.testng.TestRunner.privateRun(TestRunner.java:648)
	at org.testng.TestRunner.run(TestRunner.java:505)
	at org.testng.SuiteRunner.runTest(SuiteRunner.java:455)
	at org.testng.SuiteRunner.runSequentially(SuiteRunner.java:450)
	at org.testng.SuiteRunner.privateRun(SuiteRunner.java:415)
	at org.testng.SuiteRunner.run(SuiteRunner.java:364)
	at org.testng.SuiteRunnerWorker.runSuite(SuiteRunnerWorker.java:52)
	at org.testng.SuiteRunnerWorker.run(SuiteRunnerWorker.java:84)
	at org.testng.TestNG.runSuitesSequentially(TestNG.java:1208)
	at org.testng.TestNG.runSuitesLocally(TestNG.java:1137)
	at org.testng.TestNG.runSuites(TestNG.java:1049)
	at org.testng.TestNG.run(TestNG.java:1017)
	at org.testng.remote.AbstractRemoteTestNG.run(AbstractRemoteTestNG.java:114)
	at org.testng.remote.RemoteTestNG.initAndRun(RemoteTestNG.java:251)
	at org.testng.remote.RemoteTestNG.main(RemoteTestNG.java:77)
</pre></div></td>
<td>184</td>
<td>tests.PM_SIPDECT_Tests@6adede5</td></tr>
<tr>
<td title='tests.PM_SIPDECT_Tests.test_edit_configureParallel_ringing_to_SIPDECT()'><b>test_edit_configureParallel_ringing_to_SIPDECT</b><br>Test class: tests.PM_SIPDECT_Tests<br>Parameters: public void tests.PM_SIPDECT_Tests.test_edit_configureParallel_ringing_to_SIPDECT(java.lang.reflect.Method) throws java.lang.Exception</td>
<td><div><pre>java.lang.AssertionError: expected [Add operation successful for:] but found [Add operation partly successful for:]
	at tests.PM_SIPDECT_Tests.test_edit_configureParallel_ringing_to_SIPDECT(PM_SIPDECT_Tests.java:206)
... Removed 31 stack frames</pre></div><a href='#' onClick='toggleBox("stack-trace1778693345", this, "Click to show all stack frames", "Click to hide stack frames")'>Click to show all stack frames</a>
<div class='stack-trace' id='stack-trace1778693345'><pre>java.lang.AssertionError: expected [Add operation successful for:] but found [Add operation partly successful for:]
	at org.testng.Assert.fail(Assert.java:96)
	at org.testng.Assert.failNotEquals(Assert.java:776)
	at org.testng.Assert.assertEqualsImpl(Assert.java:137)
	at org.testng.Assert.assertEquals(Assert.java:118)
	at org.testng.Assert.assertEquals(Assert.java:453)
	at org.testng.Assert.assertEquals(Assert.java:463)
	at tests.PM_SIPDECT_Tests.test_edit_configureParallel_ringing_to_SIPDECT(PM_SIPDECT_Tests.java:206)
	at sun.reflect.NativeMethodAccessorImpl.invoke0(Native Method)
	at sun.reflect.NativeMethodAccessorImpl.invoke(NativeMethodAccessorImpl.java:62)
	at sun.reflect.DelegatingMethodAccessorImpl.invoke(DelegatingMethodAccessorImpl.java:43)
	at java.lang.reflect.Method.invoke(Method.java:498)
	at org.testng.internal.MethodInvocationHelper.invokeMethod(MethodInvocationHelper.java:124)
	at org.testng.internal.Invoker.invokeMethod(Invoker.java:583)
	at org.testng.internal.Invoker.invokeTestMethod(Invoker.java:719)
	at org.testng.internal.Invoker.invokeTestMethods(Invoker.java:989)
	at org.testng.internal.TestMethodWorker.invokeTestMethods(TestMethodWorker.java:125)
	at org.testng.internal.TestMethodWorker.run(TestMethodWorker.java:109)
	at org.testng.TestRunner.privateRun(TestRunner.java:648)
	at org.testng.TestRunner.run(TestRunner.java:505)
	at org.testng.SuiteRunner.runTest(SuiteRunner.java:455)
	at org.testng.SuiteRunner.runSequentially(SuiteRunner.java:450)
	at org.testng.SuiteRunner.privateRun(SuiteRunner.java:415)
	at org.testng.SuiteRunner.run(SuiteRunner.java:364)
	at org.testng.SuiteRunnerWorker.runSuite(SuiteRunnerWorker.java:52)
	at org.testng.SuiteRunnerWorker.run(SuiteRunnerWorker.java:84)
	at org.testng.TestNG.runSuitesSequentially(TestNG.java:1208)
	at org.testng.TestNG.runSuitesLocally(TestNG.java:1137)
	at org.testng.TestNG.runSuites(TestNG.java:1049)
	at org.testng.TestNG.run(TestNG.java:1017)
	at org.testng.remote.AbstractRemoteTestNG.run(AbstractRemoteTestNG.java:114)
	at org.testng.remote.RemoteTestNG.initAndRun(RemoteTestNG.java:251)
	at org.testng.remote.RemoteTestNG.main(RemoteTestNG.java:77)
</pre></div></td>
<td>56</td>
<td>tests.PM_SIPDECT_Tests@6adede5</td></tr>
<tr>
<td title='tests.PM_AnalogExtension_Test.test_swap_analogEquipmentPositions()'><b>test_swap_analogEquipmentPositions</b><br>Test class: tests.PM_AnalogExtension_Test<br>Parameters: public void tests.PM_AnalogExtension_Test.test_swap_analogEquipmentPositions(java.lang.reflect.Method) throws java.lang.Exception</td>
<td><div><pre>org.openqa.selenium.TimeoutException: Expected condition failed: waiting for visibility of [[ChromeDriver: chrome on XP (99587368144caca946c9b474decb95db)] -&gt; id: blockUI] (tried for 20 second(s) with 500 milliseconds interval)
Build info: version: &apos;3.141.59&apos;, revision: &apos;e82be7d358&apos;, time: &apos;2018-11-14T08:17:03&apos;
System info: host: &apos;IN-7SMH5H2&apos;, ip: &apos;172.25.109.193&apos;, os.name: &apos;Windows 10&apos;, os.arch: &apos;amd64&apos;, os.version: &apos;10.0&apos;, java.version: &apos;1.8.0_181&apos;
Driver info: org.openqa.selenium.chrome.ChromeDriver
Capabilities {acceptInsecureCerts: false, browserName: chrome, browserVersion: 77.0.3865.90, chrome: {chromedriverVersion: 77.0.3865.40 (f484704e052e0..., userDataDir: C:\Users\mallikar\AppData\L...}, goog:chromeOptions: {debuggerAddress: localhost:7672}, javascriptEnabled: true, networkConnectionEnabled: false, pageLoadStrategy: normal, platform: XP, platformName: XP, proxy: Proxy(), setWindowRect: true, strictFileInteractability: false, timeouts: {implicit: 0, pageLoad: 300000, script: 30000}, unhandledPromptBehavior: accept}
Session ID: 99587368144caca946c9b474decb95db
	at org.openqa.selenium.support.ui.WebDriverWait.timeoutException(WebDriverWait.java:95)
	at org.openqa.selenium.support.ui.FluentWait.until(FluentWait.java:272)
	at tests.PM_AnalogExtension_Test.test_swap_analogEquipmentPositions(PM_AnalogExtension_Test.java:520)
... Removed 25 stack frames</pre></div><a href='#' onClick='toggleBox("stack-trace593938270", this, "Click to show all stack frames", "Click to hide stack frames")'>Click to show all stack frames</a>
<div class='stack-trace' id='stack-trace593938270'><pre>org.openqa.selenium.TimeoutException: Expected condition failed: waiting for visibility of [[ChromeDriver: chrome on XP (99587368144caca946c9b474decb95db)] -&gt; id: blockUI] (tried for 20 second(s) with 500 milliseconds interval)
Build info: version: &apos;3.141.59&apos;, revision: &apos;e82be7d358&apos;, time: &apos;2018-11-14T08:17:03&apos;
System info: host: &apos;IN-7SMH5H2&apos;, ip: &apos;172.25.109.193&apos;, os.name: &apos;Windows 10&apos;, os.arch: &apos;amd64&apos;, os.version: &apos;10.0&apos;, java.version: &apos;1.8.0_181&apos;
Driver info: org.openqa.selenium.chrome.ChromeDriver
Capabilities {acceptInsecureCerts: false, browserName: chrome, browserVersion: 77.0.3865.90, chrome: {chromedriverVersion: 77.0.3865.40 (f484704e052e0..., userDataDir: C:\Users\mallikar\AppData\L...}, goog:chromeOptions: {debuggerAddress: localhost:7672}, javascriptEnabled: true, networkConnectionEnabled: false, pageLoadStrategy: normal, platform: XP, platformName: XP, proxy: Proxy(), setWindowRect: true, strictFileInteractability: false, timeouts: {implicit: 0, pageLoad: 300000, script: 30000}, unhandledPromptBehavior: accept}
Session ID: 99587368144caca946c9b474decb95db
	at org.openqa.selenium.support.ui.WebDriverWait.timeoutException(WebDriverWait.java:95)
	at org.openqa.selenium.support.ui.FluentWait.until(FluentWait.java:272)
	at tests.PM_AnalogExtension_Test.test_swap_analogEquipmentPositions(PM_AnalogExtension_Test.java:520)
	at sun.reflect.NativeMethodAccessorImpl.invoke0(Native Method)
	at sun.reflect.NativeMethodAccessorImpl.invoke(NativeMethodAccessorImpl.java:62)
	at sun.reflect.DelegatingMethodAccessorImpl.invoke(DelegatingMethodAccessorImpl.java:43)
	at java.lang.reflect.Method.invoke(Method.java:498)
	at org.testng.internal.MethodInvocationHelper.invokeMethod(MethodInvocationHelper.java:124)
	at org.testng.internal.Invoker.invokeMethod(Invoker.java:583)
	at org.testng.internal.Invoker.invokeTestMethod(Invoker.java:719)
	at org.testng.internal.Invoker.invokeTestMethods(Invoker.java:989)
	at org.testng.internal.TestMethodWorker.invokeTestMethods(TestMethodWorker.java:125)
	at org.testng.internal.TestMethodWorker.run(TestMethodWorker.java:109)
	at org.testng.TestRunner.privateRun(TestRunner.java:648)
	at org.testng.TestRunner.run(TestRunner.java:505)
	at org.testng.SuiteRunner.runTest(SuiteRunner.java:455)
	at org.testng.SuiteRunner.runSequentially(SuiteRunner.java:450)
	at org.testng.SuiteRunner.privateRun(SuiteRunner.java:415)
	at org.testng.SuiteRunner.run(SuiteRunner.java:364)
	at org.testng.SuiteRunnerWorker.runSuite(SuiteRunnerWorker.java:52)
	at org.testng.SuiteRunnerWorker.run(SuiteRunnerWorker.java:84)
	at org.testng.TestNG.runSuitesSequentially(TestNG.java:1208)
	at org.testng.TestNG.runSuitesLocally(TestNG.java:1137)
	at org.testng.TestNG.runSuites(TestNG.java:1049)
	at org.testng.TestNG.run(TestNG.java:1017)
	at org.testng.remote.AbstractRemoteTestNG.run(AbstractRemoteTestNG.java:114)
	at org.testng.remote.RemoteTestNG.initAndRun(RemoteTestNG.java:251)
	at org.testng.remote.RemoteTestNG.main(RemoteTestNG.java:77)
</pre></div></td>
<td>62</td>
<td>tests.PM_AnalogExtension_Test@5649fd9b</td></tr>
<tr>
<td title='tests.PM_DigitalExtension_Test.test_swap_digitalEquipmentPositions()'><b>test_swap_digitalEquipmentPositions</b><br>Test class: tests.PM_DigitalExtension_Test<br>Parameters: public void tests.PM_DigitalExtension_Test.test_swap_digitalEquipmentPositions(java.lang.reflect.Method) throws java.lang.Exception</td>
<td><div><pre>org.openqa.selenium.TimeoutException: Expected condition failed: waiting for visibility of [[ChromeDriver: chrome on XP (58854a4a62c33815af26371841d0ffc9)] -&gt; id: blockUI] (tried for 20 second(s) with 500 milliseconds interval)
Build info: version: &apos;3.141.59&apos;, revision: &apos;e82be7d358&apos;, time: &apos;2018-11-14T08:17:03&apos;
System info: host: &apos;IN-7SMH5H2&apos;, ip: &apos;172.25.109.193&apos;, os.name: &apos;Windows 10&apos;, os.arch: &apos;amd64&apos;, os.version: &apos;10.0&apos;, java.version: &apos;1.8.0_181&apos;
Driver info: org.openqa.selenium.chrome.ChromeDriver
Capabilities {acceptInsecureCerts: false, browserName: chrome, browserVersion: 77.0.3865.90, chrome: {chromedriverVersion: 77.0.3865.40 (f484704e052e0..., userDataDir: C:\Users\mallikar\AppData\L...}, goog:chromeOptions: {debuggerAddress: localhost:3755}, javascriptEnabled: true, networkConnectionEnabled: false, pageLoadStrategy: normal, platform: XP, platformName: XP, proxy: Proxy(), setWindowRect: true, strictFileInteractability: false, timeouts: {implicit: 0, pageLoad: 300000, script: 30000}, unhandledPromptBehavior: accept}
Session ID: 58854a4a62c33815af26371841d0ffc9
	at org.openqa.selenium.support.ui.WebDriverWait.timeoutException(WebDriverWait.java:95)
	at org.openqa.selenium.support.ui.FluentWait.until(FluentWait.java:272)
	at tests.PM_DigitalExtension_Test.test_swap_digitalEquipmentPositions(PM_DigitalExtension_Test.java:587)
... Removed 25 stack frames</pre></div><a href='#' onClick='toggleBox("stack-trace965476669", this, "Click to show all stack frames", "Click to hide stack frames")'>Click to show all stack frames</a>
<div class='stack-trace' id='stack-trace965476669'><pre>org.openqa.selenium.TimeoutException: Expected condition failed: waiting for visibility of [[ChromeDriver: chrome on XP (58854a4a62c33815af26371841d0ffc9)] -&gt; id: blockUI] (tried for 20 second(s) with 500 milliseconds interval)
Build info: version: &apos;3.141.59&apos;, revision: &apos;e82be7d358&apos;, time: &apos;2018-11-14T08:17:03&apos;
System info: host: &apos;IN-7SMH5H2&apos;, ip: &apos;172.25.109.193&apos;, os.name: &apos;Windows 10&apos;, os.arch: &apos;amd64&apos;, os.version: &apos;10.0&apos;, java.version: &apos;1.8.0_181&apos;
Driver info: org.openqa.selenium.chrome.ChromeDriver
Capabilities {acceptInsecureCerts: false, browserName: chrome, browserVersion: 77.0.3865.90, chrome: {chromedriverVersion: 77.0.3865.40 (f484704e052e0..., userDataDir: C:\Users\mallikar\AppData\L...}, goog:chromeOptions: {debuggerAddress: localhost:3755}, javascriptEnabled: true, networkConnectionEnabled: false, pageLoadStrategy: normal, platform: XP, platformName: XP, proxy: Proxy(), setWindowRect: true, strictFileInteractability: false, timeouts: {implicit: 0, pageLoad: 300000, script: 30000}, unhandledPromptBehavior: accept}
Session ID: 58854a4a62c33815af26371841d0ffc9
	at org.openqa.selenium.support.ui.WebDriverWait.timeoutException(WebDriverWait.java:95)
	at org.openqa.selenium.support.ui.FluentWait.until(FluentWait.java:272)
	at tests.PM_DigitalExtension_Test.test_swap_digitalEquipmentPositions(PM_DigitalExtension_Test.java:587)
	at sun.reflect.NativeMethodAccessorImpl.invoke0(Native Method)
	at sun.reflect.NativeMethodAccessorImpl.invoke(NativeMethodAccessorImpl.java:62)
	at sun.reflect.DelegatingMethodAccessorImpl.invoke(DelegatingMethodAccessorImpl.java:43)
	at java.lang.reflect.Method.invoke(Method.java:498)
	at org.testng.internal.MethodInvocationHelper.invokeMethod(MethodInvocationHelper.java:124)
	at org.testng.internal.Invoker.invokeMethod(Invoker.java:583)
	at org.testng.internal.Invoker.invokeTestMethod(Invoker.java:719)
	at org.testng.internal.Invoker.invokeTestMethods(Invoker.java:989)
	at org.testng.internal.TestMethodWorker.invokeTestMethods(TestMethodWorker.java:125)
	at org.testng.internal.TestMethodWorker.run(TestMethodWorker.java:109)
	at org.testng.TestRunner.privateRun(TestRunner.java:648)
	at org.testng.TestRunner.run(TestRunner.java:505)
	at org.testng.SuiteRunner.runTest(SuiteRunner.java:455)
	at org.testng.SuiteRunner.runSequentially(SuiteRunner.java:450)
	at org.testng.SuiteRunner.privateRun(SuiteRunner.java:415)
	at org.testng.SuiteRunner.run(SuiteRunner.java:364)
	at org.testng.SuiteRunnerWorker.runSuite(SuiteRunnerWorker.java:52)
	at org.testng.SuiteRunnerWorker.run(SuiteRunnerWorker.java:84)
	at org.testng.TestNG.runSuitesSequentially(TestNG.java:1208)
	at org.testng.TestNG.runSuitesLocally(TestNG.java:1137)
	at org.testng.TestNG.runSuites(TestNG.java:1049)
	at org.testng.TestNG.run(TestNG.java:1017)
	at org.testng.remote.AbstractRemoteTestNG.run(AbstractRemoteTestNG.java:114)
	at org.testng.remote.RemoteTestNG.initAndRun(RemoteTestNG.java:251)
	at org.testng.remote.RemoteTestNG.main(RemoteTestNG.java:77)
</pre></div></td>
<td>61</td>
<td>tests.PM_DigitalExtension_Test@29ca901e</td></tr>
</table><p>
<table width='100%' border='1' class='invocation-passed'>
<tr><td colspan='4' align='center'><b>PASSED TESTS</b></td></tr>
<tr><td><b>Test method</b></td>
<td width="30%"><b>Exception</b></td>
<td width="10%"><b>Time (seconds)</b></td>
<td><b>Instance</b></td>
</tr>
<tr>
<td title='tests.PM_PersonalNumber_Tests.create_PN_Analog_Extension()'><b>create_PN_Analog_Extension</b><br>Test class: tests.PM_PersonalNumber_Tests<br>Parameters: public void tests.PM_PersonalNumber_Tests.create_PN_Analog_Extension(java.lang.reflect.Method) throws java.lang.Exception</td>
<td></td>
<td>225</td>
<td>tests.PM_PersonalNumber_Tests@5025a98f</td></tr>
<tr>
<td title='tests.PM_PersonalNumber_Tests.create_PN_Digital_Extension()'><b>create_PN_Digital_Extension</b><br>Test class: tests.PM_PersonalNumber_Tests<br>Parameters: public void tests.PM_PersonalNumber_Tests.create_PN_Digital_Extension(java.lang.reflect.Method) throws java.lang.Exception</td>
<td></td>
<td>226</td>
<td>tests.PM_PersonalNumber_Tests@5025a98f</td></tr>
<tr>
<td title='tests.PM_PersonalNumber_Tests.create_PN_IP_Extension()'><b>create_PN_IP_Extension</b><br>Test class: tests.PM_PersonalNumber_Tests<br>Parameters: public void tests.PM_PersonalNumber_Tests.create_PN_IP_Extension(java.lang.reflect.Method) throws java.lang.Exception</td>
<td></td>
<td>243</td>
<td>tests.PM_PersonalNumber_Tests@5025a98f</td></tr>
<tr>
<td title='tests.PM_PersonalNumber_Tests.create_PN_Virtual_Extension()'><b>create_PN_Virtual_Extension</b><br>Test class: tests.PM_PersonalNumber_Tests<br>Parameters: public void tests.PM_PersonalNumber_Tests.create_PN_Virtual_Extension(java.lang.reflect.Method) throws java.lang.Exception</td>
<td></td>
<td>239</td>
<td>tests.PM_PersonalNumber_Tests@5025a98f</td></tr>
<tr>
<td title='tests.PM_PersonalNumber_Tests.edit_IP_extension_to_change_active_call_list()'><b>edit_IP_extension_to_change_active_call_list</b><br>Test class: tests.PM_PersonalNumber_Tests<br>Parameters: public void tests.PM_PersonalNumber_Tests.edit_IP_extension_to_change_active_call_list(java.lang.reflect.Method) throws java.lang.Exception</td>
<td></td>
<td>288</td>
<td>tests.PM_PersonalNumber_Tests@5025a98f</td></tr>
<tr>
<td title='tests.PM_PersonalNumber_Tests.edit_analog_extension_to_change_active_call_list()'><b>edit_analog_extension_to_change_active_call_list</b><br>Test class: tests.PM_PersonalNumber_Tests<br>Parameters: public void tests.PM_PersonalNumber_Tests.edit_analog_extension_to_change_active_call_list(java.lang.reflect.Method) throws java.lang.Exception</td>
<td></td>
<td>261</td>
<td>tests.PM_PersonalNumber_Tests@5025a98f</td></tr>
<tr>
<td title='tests.PM_PersonalNumber_Tests.edit_digital_extension_to_change_active_call_list()'><b>edit_digital_extension_to_change_active_call_list</b><br>Test class: tests.PM_PersonalNumber_Tests<br>Parameters: public void tests.PM_PersonalNumber_Tests.edit_digital_extension_to_change_active_call_list(java.lang.reflect.Method) throws java.lang.Exception</td>
<td></td>
<td>258</td>
<td>tests.PM_PersonalNumber_Tests@5025a98f</td></tr>
<tr>
<td title='tests.PM_PersonalNumber_Tests.edit_sip_dect_extension_to_change_active_call_list()'><b>edit_sip_dect_extension_to_change_active_call_list</b><br>Test class: tests.PM_PersonalNumber_Tests<br>Parameters: public void tests.PM_PersonalNumber_Tests.edit_sip_dect_extension_to_change_active_call_list(java.lang.reflect.Method) throws java.lang.Exception</td>
<td></td>
<td>304</td>
<td>tests.PM_PersonalNumber_Tests@5025a98f</td></tr>
<tr>
<td title='tests.PM_PersonalNumber_Tests.edit_virtual_extension_to_change_active_call_list()'><b>edit_virtual_extension_to_change_active_call_list</b><br>Test class: tests.PM_PersonalNumber_Tests<br>Parameters: public void tests.PM_PersonalNumber_Tests.edit_virtual_extension_to_change_active_call_list(java.lang.reflect.Method) throws java.lang.Exception</td>
<td></td>
<td>297</td>
<td>tests.PM_PersonalNumber_Tests@5025a98f</td></tr>
<tr>
<td title='tests.PM_Extension_Test.test_configureParallel_ringing_to_IP()'><b>test_configureParallel_ringing_to_IP</b><br>Test class: tests.PM_Extension_Test<br>Parameters: public void tests.PM_Extension_Test.test_configureParallel_ringing_to_IP(java.lang.reflect.Method) throws java.lang.Exception</td>
<td></td>
<td>60</td>
<td>tests.PM_Extension_Test@4bec1f0c</td></tr>
<tr>
<td title='tests.PM_VirtualExtension_Test.test_configureParallel_ringing_to_VirtualExt()'><b>test_configureParallel_ringing_to_VirtualExt</b><br>Test class: tests.PM_VirtualExtension_Test<br>Parameters: public void tests.PM_VirtualExtension_Test.test_configureParallel_ringing_to_VirtualExt(java.lang.reflect.Method) throws java.lang.Exception</td>
<td></td>
<td>60</td>
<td>tests.PM_VirtualExtension_Test@49993335</td></tr>
<tr>
<td title='tests.PM_AnalogExtension_Test.test_createAnalogExtension()'><b>test_createAnalogExtension</b><br>Test class: tests.PM_AnalogExtension_Test<br>Parameters: public void tests.PM_AnalogExtension_Test.test_createAnalogExtension(java.lang.reflect.Method) throws java.lang.Exception</td>
<td></td>
<td>43</td>
<td>tests.PM_AnalogExtension_Test@5649fd9b</td></tr>
<tr>
<td title='tests.PM_FunctionKeys_Test.test_createDMN_FuncKey()'><b>test_createDMN_FuncKey</b><br>Test class: tests.PM_FunctionKeys_Test<br>Parameters: public void tests.PM_FunctionKeys_Test.test_createDMN_FuncKey(java.lang.reflect.Method) throws java.lang.Exception</td>
<td></td>
<td>69</td>
<td>tests.PM_FunctionKeys_Test@73846619</td></tr>
<tr>
<td title='tests.PM_DigitalExtension_Test.test_createDigitalExtension()'><b>test_createDigitalExtension</b><br>Test class: tests.PM_DigitalExtension_Test<br>Parameters: public void tests.PM_DigitalExtension_Test.test_createDigitalExtension(java.lang.reflect.Method) throws java.lang.Exception</td>
<td></td>
<td>43</td>
<td>tests.PM_DigitalExtension_Test@29ca901e</td></tr>
<tr>
<td title='tests.PM_FunctionKeys_Test.test_createEDN_FuncKey()'><b>test_createEDN_FuncKey</b><br>Test class: tests.PM_FunctionKeys_Test<br>Parameters: public void tests.PM_FunctionKeys_Test.test_createEDN_FuncKey(java.lang.reflect.Method) throws java.lang.Exception</td>
<td></td>
<td>67</td>
<td>tests.PM_FunctionKeys_Test@73846619</td></tr>
<tr>
<td title='tests.PM_FunctionKeys_Test.test_createGMA_FuncKey()'><b>test_createGMA_FuncKey</b><br>Test class: tests.PM_FunctionKeys_Test<br>Parameters: public void tests.PM_FunctionKeys_Test.test_createGMA_FuncKey(java.lang.reflect.Method) throws java.lang.Exception</td>
<td></td>
<td>68</td>
<td>tests.PM_FunctionKeys_Test@73846619</td></tr>
<tr>
<td title='tests.PM_FunctionKeys_Test.test_createMCT_FuncKey()'><b>test_createMCT_FuncKey</b><br>Test class: tests.PM_FunctionKeys_Test<br>Parameters: public void tests.PM_FunctionKeys_Test.test_createMCT_FuncKey(java.lang.reflect.Method) throws java.lang.Exception</td>
<td></td>
<td>48</td>
<td>tests.PM_FunctionKeys_Test@73846619</td></tr>
<tr>
<td title='tests.PM_FunctionKeys_Test.test_createMNS_FuncKey()'><b>test_createMNS_FuncKey</b><br>Test class: tests.PM_FunctionKeys_Test<br>Parameters: public void tests.PM_FunctionKeys_Test.test_createMNS_FuncKey(java.lang.reflect.Method) throws java.lang.Exception</td>
<td></td>
<td>68</td>
<td>tests.PM_FunctionKeys_Test@73846619</td></tr>
<tr>
<td title='tests.PM_FunctionKeys_Test.test_createMOI_FuncKey()'><b>test_createMOI_FuncKey</b><br>Test class: tests.PM_FunctionKeys_Test<br>Parameters: public void tests.PM_FunctionKeys_Test.test_createMOI_FuncKey(java.lang.reflect.Method) throws java.lang.Exception</td>
<td></td>
<td>49</td>
<td>tests.PM_FunctionKeys_Test@73846619</td></tr>
<tr>
<td title='tests.PM_FunctionKeys_Test.test_createTNS_FuncKey()'><b>test_createTNS_FuncKey</b><br>Test class: tests.PM_FunctionKeys_Test<br>Parameters: public void tests.PM_FunctionKeys_Test.test_createTNS_FuncKey(java.lang.reflect.Method) throws java.lang.Exception</td>
<td></td>
<td>69</td>
<td>tests.PM_FunctionKeys_Test@73846619</td></tr>
<tr>
<td title='tests.PM_User_Test.test_createUserAssignExistingExtension()'><b>test_createUserAssignExistingExtension</b><br>Test class: tests.PM_User_Test<br>Parameters: public void tests.PM_User_Test.test_createUserAssignExistingExtension(java.lang.reflect.Method) throws java.lang.Exception</td>
<td></td>
<td>113</td>
<td>tests.PM_User_Test@3159c4b8</td></tr>
<tr>
<td title='tests.PM_SIPDECT_Tests.test_createUserAssignExisting_SIPDECT_Extension()'><b>test_createUserAssignExisting_SIPDECT_Extension</b><br>Test class: tests.PM_SIPDECT_Tests<br>Parameters: public void tests.PM_SIPDECT_Tests.test_createUserAssignExisting_SIPDECT_Extension(java.lang.reflect.Method) throws java.lang.Exception</td>
<td></td>
<td>137</td>
<td>tests.PM_SIPDECT_Tests@6adede5</td></tr>
<tr>
<td title='tests.PM_VirtualExtension_Test.test_createUserAssign_Existing_VirtualExtension()'><b>test_createUserAssign_Existing_VirtualExtension</b><br>Test class: tests.PM_VirtualExtension_Test<br>Parameters: public void tests.PM_VirtualExtension_Test.test_createUserAssign_Existing_VirtualExtension(java.lang.reflect.Method) throws java.lang.Exception</td>
<td></td>
<td>97</td>
<td>tests.PM_VirtualExtension_Test@49993335</td></tr>
<tr>
<td title='tests.PM_User_Test.test_createUserWithExtension()'><b>test_createUserWithExtension</b><br>Test class: tests.PM_User_Test<br>Parameters: public void tests.PM_User_Test.test_createUserWithExtension(java.lang.reflect.Method) throws java.lang.Exception</td>
<td></td>
<td>116</td>
<td>tests.PM_User_Test@3159c4b8</td></tr>
<tr>
<td title='tests.PM_User_Test.test_createUserWithExtesnsionUsingIPTemplate()'><b>test_createUserWithExtesnsionUsingIPTemplate</b><br>Test class: tests.PM_User_Test<br>Parameters: public void tests.PM_User_Test.test_createUserWithExtesnsionUsingIPTemplate(java.lang.reflect.Method) throws java.lang.Exception</td>
<td></td>
<td>141</td>
<td>tests.PM_User_Test@3159c4b8</td></tr>
<tr>
<td title='tests.PM_VirtualExtension_Test.test_createUserWith_Extesnsion_Using_VirtualTemplate()'><b>test_createUserWith_Extesnsion_Using_VirtualTemplate</b><br>Test class: tests.PM_VirtualExtension_Test<br>Parameters: public void tests.PM_VirtualExtension_Test.test_createUserWith_Extesnsion_Using_VirtualTemplate(java.lang.reflect.Method) throws java.lang.Exception</td>
<td></td>
<td>125</td>
<td>tests.PM_VirtualExtension_Test@49993335</td></tr>
<tr>
<td title='tests.PM_SIPDECT_Tests.test_createUserWith_SIPDECT_Extension()'><b>test_createUserWith_SIPDECT_Extension</b><br>Test class: tests.PM_SIPDECT_Tests<br>Parameters: public void tests.PM_SIPDECT_Tests.test_createUserWith_SIPDECT_Extension(java.lang.reflect.Method) throws java.lang.Exception</td>
<td></td>
<td>124</td>
<td>tests.PM_SIPDECT_Tests@6adede5</td></tr>
<tr>
<td title='tests.PM_AnalogExtension_Test.test_createUser_with_AnalogExtension_usingTemplate()'><b>test_createUser_with_AnalogExtension_usingTemplate</b><br>Test class: tests.PM_AnalogExtension_Test<br>Parameters: public void tests.PM_AnalogExtension_Test.test_createUser_with_AnalogExtension_usingTemplate(java.lang.reflect.Method) throws java.lang.Exception</td>
<td></td>
<td>122</td>
<td>tests.PM_AnalogExtension_Test@5649fd9b</td></tr>
<tr>
<td title='tests.PM_DigitalExtension_Test.test_createUser_with_DigitalExtension_usingTemplate()'><b>test_createUser_with_DigitalExtension_usingTemplate</b><br>Test class: tests.PM_DigitalExtension_Test<br>Parameters: public void tests.PM_DigitalExtension_Test.test_createUser_with_DigitalExtension_usingTemplate(java.lang.reflect.Method) throws java.lang.Exception</td>
<td></td>
<td>125</td>
<td>tests.PM_DigitalExtension_Test@29ca901e</td></tr>
<tr>
<td title='tests.PM_AnalogExtension_Test.test_createUser_with_analog_Extension()'><b>test_createUser_with_analog_Extension</b><br>Test class: tests.PM_AnalogExtension_Test<br>Parameters: public void tests.PM_AnalogExtension_Test.test_createUser_with_analog_Extension(java.lang.reflect.Method) throws java.lang.Exception</td>
<td></td>
<td>105</td>
<td>tests.PM_AnalogExtension_Test@5649fd9b</td></tr>
<tr>
<td title='tests.PM_DigitalExtension_Test.test_createUser_with_existing_Digital_Extension()'><b>test_createUser_with_existing_Digital_Extension</b><br>Test class: tests.PM_DigitalExtension_Test<br>Parameters: public void tests.PM_DigitalExtension_Test.test_createUser_with_existing_Digital_Extension(java.lang.reflect.Method) throws java.lang.Exception</td>
<td></td>
<td>98</td>
<td>tests.PM_DigitalExtension_Test@29ca901e</td></tr>
<tr>
<td title='tests.PM_AnalogExtension_Test.test_createUser_with_existing_analog_Extension()'><b>test_createUser_with_existing_analog_Extension</b><br>Test class: tests.PM_AnalogExtension_Test<br>Parameters: public void tests.PM_AnalogExtension_Test.test_createUser_with_existing_analog_Extension(java.lang.reflect.Method) throws java.lang.Exception</td>
<td></td>
<td>98</td>
<td>tests.PM_AnalogExtension_Test@5649fd9b</td></tr>
<tr>
<td title='tests.PM_VirtualExtension_Test.test_createUser_with_virtualExtension()'><b>test_createUser_with_virtualExtension</b><br>Test class: tests.PM_VirtualExtension_Test<br>Parameters: public void tests.PM_VirtualExtension_Test.test_createUser_with_virtualExtension(java.lang.reflect.Method) throws java.lang.Exception</td>
<td></td>
<td>107</td>
<td>tests.PM_VirtualExtension_Test@49993335</td></tr>
<tr>
<td title='tests.PM_Extension_Test.test_create_IP_extension()'><b>test_create_IP_extension</b><br>Test class: tests.PM_Extension_Test<br>Parameters: public void tests.PM_Extension_Test.test_create_IP_extension(java.lang.reflect.Method) throws java.lang.Exception</td>
<td></td>
<td>43</td>
<td>tests.PM_Extension_Test@4bec1f0c</td></tr>
<tr>
<td title='tests.PM_Extension_Test.test_create_IP_extension_usingTemplate()'><b>test_create_IP_extension_usingTemplate</b><br>Test class: tests.PM_Extension_Test<br>Parameters: public void tests.PM_Extension_Test.test_create_IP_extension_usingTemplate(java.lang.reflect.Method) throws java.lang.Exception</td>
<td></td>
<td>62</td>
<td>tests.PM_Extension_Test@4bec1f0c</td></tr>
<tr>
<td title='tests.PM_PersonalNumber_Tests.test_create_PN_SIPDECT_Extension()'><b>test_create_PN_SIPDECT_Extension</b><br>Test class: tests.PM_PersonalNumber_Tests<br>Parameters: public void tests.PM_PersonalNumber_Tests.test_create_PN_SIPDECT_Extension(java.lang.reflect.Method) throws java.lang.Exception</td>
<td></td>
<td>260</td>
<td>tests.PM_PersonalNumber_Tests@5025a98f</td></tr>
<tr>
<td title='tests.PM_SIPDECT_Tests.test_create_SIP_DECT_extension()'><b>test_create_SIP_DECT_extension</b><br>Test class: tests.PM_SIPDECT_Tests<br>Parameters: public void tests.PM_SIPDECT_Tests.test_create_SIP_DECT_extension(java.lang.reflect.Method) throws java.lang.Exception</td>
<td></td>
<td>58</td>
<td>tests.PM_SIPDECT_Tests@6adede5</td></tr>
<tr>
<td title='tests.PM_AnalogExtension_Test.test_create_analogExt_using_Template()'><b>test_create_analogExt_using_Template</b><br>Test class: tests.PM_AnalogExtension_Test<br>Parameters: public void tests.PM_AnalogExtension_Test.test_create_analogExt_using_Template(java.lang.reflect.Method) throws java.lang.Exception</td>
<td></td>
<td>57</td>
<td>tests.PM_AnalogExtension_Test@5649fd9b</td></tr>
<tr>
<td title='tests.PM_DigitalExtension_Test.test_create_digitalExt_using_Template()'><b>test_create_digitalExt_using_Template</b><br>Test class: tests.PM_DigitalExtension_Test<br>Parameters: public void tests.PM_DigitalExtension_Test.test_create_digitalExt_using_Template(java.lang.reflect.Method) throws java.lang.Exception</td>
<td></td>
<td>59</td>
<td>tests.PM_DigitalExtension_Test@29ca901e</td></tr>
<tr>
<td title='tests.PM_MultiTerminal_Test.test_create_multi_terminal_WithIP()'><b>test_create_multi_terminal_WithIP</b><br>Test class: tests.PM_MultiTerminal_Test<br>Parameters: public void tests.PM_MultiTerminal_Test.test_create_multi_terminal_WithIP(java.lang.reflect.Method) throws java.lang.Exception</td>
<td></td>
<td>56</td>
<td>tests.PM_MultiTerminal_Test@2d928643</td></tr>
<tr>
<td title='tests.PM_MultiTerminal_Test.test_create_multi_terminal_WithSIP_Auto()'><b>test_create_multi_terminal_WithSIP_Auto</b><br>Test class: tests.PM_MultiTerminal_Test<br>Parameters: public void tests.PM_MultiTerminal_Test.test_create_multi_terminal_WithSIP_Auto(java.lang.reflect.Method) throws java.lang.Exception</td>
<td></td>
<td>48</td>
<td>tests.PM_MultiTerminal_Test@2d928643</td></tr>
<tr>
<td title='tests.PM_MultiTerminal_Test.test_create_multi_terminal_With_MobileExtension()'><b>test_create_multi_terminal_With_MobileExtension</b><br>Test class: tests.PM_MultiTerminal_Test<br>Parameters: public void tests.PM_MultiTerminal_Test.test_create_multi_terminal_With_MobileExtension(java.lang.reflect.Method) throws java.lang.Exception</td>
<td></td>
<td>47</td>
<td>tests.PM_MultiTerminal_Test@2d928643</td></tr>
<tr>
<td title='tests.PM_MultiTerminal_Test.test_create_multi_terminal_extension()'><b>test_create_multi_terminal_extension</b><br>Test class: tests.PM_MultiTerminal_Test<br>Parameters: public void tests.PM_MultiTerminal_Test.test_create_multi_terminal_extension(java.lang.reflect.Method) throws java.lang.Exception</td>
<td></td>
<td>42</td>
<td>tests.PM_MultiTerminal_Test@2d928643</td></tr>
<tr>
<td title='tests.PM_User_Test.test_create_user()'><b>test_create_user</b><br>Test class: tests.PM_User_Test<br>Parameters: public void tests.PM_User_Test.test_create_user(java.lang.reflect.Method) throws java.lang.Exception</td>
<td></td>
<td>76</td>
<td>tests.PM_User_Test@3159c4b8</td></tr>
<tr>
<td title='tests.PM_VirtualExtension_Test.test_create_virtual_extension()'><b>test_create_virtual_extension</b><br>Test class: tests.PM_VirtualExtension_Test<br>Parameters: public void tests.PM_VirtualExtension_Test.test_create_virtual_extension(java.lang.reflect.Method) throws java.lang.Exception</td>
<td></td>
<td>41</td>
<td>tests.PM_VirtualExtension_Test@49993335</td></tr>
<tr>
<td title='tests.PM_VirtualExtension_Test.test_create_virtual_extension_usingTemplate()'><b>test_create_virtual_extension_usingTemplate</b><br>Test class: tests.PM_VirtualExtension_Test<br>Parameters: public void tests.PM_VirtualExtension_Test.test_create_virtual_extension_usingTemplate(java.lang.reflect.Method) throws java.lang.Exception</td>
<td></td>
<td>60</td>
<td>tests.PM_VirtualExtension_Test@49993335</td></tr>
<tr>
<td title='tests.PM_Extension_Test.test_delete_IP_extension()'><b>test_delete_IP_extension</b><br>Test class: tests.PM_Extension_Test<br>Parameters: public void tests.PM_Extension_Test.test_delete_IP_extension(java.lang.reflect.Method) throws java.lang.Exception</td>
<td></td>
<td>50</td>
<td>tests.PM_Extension_Test@4bec1f0c</td></tr>
<tr>
<td title='tests.PM_SIPDECT_Tests.test_delete_SIPDECT_extension()'><b>test_delete_SIPDECT_extension</b><br>Test class: tests.PM_SIPDECT_Tests<br>Parameters: public void tests.PM_SIPDECT_Tests.test_delete_SIPDECT_extension(java.lang.reflect.Method) throws java.lang.Exception</td>
<td></td>
<td>67</td>
<td>tests.PM_SIPDECT_Tests@6adede5</td></tr>
<tr>
<td title='tests.PM_AnalogExtension_Test.test_delete_analogExtension()'><b>test_delete_analogExtension</b><br>Test class: tests.PM_AnalogExtension_Test<br>Parameters: public void tests.PM_AnalogExtension_Test.test_delete_analogExtension(java.lang.reflect.Method) throws java.lang.Exception</td>
<td></td>
<td>35</td>
<td>tests.PM_AnalogExtension_Test@5649fd9b</td></tr>
<tr>
<td title='tests.PM_DigitalExtension_Test.test_delete_digitalExtension()'><b>test_delete_digitalExtension</b><br>Test class: tests.PM_DigitalExtension_Test<br>Parameters: public void tests.PM_DigitalExtension_Test.test_delete_digitalExtension(java.lang.reflect.Method) throws java.lang.Exception</td>
<td></td>
<td>36</td>
<td>tests.PM_DigitalExtension_Test@29ca901e</td></tr>
<tr>
<td title='tests.PM_User_Test.test_delete_multipleUsers()'><b>test_delete_multipleUsers</b><br>Test class: tests.PM_User_Test<br>Parameters: public void tests.PM_User_Test.test_delete_multipleUsers(java.lang.reflect.Method) throws java.lang.Exception</td>
<td></td>
<td>156</td>
<td>tests.PM_User_Test@3159c4b8</td></tr>
<tr>
<td title='tests.PM_Extension_Test.test_delete_multiple_IP_extension()'><b>test_delete_multiple_IP_extension</b><br>Test class: tests.PM_Extension_Test<br>Parameters: public void tests.PM_Extension_Test.test_delete_multiple_IP_extension(java.lang.reflect.Method) throws java.lang.Exception</td>
<td></td>
<td>45</td>
<td>tests.PM_Extension_Test@4bec1f0c</td></tr>
<tr>
<td title='tests.PM_SIPDECT_Tests.test_delete_multiple_SIPDECT_extension()'><b>test_delete_multiple_SIPDECT_extension</b><br>Test class: tests.PM_SIPDECT_Tests<br>Parameters: public void tests.PM_SIPDECT_Tests.test_delete_multiple_SIPDECT_extension(java.lang.reflect.Method) throws java.lang.Exception</td>
<td></td>
<td>67</td>
<td>tests.PM_SIPDECT_Tests@6adede5</td></tr>
<tr>
<td title='tests.PM_VirtualExtension_Test.test_delete_multiple_virtual_extension()'><b>test_delete_multiple_virtual_extension</b><br>Test class: tests.PM_VirtualExtension_Test<br>Parameters: public void tests.PM_VirtualExtension_Test.test_delete_multiple_virtual_extension(java.lang.reflect.Method) throws java.lang.Exception</td>
<td></td>
<td>39</td>
<td>tests.PM_VirtualExtension_Test@49993335</td></tr>
<tr>
<td title='tests.PM_User_Test.test_delete_user()'><b>test_delete_user</b><br>Test class: tests.PM_User_Test<br>Parameters: public void tests.PM_User_Test.test_delete_user(java.lang.reflect.Method) throws java.lang.Exception</td>
<td></td>
<td>18</td>
<td>tests.PM_User_Test@3159c4b8</td></tr>
<tr>
<td title='tests.PM_User_Test.test_delete_user_byClicking_delete_button()'><b>test_delete_user_byClicking_delete_button</b><br>Test class: tests.PM_User_Test<br>Parameters: public void tests.PM_User_Test.test_delete_user_byClicking_delete_button(java.lang.reflect.Method) throws java.lang.Exception</td>
<td></td>
<td>124</td>
<td>tests.PM_User_Test@3159c4b8</td></tr>
<tr>
<td title='tests.PM_VirtualExtension_Test.test_delete_virtual_extension()'><b>test_delete_virtual_extension</b><br>Test class: tests.PM_VirtualExtension_Test<br>Parameters: public void tests.PM_VirtualExtension_Test.test_delete_virtual_extension(java.lang.reflect.Method) throws java.lang.Exception</td>
<td></td>
<td>50</td>
<td>tests.PM_VirtualExtension_Test@49993335</td></tr>
<tr>
<td title='tests.PM_Extension_Test.test_editIPExtensionCSP()'><b>test_editIPExtensionCSP</b><br>Test class: tests.PM_Extension_Test<br>Parameters: public void tests.PM_Extension_Test.test_editIPExtensionCSP(java.lang.reflect.Method) throws java.lang.Exception</td>
<td></td>
<td>63</td>
<td>tests.PM_Extension_Test@4bec1f0c</td></tr>
<tr>
<td title='tests.PM_Extension_Test.test_editIPExtensionPhoneType()'><b>test_editIPExtensionPhoneType</b><br>Test class: tests.PM_Extension_Test<br>Parameters: public void tests.PM_Extension_Test.test_editIPExtensionPhoneType(java.lang.reflect.Method) throws java.lang.Exception</td>
<td></td>
<td>62</td>
<td>tests.PM_Extension_Test@4bec1f0c</td></tr>
<tr>
<td title='tests.PM_SIPDECT_Tests.test_editSet_First_LastNames_SIPDECT()'><b>test_editSet_First_LastNames_SIPDECT</b><br>Test class: tests.PM_SIPDECT_Tests<br>Parameters: public void tests.PM_SIPDECT_Tests.test_editSet_First_LastNames_SIPDECT(java.lang.reflect.Method) throws java.lang.Exception</td>
<td></td>
<td>80</td>
<td>tests.PM_SIPDECT_Tests@6adede5</td></tr>
<tr>
<td title='tests.PM_SIPDECT_Tests.test_editT_ConfigureHotLineNumber_SIPDECT()'><b>test_editT_ConfigureHotLineNumber_SIPDECT</b><br>Test class: tests.PM_SIPDECT_Tests<br>Parameters: Hot-line, public void tests.PM_SIPDECT_Tests.test_editT_ConfigureHotLineNumber_SIPDECT(java.lang.String,java.lang.reflect.Method) throws java.lang.Exception</td>
<td></td>
<td>86</td>
<td>tests.PM_SIPDECT_Tests@6adede5</td></tr>
<tr>
<td title='tests.PM_Extension_Test.test_editToAssignThirdPartySIPClient()'><b>test_editToAssignThirdPartySIPClient</b><br>Test class: tests.PM_Extension_Test<br>Parameters: public void tests.PM_Extension_Test.test_editToAssignThirdPartySIPClient(java.lang.reflect.Method) throws java.lang.Exception</td>
<td></td>
<td>63</td>
<td>tests.PM_Extension_Test@4bec1f0c</td></tr>
<tr>
<td title='tests.PM_Extension_Test.test_editToConfigureCallPark()'><b>test_editToConfigureCallPark</b><br>Test class: tests.PM_Extension_Test<br>Parameters: public void tests.PM_Extension_Test.test_editToConfigureCallPark(java.lang.reflect.Method) throws java.lang.Exception</td>
<td></td>
<td>63</td>
<td>tests.PM_Extension_Test@4bec1f0c</td></tr>
<tr>
<td title='tests.PM_Extension_Test.test_editToConfigureHotLineNumber()'><b>test_editToConfigureHotLineNumber</b><br>Test class: tests.PM_Extension_Test<br>Parameters: Hot-line, public void tests.PM_Extension_Test.test_editToConfigureHotLineNumber(java.lang.String,java.lang.reflect.Method) throws java.lang.Exception</td>
<td></td>
<td>53</td>
<td>tests.PM_Extension_Test@4bec1f0c</td></tr>
<tr>
<td title='tests.PM_Extension_Test.test_editToConfigureHotLineNumber()'><b>test_editToConfigureHotLineNumber</b><br>Test class: tests.PM_Extension_Test<br>Parameters: Delayed hot-line, public void tests.PM_Extension_Test.test_editToConfigureHotLineNumber(java.lang.String,java.lang.reflect.Method) throws java.lang.Exception</td>
<td></td>
<td>52</td>
<td>tests.PM_Extension_Test@4bec1f0c</td></tr>
<tr>
<td title='tests.PM_VirtualExtension_Test.test_editToConfigureHotLineNumber_Virtual()'><b>test_editToConfigureHotLineNumber_Virtual</b><br>Test class: tests.PM_VirtualExtension_Test<br>Parameters: Hot-line, public void tests.PM_VirtualExtension_Test.test_editToConfigureHotLineNumber_Virtual(java.lang.String,java.lang.reflect.Method) throws java.lang.Exception</td>
<td></td>
<td>58</td>
<td>tests.PM_VirtualExtension_Test@49993335</td></tr>
<tr>
<td title='tests.PM_VirtualExtension_Test.test_editToConfigureHotLineNumber_Virtual()'><b>test_editToConfigureHotLineNumber_Virtual</b><br>Test class: tests.PM_VirtualExtension_Test<br>Parameters: Delayed hot-line, public void tests.PM_VirtualExtension_Test.test_editToConfigureHotLineNumber_Virtual(java.lang.String,java.lang.reflect.Method) throws java.lang.Exception</td>
<td></td>
<td>60</td>
<td>tests.PM_VirtualExtension_Test@49993335</td></tr>
<tr>
<td title='tests.PM_Extension_Test.test_editToConfigureSecondLineState()'><b>test_editToConfigureSecondLineState</b><br>Test class: tests.PM_Extension_Test<br>Parameters: No, but can be changed via terminal menu, public void tests.PM_Extension_Test.test_editToConfigureSecondLineState(java.lang.String,java.lang.reflect.Method) throws java.lang.Exception</td>
<td></td>
<td>62</td>
<td>tests.PM_Extension_Test@4bec1f0c</td></tr>
<tr>
<td title='tests.PM_Extension_Test.test_editToConfigureSecondLineState()'><b>test_editToConfigureSecondLineState</b><br>Test class: tests.PM_Extension_Test<br>Parameters: Yes, can not be changed via terminal menu, public void tests.PM_Extension_Test.test_editToConfigureSecondLineState(java.lang.String,java.lang.reflect.Method) throws java.lang.Exception</td>
<td></td>
<td>63</td>
<td>tests.PM_Extension_Test@4bec1f0c</td></tr>
<tr>
<td title='tests.PM_Extension_Test.test_editToConfigureSecondLineState()'><b>test_editToConfigureSecondLineState</b><br>Test class: tests.PM_Extension_Test<br>Parameters: No, can not be changed via terminal menu, public void tests.PM_Extension_Test.test_editToConfigureSecondLineState(java.lang.String,java.lang.reflect.Method) throws java.lang.Exception</td>
<td></td>
<td>62</td>
<td>tests.PM_Extension_Test@4bec1f0c</td></tr>
<tr>
<td title='tests.PM_Extension_Test.test_editToSetFirst_LastNames()'><b>test_editToSetFirst_LastNames</b><br>Test class: tests.PM_Extension_Test<br>Parameters: public void tests.PM_Extension_Test.test_editToSetFirst_LastNames(java.lang.reflect.Method) throws java.lang.Exception</td>
<td></td>
<td>64</td>
<td>tests.PM_Extension_Test@4bec1f0c</td></tr>
<tr>
<td title='tests.PM_VirtualExtension_Test.test_editToSetFirst_LastNames_virtualExt()'><b>test_editToSetFirst_LastNames_virtualExt</b><br>Test class: tests.PM_VirtualExtension_Test<br>Parameters: public void tests.PM_VirtualExtension_Test.test_editToSetFirst_LastNames_virtualExt(java.lang.reflect.Method) throws java.lang.Exception</td>
<td></td>
<td>49</td>
<td>tests.PM_VirtualExtension_Test@49993335</td></tr>
<tr>
<td title='tests.PM_User_Test.test_editUserAssignExistingExtension()'><b>test_editUserAssignExistingExtension</b><br>Test class: tests.PM_User_Test<br>Parameters: public void tests.PM_User_Test.test_editUserAssignExistingExtension(java.lang.reflect.Method) throws java.lang.Exception</td>
<td></td>
<td>135</td>
<td>tests.PM_User_Test@3159c4b8</td></tr>
<tr>
<td title='tests.PM_User_Test.test_editUserAssignNewExtension()'><b>test_editUserAssignNewExtension</b><br>Test class: tests.PM_User_Test<br>Parameters: public void tests.PM_User_Test.test_editUserAssignNewExtension(java.lang.reflect.Method) throws java.lang.Exception</td>
<td></td>
<td>143</td>
<td>tests.PM_User_Test@3159c4b8</td></tr>
<tr>
<td title='tests.PM_VirtualExtension_Test.test_editUserAssign_Existing_VirtualExtension()'><b>test_editUserAssign_Existing_VirtualExtension</b><br>Test class: tests.PM_VirtualExtension_Test<br>Parameters: public void tests.PM_VirtualExtension_Test.test_editUserAssign_Existing_VirtualExtension(java.lang.reflect.Method) throws java.lang.Exception</td>
<td></td>
<td>107</td>
<td>tests.PM_VirtualExtension_Test@49993335</td></tr>
<tr>
<td title='tests.PM_User_Test.test_editUserToRemoveExtension()'><b>test_editUserToRemoveExtension</b><br>Test class: tests.PM_User_Test<br>Parameters: public void tests.PM_User_Test.test_editUserToRemoveExtension(java.lang.reflect.Method) throws java.lang.Exception</td>
<td></td>
<td>207</td>
<td>tests.PM_User_Test@3159c4b8</td></tr>
<tr>
<td title='tests.PM_SIPDECT_Tests.test_editUserToRemove_SIPDECT_Extension()'><b>test_editUserToRemove_SIPDECT_Extension</b><br>Test class: tests.PM_SIPDECT_Tests<br>Parameters: public void tests.PM_SIPDECT_Tests.test_editUserToRemove_SIPDECT_Extension(java.lang.reflect.Method) throws java.lang.Exception</td>
<td></td>
<td>189</td>
<td>tests.PM_SIPDECT_Tests@6adede5</td></tr>
<tr>
<td title='tests.PM_VirtualExtension_Test.test_editUserToRemove_VirtualExtension()'><b>test_editUserToRemove_VirtualExtension</b><br>Test class: tests.PM_VirtualExtension_Test<br>Parameters: public void tests.PM_VirtualExtension_Test.test_editUserToRemove_VirtualExtension(java.lang.reflect.Method) throws java.lang.Exception</td>
<td></td>
<td>172</td>
<td>tests.PM_VirtualExtension_Test@49993335</td></tr>
<tr>
<td title='tests.PM_SIPDECT_Tests.test_editUser_AssignExisting_SIPDECT_Extension()'><b>test_editUser_AssignExisting_SIPDECT_Extension</b><br>Test class: tests.PM_SIPDECT_Tests<br>Parameters: public void tests.PM_SIPDECT_Tests.test_editUser_AssignExisting_SIPDECT_Extension(java.lang.reflect.Method) throws java.lang.Exception</td>
<td></td>
<td>147</td>
<td>tests.PM_SIPDECT_Tests@6adede5</td></tr>
<tr>
<td title='tests.PM_VirtualExtension_Test.test_editUser_Assign_New_VirtualExtension()'><b>test_editUser_Assign_New_VirtualExtension</b><br>Test class: tests.PM_VirtualExtension_Test<br>Parameters: public void tests.PM_VirtualExtension_Test.test_editUser_Assign_New_VirtualExtension(java.lang.reflect.Method) throws java.lang.Exception</td>
<td></td>
<td>119</td>
<td>tests.PM_VirtualExtension_Test@49993335</td></tr>
<tr>
<td title='tests.PM_AnalogExtension_Test.test_editUser_and_Assign_Existing_AnalogExtension()'><b>test_editUser_and_Assign_Existing_AnalogExtension</b><br>Test class: tests.PM_AnalogExtension_Test<br>Parameters: public void tests.PM_AnalogExtension_Test.test_editUser_and_Assign_Existing_AnalogExtension(java.lang.reflect.Method) throws java.lang.Exception</td>
<td></td>
<td>108</td>
<td>tests.PM_AnalogExtension_Test@5649fd9b</td></tr>
<tr>
<td title='tests.PM_DigitalExtension_Test.test_editUser_and_Assign_Existing_DigitalExtension()'><b>test_editUser_and_Assign_Existing_DigitalExtension</b><br>Test class: tests.PM_DigitalExtension_Test<br>Parameters: public void tests.PM_DigitalExtension_Test.test_editUser_and_Assign_Existing_DigitalExtension(java.lang.reflect.Method) throws java.lang.Exception</td>
<td></td>
<td>111</td>
<td>tests.PM_DigitalExtension_Test@29ca901e</td></tr>
<tr>
<td title='tests.PM_AnalogExtension_Test.test_editUser_and_remove_Existing_AnalogExtension()'><b>test_editUser_and_remove_Existing_AnalogExtension</b><br>Test class: tests.PM_AnalogExtension_Test<br>Parameters: public void tests.PM_AnalogExtension_Test.test_editUser_and_remove_Existing_AnalogExtension(java.lang.reflect.Method) throws java.lang.Exception</td>
<td></td>
<td>171</td>
<td>tests.PM_AnalogExtension_Test@5649fd9b</td></tr>
<tr>
<td title='tests.PM_DigitalExtension_Test.test_editUser_and_remove_Existing_DigitalExtension()'><b>test_editUser_and_remove_Existing_DigitalExtension</b><br>Test class: tests.PM_DigitalExtension_Test<br>Parameters: public void tests.PM_DigitalExtension_Test.test_editUser_and_remove_Existing_DigitalExtension(java.lang.reflect.Method) throws java.lang.Exception</td>
<td></td>
<td>169</td>
<td>tests.PM_DigitalExtension_Test@29ca901e</td></tr>
<tr>
<td title='tests.PM_AnalogExtension_Test.test_editUser_to_create_AnalogExtension()'><b>test_editUser_to_create_AnalogExtension</b><br>Test class: tests.PM_AnalogExtension_Test<br>Parameters: public void tests.PM_AnalogExtension_Test.test_editUser_to_create_AnalogExtension(java.lang.reflect.Method) throws java.lang.Exception</td>
<td></td>
<td>114</td>
<td>tests.PM_AnalogExtension_Test@5649fd9b</td></tr>
<tr>
<td title='tests.PM_DigitalExtension_Test.test_editUser_to_create_DigitalExtension()'><b>test_editUser_to_create_DigitalExtension</b><br>Test class: tests.PM_DigitalExtension_Test<br>Parameters: public void tests.PM_DigitalExtension_Test.test_editUser_to_create_DigitalExtension(java.lang.reflect.Method) throws java.lang.Exception</td>
<td></td>
<td>115</td>
<td>tests.PM_DigitalExtension_Test@29ca901e</td></tr>
<tr>
<td title='tests.PM_PersonalNumber_Tests.test_edit_Analog_extension_assign_PN()'><b>test_edit_Analog_extension_assign_PN</b><br>Test class: tests.PM_PersonalNumber_Tests<br>Parameters: public void tests.PM_PersonalNumber_Tests.test_edit_Analog_extension_assign_PN(java.lang.reflect.Method) throws java.lang.Exception</td>
<td></td>
<td>228</td>
<td>tests.PM_PersonalNumber_Tests@5025a98f</td></tr>
<tr>
<td title='tests.PM_PersonalNumber_Tests.test_edit_Digital_extension_assign_PN()'><b>test_edit_Digital_extension_assign_PN</b><br>Test class: tests.PM_PersonalNumber_Tests<br>Parameters: public void tests.PM_PersonalNumber_Tests.test_edit_Digital_extension_assign_PN(java.lang.reflect.Method) throws java.lang.Exception</td>
<td></td>
<td>228</td>
<td>tests.PM_PersonalNumber_Tests@5025a98f</td></tr>
<tr>
<td title='tests.PM_PersonalNumber_Tests.test_edit_IP_extension_assign_PN()'><b>test_edit_IP_extension_assign_PN</b><br>Test class: tests.PM_PersonalNumber_Tests<br>Parameters: public void tests.PM_PersonalNumber_Tests.test_edit_IP_extension_assign_PN(java.lang.reflect.Method) throws java.lang.Exception</td>
<td></td>
<td>251</td>
<td>tests.PM_PersonalNumber_Tests@5025a98f</td></tr>
<tr>
<td title='tests.PM_PersonalNumber_Tests.test_edit_SIPDECT_Assign_PN()'><b>test_edit_SIPDECT_Assign_PN</b><br>Test class: tests.PM_PersonalNumber_Tests<br>Parameters: public void tests.PM_PersonalNumber_Tests.test_edit_SIPDECT_Assign_PN(java.lang.reflect.Method) throws java.lang.Exception</td>
<td></td>
<td>301</td>
<td>tests.PM_PersonalNumber_Tests@5025a98f</td></tr>
<tr>
<td title='tests.PM_SIPDECT_Tests.test_edit_SIPDECT_ExtensionCSP()'><b>test_edit_SIPDECT_ExtensionCSP</b><br>Test class: tests.PM_SIPDECT_Tests<br>Parameters: public void tests.PM_SIPDECT_Tests.test_edit_SIPDECT_ExtensionCSP(java.lang.reflect.Method) throws java.lang.Exception</td>
<td></td>
<td>84</td>
<td>tests.PM_SIPDECT_Tests@6adede5</td></tr>
<tr>
<td title='tests.PM_PersonalNumber_Tests.test_edit_Virtual_extension_assign_PN()'><b>test_edit_Virtual_extension_assign_PN</b><br>Test class: tests.PM_PersonalNumber_Tests<br>Parameters: public void tests.PM_PersonalNumber_Tests.test_edit_Virtual_extension_assign_PN(java.lang.reflect.Method) throws java.lang.Exception</td>
<td></td>
<td>246</td>
<td>tests.PM_PersonalNumber_Tests@5025a98f</td></tr>
<tr>
<td title='tests.PM_AnalogExtension_Test.test_edit_analog_extension_equipmentPosition()'><b>test_edit_analog_extension_equipmentPosition</b><br>Test class: tests.PM_AnalogExtension_Test<br>Parameters: public void tests.PM_AnalogExtension_Test.test_edit_analog_extension_equipmentPosition(java.lang.reflect.Method) throws java.lang.Exception</td>
<td></td>
<td>46</td>
<td>tests.PM_AnalogExtension_Test@5649fd9b</td></tr>
<tr>
<td title='tests.PM_AnalogExtension_Test.test_edit_analog_extension_toChange_CAT()'><b>test_edit_analog_extension_toChange_CAT</b><br>Test class: tests.PM_AnalogExtension_Test<br>Parameters: public void tests.PM_AnalogExtension_Test.test_edit_analog_extension_toChange_CAT(java.lang.reflect.Method) throws java.lang.Exception</td>
<td></td>
<td>46</td>
<td>tests.PM_AnalogExtension_Test@5649fd9b</td></tr>
<tr>
<td title='tests.PM_AnalogExtension_Test.test_edit_analog_extension_toChange_First_Last_Names()'><b>test_edit_analog_extension_toChange_First_Last_Names</b><br>Test class: tests.PM_AnalogExtension_Test<br>Parameters: public void tests.PM_AnalogExtension_Test.test_edit_analog_extension_toChange_First_Last_Names(java.lang.reflect.Method) throws java.lang.Exception</td>
<td></td>
<td>56</td>
<td>tests.PM_AnalogExtension_Test@5649fd9b</td></tr>
<tr>
<td title='tests.PM_AnalogExtension_Test.test_edit_analog_extension_toDelayed_HotLine()'><b>test_edit_analog_extension_toDelayed_HotLine</b><br>Test class: tests.PM_AnalogExtension_Test<br>Parameters: public void tests.PM_AnalogExtension_Test.test_edit_analog_extension_toDelayed_HotLine(java.lang.reflect.Method) throws java.lang.Exception</td>
<td></td>
<td>125</td>
<td>tests.PM_AnalogExtension_Test@5649fd9b</td></tr>
<tr>
<td title='tests.PM_AnalogExtension_Test.test_edit_analog_extension_toSet_HotLine()'><b>test_edit_analog_extension_toSet_HotLine</b><br>Test class: tests.PM_AnalogExtension_Test<br>Parameters: public void tests.PM_AnalogExtension_Test.test_edit_analog_extension_toSet_HotLine(java.lang.reflect.Method) throws java.lang.Exception</td>
<td></td>
<td>125</td>
<td>tests.PM_AnalogExtension_Test@5649fd9b</td></tr>
<tr>
<td title='tests.PM_DigitalExtension_Test.test_edit_digital_extension_toChange_CAT()'><b>test_edit_digital_extension_toChange_CAT</b><br>Test class: tests.PM_DigitalExtension_Test<br>Parameters: public void tests.PM_DigitalExtension_Test.test_edit_digital_extension_toChange_CAT(java.lang.reflect.Method) throws java.lang.Exception</td>
<td></td>
<td>46</td>
<td>tests.PM_DigitalExtension_Test@29ca901e</td></tr>
<tr>
<td title='tests.PM_DigitalExtension_Test.test_edit_digital_extension_toChange_First_Last_Names()'><b>test_edit_digital_extension_toChange_First_Last_Names</b><br>Test class: tests.PM_DigitalExtension_Test<br>Parameters: public void tests.PM_DigitalExtension_Test.test_edit_digital_extension_toChange_First_Last_Names(java.lang.reflect.Method) throws java.lang.Exception</td>
<td></td>
<td>57</td>
<td>tests.PM_DigitalExtension_Test@29ca901e</td></tr>
<tr>
<td title='tests.PM_DigitalExtension_Test.test_edit_digital_extension_toChange_PhoneModel()'><b>test_edit_digital_extension_toChange_PhoneModel</b><br>Test class: tests.PM_DigitalExtension_Test<br>Parameters: public void tests.PM_DigitalExtension_Test.test_edit_digital_extension_toChange_PhoneModel(java.lang.reflect.Method) throws java.lang.Exception</td>
<td></td>
<td>46</td>
<td>tests.PM_DigitalExtension_Test@29ca901e</td></tr>
<tr>
<td title='tests.PM_DigitalExtension_Test.test_edit_digital_extension_toDelayed_HotLine()'><b>test_edit_digital_extension_toDelayed_HotLine</b><br>Test class: tests.PM_DigitalExtension_Test<br>Parameters: public void tests.PM_DigitalExtension_Test.test_edit_digital_extension_toDelayed_HotLine(java.lang.reflect.Method) throws java.lang.Exception</td>
<td></td>
<td>138</td>
<td>tests.PM_DigitalExtension_Test@29ca901e</td></tr>
<tr>
<td title='tests.PM_DigitalExtension_Test.test_edit_digital_extension_toSet_AgentPosition()'><b>test_edit_digital_extension_toSet_AgentPosition</b><br>Test class: tests.PM_DigitalExtension_Test<br>Parameters: public void tests.PM_DigitalExtension_Test.test_edit_digital_extension_toSet_AgentPosition(java.lang.reflect.Method) throws java.lang.Exception</td>
<td></td>
<td>48</td>
<td>tests.PM_DigitalExtension_Test@29ca901e</td></tr>
<tr>
<td title='tests.PM_DigitalExtension_Test.test_edit_digital_extension_toSet_HotLine()'><b>test_edit_digital_extension_toSet_HotLine</b><br>Test class: tests.PM_DigitalExtension_Test<br>Parameters: public void tests.PM_DigitalExtension_Test.test_edit_digital_extension_toSet_HotLine(java.lang.reflect.Method) throws java.lang.Exception</td>
<td></td>
<td>135</td>
<td>tests.PM_DigitalExtension_Test@29ca901e</td></tr>
<tr>
<td title='tests.PM_User_Test.test_edit_user()'><b>test_edit_user</b><br>Test class: tests.PM_User_Test<br>Parameters: public void tests.PM_User_Test.test_edit_user(java.lang.reflect.Method) throws java.lang.Exception</td>
<td></td>
<td>105</td>
<td>tests.PM_User_Test@3159c4b8</td></tr>
<tr>
<td title='tests.PM_VirtualExtension_Test.test_edit_virtual_extension_CSP()'><b>test_edit_virtual_extension_CSP</b><br>Test class: tests.PM_VirtualExtension_Test<br>Parameters: public void tests.PM_VirtualExtension_Test.test_edit_virtual_extension_CSP(java.lang.reflect.Method) throws java.lang.Exception</td>
<td></td>
<td>62</td>
<td>tests.PM_VirtualExtension_Test@49993335</td></tr>
<tr>
<td title='tests.PM_User_Test.test_search_using_wildCard_questionMark()'><b>test_search_using_wildCard_questionMark</b><br>Test class: tests.PM_User_Test<br>Parameters: public void tests.PM_User_Test.test_search_using_wildCard_questionMark(java.lang.reflect.Method) throws java.lang.Exception</td>
<td></td>
<td>88</td>
<td>tests.PM_User_Test@3159c4b8</td></tr>
<tr>
<td title='tests.PM_User_Test.test_search_using_wildCard_star()'><b>test_search_using_wildCard_star</b><br>Test class: tests.PM_User_Test<br>Parameters: public void tests.PM_User_Test.test_search_using_wildCard_star(java.lang.reflect.Method) throws java.lang.Exception</td>
<td></td>
<td>186</td>
<td>tests.PM_User_Test@3159c4b8</td></tr>
<tr>
<td title='tests.PM_User_Test.test_userSearchUsingViewSymbol()'><b>test_userSearchUsingViewSymbol</b><br>Test class: tests.PM_User_Test<br>Parameters: public void tests.PM_User_Test.test_userSearchUsingViewSymbol(java.lang.reflect.Method) throws java.lang.Exception</td>
<td></td>
<td>81</td>
<td>tests.PM_User_Test@3159c4b8</td></tr>
<tr>
<td title='tests.PM_User_Test.test_user_print()'><b>test_user_print</b><br>Test class: tests.PM_User_Test<br>Parameters: public void tests.PM_User_Test.test_user_print(java.lang.reflect.Method) throws java.lang.Exception</td>
<td></td>
<td>86</td>
<td>tests.PM_User_Test@3159c4b8</td></tr>
<tr>
<td title='tests.PM_User_Test.test_verify_helpText()'><b>test_verify_helpText</b><br>Test class: tests.PM_User_Test<br>Parameters: public void tests.PM_User_Test.test_verify_helpText(java.lang.reflect.Method) throws java.lang.Exception</td>
<td></td>
<td>6</td>
<td>tests.PM_User_Test@3159c4b8</td></tr>
<tr>
<td title='tests.PM_User_Test.test_viewUser_with_viewButton()'><b>test_viewUser_with_viewButton</b><br>Test class: tests.PM_User_Test<br>Parameters: public void tests.PM_User_Test.test_viewUser_with_viewButton(java.lang.reflect.Method) throws java.lang.Exception</td>
<td></td>
<td>98</td>
<td>tests.PM_User_Test@3159c4b8</td></tr>
</table><p>
</body>
</html>